<?xml version="1.0" encoding="UTF-8"?>
<testsuite name="com.uca.Tests" tests="1" skipped="0" failures="0" errors="0" timestamp="2020-10-17T18:48:49" hostname="AhmedBackup" time="0.563">
  <properties/>
  <testcase name="testConverter()" classname="com.uca.Tests" time="0.563"/>
  <system-out><![CDATA[Iter : 1 --> ToRoman : I --> ToNumber : 1
Iter : 2 --> ToRoman : II --> ToNumber : 2
Iter : 3 --> ToRoman : III --> ToNumber : 3
Iter : 4 --> ToRoman : IV --> ToNumber : 4
Iter : 5 --> ToRoman : V --> ToNumber : 5
Iter : 6 --> ToRoman : VI --> ToNumber : 6
Iter : 7 --> ToRoman : VII --> ToNumber : 7
Iter : 8 --> ToRoman : VIII --> ToNumber : 8
Iter : 9 --> ToRoman : IX --> ToNumber : 9
Iter : 10 --> ToRoman : X --> ToNumber : 10
Iter : 11 --> ToRoman : XI --> ToNumber : 11
Iter : 12 --> ToRoman : XII --> ToNumber : 12
Iter : 13 --> ToRoman : XIII --> ToNumber : 13
Iter : 14 --> ToRoman : XIV --> ToNumber : 14
Iter : 15 --> ToRoman : XV --> ToNumber : 15
Iter : 16 --> ToRoman : XVI --> ToNumber : 16
Iter : 17 --> ToRoman : XVII --> ToNumber : 17
Iter : 18 --> ToRoman : XVIII --> ToNumber : 18
Iter : 19 --> ToRoman : XIX --> ToNumber : 19
Iter : 20 --> ToRoman : XX --> ToNumber : 20
Iter : 21 --> ToRoman : XXI --> ToNumber : 21
Iter : 22 --> ToRoman : XXII --> ToNumber : 22
Iter : 23 --> ToRoman : XXIII --> ToNumber : 23
Iter : 24 --> ToRoman : XXIV --> ToNumber : 24
Iter : 25 --> ToRoman : XXV --> ToNumber : 25
Iter : 26 --> ToRoman : XXVI --> ToNumber : 26
Iter : 27 --> ToRoman : XXVII --> ToNumber : 27
Iter : 28 --> ToRoman : XXVIII --> ToNumber : 28
Iter : 29 --> ToRoman : XXIX --> ToNumber : 29
Iter : 30 --> ToRoman : XXX --> ToNumber : 30
Iter : 31 --> ToRoman : XXXI --> ToNumber : 31
Iter : 32 --> ToRoman : XXXII --> ToNumber : 32
Iter : 33 --> ToRoman : XXXIII --> ToNumber : 33
Iter : 34 --> ToRoman : XXXIV --> ToNumber : 34
Iter : 35 --> ToRoman : XXXV --> ToNumber : 35
Iter : 36 --> ToRoman : XXXVI --> ToNumber : 36
Iter : 37 --> ToRoman : XXXVII --> ToNumber : 37
Iter : 38 --> ToRoman : XXXVIII --> ToNumber : 38
Iter : 39 --> ToRoman : XXXIX --> ToNumber : 39
Iter : 40 --> ToRoman : XL --> ToNumber : 40
Iter : 41 --> ToRoman : XLI --> ToNumber : 41
Iter : 42 --> ToRoman : XLII --> ToNumber : 42
Iter : 43 --> ToRoman : XLIII --> ToNumber : 43
Iter : 44 --> ToRoman : XLIV --> ToNumber : 44
Iter : 45 --> ToRoman : XLV --> ToNumber : 45
Iter : 46 --> ToRoman : XLVI --> ToNumber : 46
Iter : 47 --> ToRoman : XLVII --> ToNumber : 47
Iter : 48 --> ToRoman : XLVIII --> ToNumber : 48
Iter : 49 --> ToRoman : XLIX --> ToNumber : 49
Iter : 50 --> ToRoman : L --> ToNumber : 50
Iter : 51 --> ToRoman : LI --> ToNumber : 51
Iter : 52 --> ToRoman : LII --> ToNumber : 52
Iter : 53 --> ToRoman : LIII --> ToNumber : 53
Iter : 54 --> ToRoman : LIV --> ToNumber : 54
Iter : 55 --> ToRoman : LV --> ToNumber : 55
Iter : 56 --> ToRoman : LVI --> ToNumber : 56
Iter : 57 --> ToRoman : LVII --> ToNumber : 57
Iter : 58 --> ToRoman : LVIII --> ToNumber : 58
Iter : 59 --> ToRoman : LIX --> ToNumber : 59
Iter : 60 --> ToRoman : LX --> ToNumber : 60
Iter : 61 --> ToRoman : LXI --> ToNumber : 61
Iter : 62 --> ToRoman : LXII --> ToNumber : 62
Iter : 63 --> ToRoman : LXIII --> ToNumber : 63
Iter : 64 --> ToRoman : LXIV --> ToNumber : 64
Iter : 65 --> ToRoman : LXV --> ToNumber : 65
Iter : 66 --> ToRoman : LXVI --> ToNumber : 66
Iter : 67 --> ToRoman : LXVII --> ToNumber : 67
Iter : 68 --> ToRoman : LXVIII --> ToNumber : 68
Iter : 69 --> ToRoman : LXIX --> ToNumber : 69
Iter : 70 --> ToRoman : LXX --> ToNumber : 70
Iter : 71 --> ToRoman : LXXI --> ToNumber : 71
Iter : 72 --> ToRoman : LXXII --> ToNumber : 72
Iter : 73 --> ToRoman : LXXIII --> ToNumber : 73
Iter : 74 --> ToRoman : LXXIV --> ToNumber : 74
Iter : 75 --> ToRoman : LXXV --> ToNumber : 75
Iter : 76 --> ToRoman : LXXVI --> ToNumber : 76
Iter : 77 --> ToRoman : LXXVII --> ToNumber : 77
Iter : 78 --> ToRoman : LXXVIII --> ToNumber : 78
Iter : 79 --> ToRoman : LXXIX --> ToNumber : 79
Iter : 80 --> ToRoman : LXXX --> ToNumber : 80
Iter : 81 --> ToRoman : LXXXI --> ToNumber : 81
Iter : 82 --> ToRoman : LXXXII --> ToNumber : 82
Iter : 83 --> ToRoman : LXXXIII --> ToNumber : 83
Iter : 84 --> ToRoman : LXXXIV --> ToNumber : 84
Iter : 85 --> ToRoman : LXXXV --> ToNumber : 85
Iter : 86 --> ToRoman : LXXXVI --> ToNumber : 86
Iter : 87 --> ToRoman : LXXXVII --> ToNumber : 87
Iter : 88 --> ToRoman : LXXXVIII --> ToNumber : 88
Iter : 89 --> ToRoman : LXXXIX --> ToNumber : 89
Iter : 90 --> ToRoman : XC --> ToNumber : 90
Iter : 91 --> ToRoman : XCI --> ToNumber : 91
Iter : 92 --> ToRoman : XCII --> ToNumber : 92
Iter : 93 --> ToRoman : XCIII --> ToNumber : 93
Iter : 94 --> ToRoman : XCIV --> ToNumber : 94
Iter : 95 --> ToRoman : XCV --> ToNumber : 95
Iter : 96 --> ToRoman : XCVI --> ToNumber : 96
Iter : 97 --> ToRoman : XCVII --> ToNumber : 97
Iter : 98 --> ToRoman : XCVIII --> ToNumber : 98
Iter : 99 --> ToRoman : XCIX --> ToNumber : 99
Iter : 100 --> ToRoman : C --> ToNumber : 100
Iter : 101 --> ToRoman : CI --> ToNumber : 101
Iter : 102 --> ToRoman : CII --> ToNumber : 102
Iter : 103 --> ToRoman : CIII --> ToNumber : 103
Iter : 104 --> ToRoman : CIV --> ToNumber : 104
Iter : 105 --> ToRoman : CV --> ToNumber : 105
Iter : 106 --> ToRoman : CVI --> ToNumber : 106
Iter : 107 --> ToRoman : CVII --> ToNumber : 107
Iter : 108 --> ToRoman : CVIII --> ToNumber : 108
Iter : 109 --> ToRoman : CIX --> ToNumber : 109
Iter : 110 --> ToRoman : CX --> ToNumber : 110
Iter : 111 --> ToRoman : CXI --> ToNumber : 111
Iter : 112 --> ToRoman : CXII --> ToNumber : 112
Iter : 113 --> ToRoman : CXIII --> ToNumber : 113
Iter : 114 --> ToRoman : CXIV --> ToNumber : 114
Iter : 115 --> ToRoman : CXV --> ToNumber : 115
Iter : 116 --> ToRoman : CXVI --> ToNumber : 116
Iter : 117 --> ToRoman : CXVII --> ToNumber : 117
Iter : 118 --> ToRoman : CXVIII --> ToNumber : 118
Iter : 119 --> ToRoman : CXIX --> ToNumber : 119
Iter : 120 --> ToRoman : CXX --> ToNumber : 120
Iter : 121 --> ToRoman : CXXI --> ToNumber : 121
Iter : 122 --> ToRoman : CXXII --> ToNumber : 122
Iter : 123 --> ToRoman : CXXIII --> ToNumber : 123
Iter : 124 --> ToRoman : CXXIV --> ToNumber : 124
Iter : 125 --> ToRoman : CXXV --> ToNumber : 125
Iter : 126 --> ToRoman : CXXVI --> ToNumber : 126
Iter : 127 --> ToRoman : CXXVII --> ToNumber : 127
Iter : 128 --> ToRoman : CXXVIII --> ToNumber : 128
Iter : 129 --> ToRoman : CXXIX --> ToNumber : 129
Iter : 130 --> ToRoman : CXXX --> ToNumber : 130
Iter : 131 --> ToRoman : CXXXI --> ToNumber : 131
Iter : 132 --> ToRoman : CXXXII --> ToNumber : 132
Iter : 133 --> ToRoman : CXXXIII --> ToNumber : 133
Iter : 134 --> ToRoman : CXXXIV --> ToNumber : 134
Iter : 135 --> ToRoman : CXXXV --> ToNumber : 135
Iter : 136 --> ToRoman : CXXXVI --> ToNumber : 136
Iter : 137 --> ToRoman : CXXXVII --> ToNumber : 137
Iter : 138 --> ToRoman : CXXXVIII --> ToNumber : 138
Iter : 139 --> ToRoman : CXXXIX --> ToNumber : 139
Iter : 140 --> ToRoman : CXL --> ToNumber : 140
Iter : 141 --> ToRoman : CXLI --> ToNumber : 141
Iter : 142 --> ToRoman : CXLII --> ToNumber : 142
Iter : 143 --> ToRoman : CXLIII --> ToNumber : 143
Iter : 144 --> ToRoman : CXLIV --> ToNumber : 144
Iter : 145 --> ToRoman : CXLV --> ToNumber : 145
Iter : 146 --> ToRoman : CXLVI --> ToNumber : 146
Iter : 147 --> ToRoman : CXLVII --> ToNumber : 147
Iter : 148 --> ToRoman : CXLVIII --> ToNumber : 148
Iter : 149 --> ToRoman : CXLIX --> ToNumber : 149
Iter : 150 --> ToRoman : CL --> ToNumber : 150
Iter : 151 --> ToRoman : CLI --> ToNumber : 151
Iter : 152 --> ToRoman : CLII --> ToNumber : 152
Iter : 153 --> ToRoman : CLIII --> ToNumber : 153
Iter : 154 --> ToRoman : CLIV --> ToNumber : 154
Iter : 155 --> ToRoman : CLV --> ToNumber : 155
Iter : 156 --> ToRoman : CLVI --> ToNumber : 156
Iter : 157 --> ToRoman : CLVII --> ToNumber : 157
Iter : 158 --> ToRoman : CLVIII --> ToNumber : 158
Iter : 159 --> ToRoman : CLIX --> ToNumber : 159
Iter : 160 --> ToRoman : CLX --> ToNumber : 160
Iter : 161 --> ToRoman : CLXI --> ToNumber : 161
Iter : 162 --> ToRoman : CLXII --> ToNumber : 162
Iter : 163 --> ToRoman : CLXIII --> ToNumber : 163
Iter : 164 --> ToRoman : CLXIV --> ToNumber : 164
Iter : 165 --> ToRoman : CLXV --> ToNumber : 165
Iter : 166 --> ToRoman : CLXVI --> ToNumber : 166
Iter : 167 --> ToRoman : CLXVII --> ToNumber : 167
Iter : 168 --> ToRoman : CLXVIII --> ToNumber : 168
Iter : 169 --> ToRoman : CLXIX --> ToNumber : 169
Iter : 170 --> ToRoman : CLXX --> ToNumber : 170
Iter : 171 --> ToRoman : CLXXI --> ToNumber : 171
Iter : 172 --> ToRoman : CLXXII --> ToNumber : 172
Iter : 173 --> ToRoman : CLXXIII --> ToNumber : 173
Iter : 174 --> ToRoman : CLXXIV --> ToNumber : 174
Iter : 175 --> ToRoman : CLXXV --> ToNumber : 175
Iter : 176 --> ToRoman : CLXXVI --> ToNumber : 176
Iter : 177 --> ToRoman : CLXXVII --> ToNumber : 177
Iter : 178 --> ToRoman : CLXXVIII --> ToNumber : 178
Iter : 179 --> ToRoman : CLXXIX --> ToNumber : 179
Iter : 180 --> ToRoman : CLXXX --> ToNumber : 180
Iter : 181 --> ToRoman : CLXXXI --> ToNumber : 181
Iter : 182 --> ToRoman : CLXXXII --> ToNumber : 182
Iter : 183 --> ToRoman : CLXXXIII --> ToNumber : 183
Iter : 184 --> ToRoman : CLXXXIV --> ToNumber : 184
Iter : 185 --> ToRoman : CLXXXV --> ToNumber : 185
Iter : 186 --> ToRoman : CLXXXVI --> ToNumber : 186
Iter : 187 --> ToRoman : CLXXXVII --> ToNumber : 187
Iter : 188 --> ToRoman : CLXXXVIII --> ToNumber : 188
Iter : 189 --> ToRoman : CLXXXIX --> ToNumber : 189
Iter : 190 --> ToRoman : CXC --> ToNumber : 190
Iter : 191 --> ToRoman : CXCI --> ToNumber : 191
Iter : 192 --> ToRoman : CXCII --> ToNumber : 192
Iter : 193 --> ToRoman : CXCIII --> ToNumber : 193
Iter : 194 --> ToRoman : CXCIV --> ToNumber : 194
Iter : 195 --> ToRoman : CXCV --> ToNumber : 195
Iter : 196 --> ToRoman : CXCVI --> ToNumber : 196
Iter : 197 --> ToRoman : CXCVII --> ToNumber : 197
Iter : 198 --> ToRoman : CXCVIII --> ToNumber : 198
Iter : 199 --> ToRoman : CXCIX --> ToNumber : 199
Iter : 200 --> ToRoman : CC --> ToNumber : 200
Iter : 201 --> ToRoman : CCI --> ToNumber : 201
Iter : 202 --> ToRoman : CCII --> ToNumber : 202
Iter : 203 --> ToRoman : CCIII --> ToNumber : 203
Iter : 204 --> ToRoman : CCIV --> ToNumber : 204
Iter : 205 --> ToRoman : CCV --> ToNumber : 205
Iter : 206 --> ToRoman : CCVI --> ToNumber : 206
Iter : 207 --> ToRoman : CCVII --> ToNumber : 207
Iter : 208 --> ToRoman : CCVIII --> ToNumber : 208
Iter : 209 --> ToRoman : CCIX --> ToNumber : 209
Iter : 210 --> ToRoman : CCX --> ToNumber : 210
Iter : 211 --> ToRoman : CCXI --> ToNumber : 211
Iter : 212 --> ToRoman : CCXII --> ToNumber : 212
Iter : 213 --> ToRoman : CCXIII --> ToNumber : 213
Iter : 214 --> ToRoman : CCXIV --> ToNumber : 214
Iter : 215 --> ToRoman : CCXV --> ToNumber : 215
Iter : 216 --> ToRoman : CCXVI --> ToNumber : 216
Iter : 217 --> ToRoman : CCXVII --> ToNumber : 217
Iter : 218 --> ToRoman : CCXVIII --> ToNumber : 218
Iter : 219 --> ToRoman : CCXIX --> ToNumber : 219
Iter : 220 --> ToRoman : CCXX --> ToNumber : 220
Iter : 221 --> ToRoman : CCXXI --> ToNumber : 221
Iter : 222 --> ToRoman : CCXXII --> ToNumber : 222
Iter : 223 --> ToRoman : CCXXIII --> ToNumber : 223
Iter : 224 --> ToRoman : CCXXIV --> ToNumber : 224
Iter : 225 --> ToRoman : CCXXV --> ToNumber : 225
Iter : 226 --> ToRoman : CCXXVI --> ToNumber : 226
Iter : 227 --> ToRoman : CCXXVII --> ToNumber : 227
Iter : 228 --> ToRoman : CCXXVIII --> ToNumber : 228
Iter : 229 --> ToRoman : CCXXIX --> ToNumber : 229
Iter : 230 --> ToRoman : CCXXX --> ToNumber : 230
Iter : 231 --> ToRoman : CCXXXI --> ToNumber : 231
Iter : 232 --> ToRoman : CCXXXII --> ToNumber : 232
Iter : 233 --> ToRoman : CCXXXIII --> ToNumber : 233
Iter : 234 --> ToRoman : CCXXXIV --> ToNumber : 234
Iter : 235 --> ToRoman : CCXXXV --> ToNumber : 235
Iter : 236 --> ToRoman : CCXXXVI --> ToNumber : 236
Iter : 237 --> ToRoman : CCXXXVII --> ToNumber : 237
Iter : 238 --> ToRoman : CCXXXVIII --> ToNumber : 238
Iter : 239 --> ToRoman : CCXXXIX --> ToNumber : 239
Iter : 240 --> ToRoman : CCXL --> ToNumber : 240
Iter : 241 --> ToRoman : CCXLI --> ToNumber : 241
Iter : 242 --> ToRoman : CCXLII --> ToNumber : 242
Iter : 243 --> ToRoman : CCXLIII --> ToNumber : 243
Iter : 244 --> ToRoman : CCXLIV --> ToNumber : 244
Iter : 245 --> ToRoman : CCXLV --> ToNumber : 245
Iter : 246 --> ToRoman : CCXLVI --> ToNumber : 246
Iter : 247 --> ToRoman : CCXLVII --> ToNumber : 247
Iter : 248 --> ToRoman : CCXLVIII --> ToNumber : 248
Iter : 249 --> ToRoman : CCXLIX --> ToNumber : 249
Iter : 250 --> ToRoman : CCL --> ToNumber : 250
Iter : 251 --> ToRoman : CCLI --> ToNumber : 251
Iter : 252 --> ToRoman : CCLII --> ToNumber : 252
Iter : 253 --> ToRoman : CCLIII --> ToNumber : 253
Iter : 254 --> ToRoman : CCLIV --> ToNumber : 254
Iter : 255 --> ToRoman : CCLV --> ToNumber : 255
Iter : 256 --> ToRoman : CCLVI --> ToNumber : 256
Iter : 257 --> ToRoman : CCLVII --> ToNumber : 257
Iter : 258 --> ToRoman : CCLVIII --> ToNumber : 258
Iter : 259 --> ToRoman : CCLIX --> ToNumber : 259
Iter : 260 --> ToRoman : CCLX --> ToNumber : 260
Iter : 261 --> ToRoman : CCLXI --> ToNumber : 261
Iter : 262 --> ToRoman : CCLXII --> ToNumber : 262
Iter : 263 --> ToRoman : CCLXIII --> ToNumber : 263
Iter : 264 --> ToRoman : CCLXIV --> ToNumber : 264
Iter : 265 --> ToRoman : CCLXV --> ToNumber : 265
Iter : 266 --> ToRoman : CCLXVI --> ToNumber : 266
Iter : 267 --> ToRoman : CCLXVII --> ToNumber : 267
Iter : 268 --> ToRoman : CCLXVIII --> ToNumber : 268
Iter : 269 --> ToRoman : CCLXIX --> ToNumber : 269
Iter : 270 --> ToRoman : CCLXX --> ToNumber : 270
Iter : 271 --> ToRoman : CCLXXI --> ToNumber : 271
Iter : 272 --> ToRoman : CCLXXII --> ToNumber : 272
Iter : 273 --> ToRoman : CCLXXIII --> ToNumber : 273
Iter : 274 --> ToRoman : CCLXXIV --> ToNumber : 274
Iter : 275 --> ToRoman : CCLXXV --> ToNumber : 275
Iter : 276 --> ToRoman : CCLXXVI --> ToNumber : 276
Iter : 277 --> ToRoman : CCLXXVII --> ToNumber : 277
Iter : 278 --> ToRoman : CCLXXVIII --> ToNumber : 278
Iter : 279 --> ToRoman : CCLXXIX --> ToNumber : 279
Iter : 280 --> ToRoman : CCLXXX --> ToNumber : 280
Iter : 281 --> ToRoman : CCLXXXI --> ToNumber : 281
Iter : 282 --> ToRoman : CCLXXXII --> ToNumber : 282
Iter : 283 --> ToRoman : CCLXXXIII --> ToNumber : 283
Iter : 284 --> ToRoman : CCLXXXIV --> ToNumber : 284
Iter : 285 --> ToRoman : CCLXXXV --> ToNumber : 285
Iter : 286 --> ToRoman : CCLXXXVI --> ToNumber : 286
Iter : 287 --> ToRoman : CCLXXXVII --> ToNumber : 287
Iter : 288 --> ToRoman : CCLXXXVIII --> ToNumber : 288
Iter : 289 --> ToRoman : CCLXXXIX --> ToNumber : 289
Iter : 290 --> ToRoman : CCXC --> ToNumber : 290
Iter : 291 --> ToRoman : CCXCI --> ToNumber : 291
Iter : 292 --> ToRoman : CCXCII --> ToNumber : 292
Iter : 293 --> ToRoman : CCXCIII --> ToNumber : 293
Iter : 294 --> ToRoman : CCXCIV --> ToNumber : 294
Iter : 295 --> ToRoman : CCXCV --> ToNumber : 295
Iter : 296 --> ToRoman : CCXCVI --> ToNumber : 296
Iter : 297 --> ToRoman : CCXCVII --> ToNumber : 297
Iter : 298 --> ToRoman : CCXCVIII --> ToNumber : 298
Iter : 299 --> ToRoman : CCXCIX --> ToNumber : 299
Iter : 300 --> ToRoman : CCC --> ToNumber : 300
Iter : 301 --> ToRoman : CCCI --> ToNumber : 301
Iter : 302 --> ToRoman : CCCII --> ToNumber : 302
Iter : 303 --> ToRoman : CCCIII --> ToNumber : 303
Iter : 304 --> ToRoman : CCCIV --> ToNumber : 304
Iter : 305 --> ToRoman : CCCV --> ToNumber : 305
Iter : 306 --> ToRoman : CCCVI --> ToNumber : 306
Iter : 307 --> ToRoman : CCCVII --> ToNumber : 307
Iter : 308 --> ToRoman : CCCVIII --> ToNumber : 308
Iter : 309 --> ToRoman : CCCIX --> ToNumber : 309
Iter : 310 --> ToRoman : CCCX --> ToNumber : 310
Iter : 311 --> ToRoman : CCCXI --> ToNumber : 311
Iter : 312 --> ToRoman : CCCXII --> ToNumber : 312
Iter : 313 --> ToRoman : CCCXIII --> ToNumber : 313
Iter : 314 --> ToRoman : CCCXIV --> ToNumber : 314
Iter : 315 --> ToRoman : CCCXV --> ToNumber : 315
Iter : 316 --> ToRoman : CCCXVI --> ToNumber : 316
Iter : 317 --> ToRoman : CCCXVII --> ToNumber : 317
Iter : 318 --> ToRoman : CCCXVIII --> ToNumber : 318
Iter : 319 --> ToRoman : CCCXIX --> ToNumber : 319
Iter : 320 --> ToRoman : CCCXX --> ToNumber : 320
Iter : 321 --> ToRoman : CCCXXI --> ToNumber : 321
Iter : 322 --> ToRoman : CCCXXII --> ToNumber : 322
Iter : 323 --> ToRoman : CCCXXIII --> ToNumber : 323
Iter : 324 --> ToRoman : CCCXXIV --> ToNumber : 324
Iter : 325 --> ToRoman : CCCXXV --> ToNumber : 325
Iter : 326 --> ToRoman : CCCXXVI --> ToNumber : 326
Iter : 327 --> ToRoman : CCCXXVII --> ToNumber : 327
Iter : 328 --> ToRoman : CCCXXVIII --> ToNumber : 328
Iter : 329 --> ToRoman : CCCXXIX --> ToNumber : 329
Iter : 330 --> ToRoman : CCCXXX --> ToNumber : 330
Iter : 331 --> ToRoman : CCCXXXI --> ToNumber : 331
Iter : 332 --> ToRoman : CCCXXXII --> ToNumber : 332
Iter : 333 --> ToRoman : CCCXXXIII --> ToNumber : 333
Iter : 334 --> ToRoman : CCCXXXIV --> ToNumber : 334
Iter : 335 --> ToRoman : CCCXXXV --> ToNumber : 335
Iter : 336 --> ToRoman : CCCXXXVI --> ToNumber : 336
Iter : 337 --> ToRoman : CCCXXXVII --> ToNumber : 337
Iter : 338 --> ToRoman : CCCXXXVIII --> ToNumber : 338
Iter : 339 --> ToRoman : CCCXXXIX --> ToNumber : 339
Iter : 340 --> ToRoman : CCCXL --> ToNumber : 340
Iter : 341 --> ToRoman : CCCXLI --> ToNumber : 341
Iter : 342 --> ToRoman : CCCXLII --> ToNumber : 342
Iter : 343 --> ToRoman : CCCXLIII --> ToNumber : 343
Iter : 344 --> ToRoman : CCCXLIV --> ToNumber : 344
Iter : 345 --> ToRoman : CCCXLV --> ToNumber : 345
Iter : 346 --> ToRoman : CCCXLVI --> ToNumber : 346
Iter : 347 --> ToRoman : CCCXLVII --> ToNumber : 347
Iter : 348 --> ToRoman : CCCXLVIII --> ToNumber : 348
Iter : 349 --> ToRoman : CCCXLIX --> ToNumber : 349
Iter : 350 --> ToRoman : CCCL --> ToNumber : 350
Iter : 351 --> ToRoman : CCCLI --> ToNumber : 351
Iter : 352 --> ToRoman : CCCLII --> ToNumber : 352
Iter : 353 --> ToRoman : CCCLIII --> ToNumber : 353
Iter : 354 --> ToRoman : CCCLIV --> ToNumber : 354
Iter : 355 --> ToRoman : CCCLV --> ToNumber : 355
Iter : 356 --> ToRoman : CCCLVI --> ToNumber : 356
Iter : 357 --> ToRoman : CCCLVII --> ToNumber : 357
Iter : 358 --> ToRoman : CCCLVIII --> ToNumber : 358
Iter : 359 --> ToRoman : CCCLIX --> ToNumber : 359
Iter : 360 --> ToRoman : CCCLX --> ToNumber : 360
Iter : 361 --> ToRoman : CCCLXI --> ToNumber : 361
Iter : 362 --> ToRoman : CCCLXII --> ToNumber : 362
Iter : 363 --> ToRoman : CCCLXIII --> ToNumber : 363
Iter : 364 --> ToRoman : CCCLXIV --> ToNumber : 364
Iter : 365 --> ToRoman : CCCLXV --> ToNumber : 365
Iter : 366 --> ToRoman : CCCLXVI --> ToNumber : 366
Iter : 367 --> ToRoman : CCCLXVII --> ToNumber : 367
Iter : 368 --> ToRoman : CCCLXVIII --> ToNumber : 368
Iter : 369 --> ToRoman : CCCLXIX --> ToNumber : 369
Iter : 370 --> ToRoman : CCCLXX --> ToNumber : 370
Iter : 371 --> ToRoman : CCCLXXI --> ToNumber : 371
Iter : 372 --> ToRoman : CCCLXXII --> ToNumber : 372
Iter : 373 --> ToRoman : CCCLXXIII --> ToNumber : 373
Iter : 374 --> ToRoman : CCCLXXIV --> ToNumber : 374
Iter : 375 --> ToRoman : CCCLXXV --> ToNumber : 375
Iter : 376 --> ToRoman : CCCLXXVI --> ToNumber : 376
Iter : 377 --> ToRoman : CCCLXXVII --> ToNumber : 377
Iter : 378 --> ToRoman : CCCLXXVIII --> ToNumber : 378
Iter : 379 --> ToRoman : CCCLXXIX --> ToNumber : 379
Iter : 380 --> ToRoman : CCCLXXX --> ToNumber : 380
Iter : 381 --> ToRoman : CCCLXXXI --> ToNumber : 381
Iter : 382 --> ToRoman : CCCLXXXII --> ToNumber : 382
Iter : 383 --> ToRoman : CCCLXXXIII --> ToNumber : 383
Iter : 384 --> ToRoman : CCCLXXXIV --> ToNumber : 384
Iter : 385 --> ToRoman : CCCLXXXV --> ToNumber : 385
Iter : 386 --> ToRoman : CCCLXXXVI --> ToNumber : 386
Iter : 387 --> ToRoman : CCCLXXXVII --> ToNumber : 387
Iter : 388 --> ToRoman : CCCLXXXVIII --> ToNumber : 388
Iter : 389 --> ToRoman : CCCLXXXIX --> ToNumber : 389
Iter : 390 --> ToRoman : CCCXC --> ToNumber : 390
Iter : 391 --> ToRoman : CCCXCI --> ToNumber : 391
Iter : 392 --> ToRoman : CCCXCII --> ToNumber : 392
Iter : 393 --> ToRoman : CCCXCIII --> ToNumber : 393
Iter : 394 --> ToRoman : CCCXCIV --> ToNumber : 394
Iter : 395 --> ToRoman : CCCXCV --> ToNumber : 395
Iter : 396 --> ToRoman : CCCXCVI --> ToNumber : 396
Iter : 397 --> ToRoman : CCCXCVII --> ToNumber : 397
Iter : 398 --> ToRoman : CCCXCVIII --> ToNumber : 398
Iter : 399 --> ToRoman : CCCXCIX --> ToNumber : 399
Iter : 400 --> ToRoman : CD --> ToNumber : 400
Iter : 401 --> ToRoman : CDI --> ToNumber : 401
Iter : 402 --> ToRoman : CDII --> ToNumber : 402
Iter : 403 --> ToRoman : CDIII --> ToNumber : 403
Iter : 404 --> ToRoman : CDIV --> ToNumber : 404
Iter : 405 --> ToRoman : CDV --> ToNumber : 405
Iter : 406 --> ToRoman : CDVI --> ToNumber : 406
Iter : 407 --> ToRoman : CDVII --> ToNumber : 407
Iter : 408 --> ToRoman : CDVIII --> ToNumber : 408
Iter : 409 --> ToRoman : CDIX --> ToNumber : 409
Iter : 410 --> ToRoman : CDX --> ToNumber : 410
Iter : 411 --> ToRoman : CDXI --> ToNumber : 411
Iter : 412 --> ToRoman : CDXII --> ToNumber : 412
Iter : 413 --> ToRoman : CDXIII --> ToNumber : 413
Iter : 414 --> ToRoman : CDXIV --> ToNumber : 414
Iter : 415 --> ToRoman : CDXV --> ToNumber : 415
Iter : 416 --> ToRoman : CDXVI --> ToNumber : 416
Iter : 417 --> ToRoman : CDXVII --> ToNumber : 417
Iter : 418 --> ToRoman : CDXVIII --> ToNumber : 418
Iter : 419 --> ToRoman : CDXIX --> ToNumber : 419
Iter : 420 --> ToRoman : CDXX --> ToNumber : 420
Iter : 421 --> ToRoman : CDXXI --> ToNumber : 421
Iter : 422 --> ToRoman : CDXXII --> ToNumber : 422
Iter : 423 --> ToRoman : CDXXIII --> ToNumber : 423
Iter : 424 --> ToRoman : CDXXIV --> ToNumber : 424
Iter : 425 --> ToRoman : CDXXV --> ToNumber : 425
Iter : 426 --> ToRoman : CDXXVI --> ToNumber : 426
Iter : 427 --> ToRoman : CDXXVII --> ToNumber : 427
Iter : 428 --> ToRoman : CDXXVIII --> ToNumber : 428
Iter : 429 --> ToRoman : CDXXIX --> ToNumber : 429
Iter : 430 --> ToRoman : CDXXX --> ToNumber : 430
Iter : 431 --> ToRoman : CDXXXI --> ToNumber : 431
Iter : 432 --> ToRoman : CDXXXII --> ToNumber : 432
Iter : 433 --> ToRoman : CDXXXIII --> ToNumber : 433
Iter : 434 --> ToRoman : CDXXXIV --> ToNumber : 434
Iter : 435 --> ToRoman : CDXXXV --> ToNumber : 435
Iter : 436 --> ToRoman : CDXXXVI --> ToNumber : 436
Iter : 437 --> ToRoman : CDXXXVII --> ToNumber : 437
Iter : 438 --> ToRoman : CDXXXVIII --> ToNumber : 438
Iter : 439 --> ToRoman : CDXXXIX --> ToNumber : 439
Iter : 440 --> ToRoman : CDXL --> ToNumber : 440
Iter : 441 --> ToRoman : CDXLI --> ToNumber : 441
Iter : 442 --> ToRoman : CDXLII --> ToNumber : 442
Iter : 443 --> ToRoman : CDXLIII --> ToNumber : 443
Iter : 444 --> ToRoman : CDXLIV --> ToNumber : 444
Iter : 445 --> ToRoman : CDXLV --> ToNumber : 445
Iter : 446 --> ToRoman : CDXLVI --> ToNumber : 446
Iter : 447 --> ToRoman : CDXLVII --> ToNumber : 447
Iter : 448 --> ToRoman : CDXLVIII --> ToNumber : 448
Iter : 449 --> ToRoman : CDXLIX --> ToNumber : 449
Iter : 450 --> ToRoman : CDL --> ToNumber : 450
Iter : 451 --> ToRoman : CDLI --> ToNumber : 451
Iter : 452 --> ToRoman : CDLII --> ToNumber : 452
Iter : 453 --> ToRoman : CDLIII --> ToNumber : 453
Iter : 454 --> ToRoman : CDLIV --> ToNumber : 454
Iter : 455 --> ToRoman : CDLV --> ToNumber : 455
Iter : 456 --> ToRoman : CDLVI --> ToNumber : 456
Iter : 457 --> ToRoman : CDLVII --> ToNumber : 457
Iter : 458 --> ToRoman : CDLVIII --> ToNumber : 458
Iter : 459 --> ToRoman : CDLIX --> ToNumber : 459
Iter : 460 --> ToRoman : CDLX --> ToNumber : 460
Iter : 461 --> ToRoman : CDLXI --> ToNumber : 461
Iter : 462 --> ToRoman : CDLXII --> ToNumber : 462
Iter : 463 --> ToRoman : CDLXIII --> ToNumber : 463
Iter : 464 --> ToRoman : CDLXIV --> ToNumber : 464
Iter : 465 --> ToRoman : CDLXV --> ToNumber : 465
Iter : 466 --> ToRoman : CDLXVI --> ToNumber : 466
Iter : 467 --> ToRoman : CDLXVII --> ToNumber : 467
Iter : 468 --> ToRoman : CDLXVIII --> ToNumber : 468
Iter : 469 --> ToRoman : CDLXIX --> ToNumber : 469
Iter : 470 --> ToRoman : CDLXX --> ToNumber : 470
Iter : 471 --> ToRoman : CDLXXI --> ToNumber : 471
Iter : 472 --> ToRoman : CDLXXII --> ToNumber : 472
Iter : 473 --> ToRoman : CDLXXIII --> ToNumber : 473
Iter : 474 --> ToRoman : CDLXXIV --> ToNumber : 474
Iter : 475 --> ToRoman : CDLXXV --> ToNumber : 475
Iter : 476 --> ToRoman : CDLXXVI --> ToNumber : 476
Iter : 477 --> ToRoman : CDLXXVII --> ToNumber : 477
Iter : 478 --> ToRoman : CDLXXVIII --> ToNumber : 478
Iter : 479 --> ToRoman : CDLXXIX --> ToNumber : 479
Iter : 480 --> ToRoman : CDLXXX --> ToNumber : 480
Iter : 481 --> ToRoman : CDLXXXI --> ToNumber : 481
Iter : 482 --> ToRoman : CDLXXXII --> ToNumber : 482
Iter : 483 --> ToRoman : CDLXXXIII --> ToNumber : 483
Iter : 484 --> ToRoman : CDLXXXIV --> ToNumber : 484
Iter : 485 --> ToRoman : CDLXXXV --> ToNumber : 485
Iter : 486 --> ToRoman : CDLXXXVI --> ToNumber : 486
Iter : 487 --> ToRoman : CDLXXXVII --> ToNumber : 487
Iter : 488 --> ToRoman : CDLXXXVIII --> ToNumber : 488
Iter : 489 --> ToRoman : CDLXXXIX --> ToNumber : 489
Iter : 490 --> ToRoman : CDXC --> ToNumber : 490
Iter : 491 --> ToRoman : CDXCI --> ToNumber : 491
Iter : 492 --> ToRoman : CDXCII --> ToNumber : 492
Iter : 493 --> ToRoman : CDXCIII --> ToNumber : 493
Iter : 494 --> ToRoman : CDXCIV --> ToNumber : 494
Iter : 495 --> ToRoman : CDXCV --> ToNumber : 495
Iter : 496 --> ToRoman : CDXCVI --> ToNumber : 496
Iter : 497 --> ToRoman : CDXCVII --> ToNumber : 497
Iter : 498 --> ToRoman : CDXCVIII --> ToNumber : 498
Iter : 499 --> ToRoman : CDXCIX --> ToNumber : 499
Iter : 500 --> ToRoman : D --> ToNumber : 500
Iter : 501 --> ToRoman : DI --> ToNumber : 501
Iter : 502 --> ToRoman : DII --> ToNumber : 502
Iter : 503 --> ToRoman : DIII --> ToNumber : 503
Iter : 504 --> ToRoman : DIV --> ToNumber : 504
Iter : 505 --> ToRoman : DV --> ToNumber : 505
Iter : 506 --> ToRoman : DVI --> ToNumber : 506
Iter : 507 --> ToRoman : DVII --> ToNumber : 507
Iter : 508 --> ToRoman : DVIII --> ToNumber : 508
Iter : 509 --> ToRoman : DIX --> ToNumber : 509
Iter : 510 --> ToRoman : DX --> ToNumber : 510
Iter : 511 --> ToRoman : DXI --> ToNumber : 511
Iter : 512 --> ToRoman : DXII --> ToNumber : 512
Iter : 513 --> ToRoman : DXIII --> ToNumber : 513
Iter : 514 --> ToRoman : DXIV --> ToNumber : 514
Iter : 515 --> ToRoman : DXV --> ToNumber : 515
Iter : 516 --> ToRoman : DXVI --> ToNumber : 516
Iter : 517 --> ToRoman : DXVII --> ToNumber : 517
Iter : 518 --> ToRoman : DXVIII --> ToNumber : 518
Iter : 519 --> ToRoman : DXIX --> ToNumber : 519
Iter : 520 --> ToRoman : DXX --> ToNumber : 520
Iter : 521 --> ToRoman : DXXI --> ToNumber : 521
Iter : 522 --> ToRoman : DXXII --> ToNumber : 522
Iter : 523 --> ToRoman : DXXIII --> ToNumber : 523
Iter : 524 --> ToRoman : DXXIV --> ToNumber : 524
Iter : 525 --> ToRoman : DXXV --> ToNumber : 525
Iter : 526 --> ToRoman : DXXVI --> ToNumber : 526
Iter : 527 --> ToRoman : DXXVII --> ToNumber : 527
Iter : 528 --> ToRoman : DXXVIII --> ToNumber : 528
Iter : 529 --> ToRoman : DXXIX --> ToNumber : 529
Iter : 530 --> ToRoman : DXXX --> ToNumber : 530
Iter : 531 --> ToRoman : DXXXI --> ToNumber : 531
Iter : 532 --> ToRoman : DXXXII --> ToNumber : 532
Iter : 533 --> ToRoman : DXXXIII --> ToNumber : 533
Iter : 534 --> ToRoman : DXXXIV --> ToNumber : 534
Iter : 535 --> ToRoman : DXXXV --> ToNumber : 535
Iter : 536 --> ToRoman : DXXXVI --> ToNumber : 536
Iter : 537 --> ToRoman : DXXXVII --> ToNumber : 537
Iter : 538 --> ToRoman : DXXXVIII --> ToNumber : 538
Iter : 539 --> ToRoman : DXXXIX --> ToNumber : 539
Iter : 540 --> ToRoman : DXL --> ToNumber : 540
Iter : 541 --> ToRoman : DXLI --> ToNumber : 541
Iter : 542 --> ToRoman : DXLII --> ToNumber : 542
Iter : 543 --> ToRoman : DXLIII --> ToNumber : 543
Iter : 544 --> ToRoman : DXLIV --> ToNumber : 544
Iter : 545 --> ToRoman : DXLV --> ToNumber : 545
Iter : 546 --> ToRoman : DXLVI --> ToNumber : 546
Iter : 547 --> ToRoman : DXLVII --> ToNumber : 547
Iter : 548 --> ToRoman : DXLVIII --> ToNumber : 548
Iter : 549 --> ToRoman : DXLIX --> ToNumber : 549
Iter : 550 --> ToRoman : DL --> ToNumber : 550
Iter : 551 --> ToRoman : DLI --> ToNumber : 551
Iter : 552 --> ToRoman : DLII --> ToNumber : 552
Iter : 553 --> ToRoman : DLIII --> ToNumber : 553
Iter : 554 --> ToRoman : DLIV --> ToNumber : 554
Iter : 555 --> ToRoman : DLV --> ToNumber : 555
Iter : 556 --> ToRoman : DLVI --> ToNumber : 556
Iter : 557 --> ToRoman : DLVII --> ToNumber : 557
Iter : 558 --> ToRoman : DLVIII --> ToNumber : 558
Iter : 559 --> ToRoman : DLIX --> ToNumber : 559
Iter : 560 --> ToRoman : DLX --> ToNumber : 560
Iter : 561 --> ToRoman : DLXI --> ToNumber : 561
Iter : 562 --> ToRoman : DLXII --> ToNumber : 562
Iter : 563 --> ToRoman : DLXIII --> ToNumber : 563
Iter : 564 --> ToRoman : DLXIV --> ToNumber : 564
Iter : 565 --> ToRoman : DLXV --> ToNumber : 565
Iter : 566 --> ToRoman : DLXVI --> ToNumber : 566
Iter : 567 --> ToRoman : DLXVII --> ToNumber : 567
Iter : 568 --> ToRoman : DLXVIII --> ToNumber : 568
Iter : 569 --> ToRoman : DLXIX --> ToNumber : 569
Iter : 570 --> ToRoman : DLXX --> ToNumber : 570
Iter : 571 --> ToRoman : DLXXI --> ToNumber : 571
Iter : 572 --> ToRoman : DLXXII --> ToNumber : 572
Iter : 573 --> ToRoman : DLXXIII --> ToNumber : 573
Iter : 574 --> ToRoman : DLXXIV --> ToNumber : 574
Iter : 575 --> ToRoman : DLXXV --> ToNumber : 575
Iter : 576 --> ToRoman : DLXXVI --> ToNumber : 576
Iter : 577 --> ToRoman : DLXXVII --> ToNumber : 577
Iter : 578 --> ToRoman : DLXXVIII --> ToNumber : 578
Iter : 579 --> ToRoman : DLXXIX --> ToNumber : 579
Iter : 580 --> ToRoman : DLXXX --> ToNumber : 580
Iter : 581 --> ToRoman : DLXXXI --> ToNumber : 581
Iter : 582 --> ToRoman : DLXXXII --> ToNumber : 582
Iter : 583 --> ToRoman : DLXXXIII --> ToNumber : 583
Iter : 584 --> ToRoman : DLXXXIV --> ToNumber : 584
Iter : 585 --> ToRoman : DLXXXV --> ToNumber : 585
Iter : 586 --> ToRoman : DLXXXVI --> ToNumber : 586
Iter : 587 --> ToRoman : DLXXXVII --> ToNumber : 587
Iter : 588 --> ToRoman : DLXXXVIII --> ToNumber : 588
Iter : 589 --> ToRoman : DLXXXIX --> ToNumber : 589
Iter : 590 --> ToRoman : DXC --> ToNumber : 590
Iter : 591 --> ToRoman : DXCI --> ToNumber : 591
Iter : 592 --> ToRoman : DXCII --> ToNumber : 592
Iter : 593 --> ToRoman : DXCIII --> ToNumber : 593
Iter : 594 --> ToRoman : DXCIV --> ToNumber : 594
Iter : 595 --> ToRoman : DXCV --> ToNumber : 595
Iter : 596 --> ToRoman : DXCVI --> ToNumber : 596
Iter : 597 --> ToRoman : DXCVII --> ToNumber : 597
Iter : 598 --> ToRoman : DXCVIII --> ToNumber : 598
Iter : 599 --> ToRoman : DXCIX --> ToNumber : 599
Iter : 600 --> ToRoman : DC --> ToNumber : 600
Iter : 601 --> ToRoman : DCI --> ToNumber : 601
Iter : 602 --> ToRoman : DCII --> ToNumber : 602
Iter : 603 --> ToRoman : DCIII --> ToNumber : 603
Iter : 604 --> ToRoman : DCIV --> ToNumber : 604
Iter : 605 --> ToRoman : DCV --> ToNumber : 605
Iter : 606 --> ToRoman : DCVI --> ToNumber : 606
Iter : 607 --> ToRoman : DCVII --> ToNumber : 607
Iter : 608 --> ToRoman : DCVIII --> ToNumber : 608
Iter : 609 --> ToRoman : DCIX --> ToNumber : 609
Iter : 610 --> ToRoman : DCX --> ToNumber : 610
Iter : 611 --> ToRoman : DCXI --> ToNumber : 611
Iter : 612 --> ToRoman : DCXII --> ToNumber : 612
Iter : 613 --> ToRoman : DCXIII --> ToNumber : 613
Iter : 614 --> ToRoman : DCXIV --> ToNumber : 614
Iter : 615 --> ToRoman : DCXV --> ToNumber : 615
Iter : 616 --> ToRoman : DCXVI --> ToNumber : 616
Iter : 617 --> ToRoman : DCXVII --> ToNumber : 617
Iter : 618 --> ToRoman : DCXVIII --> ToNumber : 618
Iter : 619 --> ToRoman : DCXIX --> ToNumber : 619
Iter : 620 --> ToRoman : DCXX --> ToNumber : 620
Iter : 621 --> ToRoman : DCXXI --> ToNumber : 621
Iter : 622 --> ToRoman : DCXXII --> ToNumber : 622
Iter : 623 --> ToRoman : DCXXIII --> ToNumber : 623
Iter : 624 --> ToRoman : DCXXIV --> ToNumber : 624
Iter : 625 --> ToRoman : DCXXV --> ToNumber : 625
Iter : 626 --> ToRoman : DCXXVI --> ToNumber : 626
Iter : 627 --> ToRoman : DCXXVII --> ToNumber : 627
Iter : 628 --> ToRoman : DCXXVIII --> ToNumber : 628
Iter : 629 --> ToRoman : DCXXIX --> ToNumber : 629
Iter : 630 --> ToRoman : DCXXX --> ToNumber : 630
Iter : 631 --> ToRoman : DCXXXI --> ToNumber : 631
Iter : 632 --> ToRoman : DCXXXII --> ToNumber : 632
Iter : 633 --> ToRoman : DCXXXIII --> ToNumber : 633
Iter : 634 --> ToRoman : DCXXXIV --> ToNumber : 634
Iter : 635 --> ToRoman : DCXXXV --> ToNumber : 635
Iter : 636 --> ToRoman : DCXXXVI --> ToNumber : 636
Iter : 637 --> ToRoman : DCXXXVII --> ToNumber : 637
Iter : 638 --> ToRoman : DCXXXVIII --> ToNumber : 638
Iter : 639 --> ToRoman : DCXXXIX --> ToNumber : 639
Iter : 640 --> ToRoman : DCXL --> ToNumber : 640
Iter : 641 --> ToRoman : DCXLI --> ToNumber : 641
Iter : 642 --> ToRoman : DCXLII --> ToNumber : 642
Iter : 643 --> ToRoman : DCXLIII --> ToNumber : 643
Iter : 644 --> ToRoman : DCXLIV --> ToNumber : 644
Iter : 645 --> ToRoman : DCXLV --> ToNumber : 645
Iter : 646 --> ToRoman : DCXLVI --> ToNumber : 646
Iter : 647 --> ToRoman : DCXLVII --> ToNumber : 647
Iter : 648 --> ToRoman : DCXLVIII --> ToNumber : 648
Iter : 649 --> ToRoman : DCXLIX --> ToNumber : 649
Iter : 650 --> ToRoman : DCL --> ToNumber : 650
Iter : 651 --> ToRoman : DCLI --> ToNumber : 651
Iter : 652 --> ToRoman : DCLII --> ToNumber : 652
Iter : 653 --> ToRoman : DCLIII --> ToNumber : 653
Iter : 654 --> ToRoman : DCLIV --> ToNumber : 654
Iter : 655 --> ToRoman : DCLV --> ToNumber : 655
Iter : 656 --> ToRoman : DCLVI --> ToNumber : 656
Iter : 657 --> ToRoman : DCLVII --> ToNumber : 657
Iter : 658 --> ToRoman : DCLVIII --> ToNumber : 658
Iter : 659 --> ToRoman : DCLIX --> ToNumber : 659
Iter : 660 --> ToRoman : DCLX --> ToNumber : 660
Iter : 661 --> ToRoman : DCLXI --> ToNumber : 661
Iter : 662 --> ToRoman : DCLXII --> ToNumber : 662
Iter : 663 --> ToRoman : DCLXIII --> ToNumber : 663
Iter : 664 --> ToRoman : DCLXIV --> ToNumber : 664
Iter : 665 --> ToRoman : DCLXV --> ToNumber : 665
Iter : 666 --> ToRoman : DCLXVI --> ToNumber : 666
Iter : 667 --> ToRoman : DCLXVII --> ToNumber : 667
Iter : 668 --> ToRoman : DCLXVIII --> ToNumber : 668
Iter : 669 --> ToRoman : DCLXIX --> ToNumber : 669
Iter : 670 --> ToRoman : DCLXX --> ToNumber : 670
Iter : 671 --> ToRoman : DCLXXI --> ToNumber : 671
Iter : 672 --> ToRoman : DCLXXII --> ToNumber : 672
Iter : 673 --> ToRoman : DCLXXIII --> ToNumber : 673
Iter : 674 --> ToRoman : DCLXXIV --> ToNumber : 674
Iter : 675 --> ToRoman : DCLXXV --> ToNumber : 675
Iter : 676 --> ToRoman : DCLXXVI --> ToNumber : 676
Iter : 677 --> ToRoman : DCLXXVII --> ToNumber : 677
Iter : 678 --> ToRoman : DCLXXVIII --> ToNumber : 678
Iter : 679 --> ToRoman : DCLXXIX --> ToNumber : 679
Iter : 680 --> ToRoman : DCLXXX --> ToNumber : 680
Iter : 681 --> ToRoman : DCLXXXI --> ToNumber : 681
Iter : 682 --> ToRoman : DCLXXXII --> ToNumber : 682
Iter : 683 --> ToRoman : DCLXXXIII --> ToNumber : 683
Iter : 684 --> ToRoman : DCLXXXIV --> ToNumber : 684
Iter : 685 --> ToRoman : DCLXXXV --> ToNumber : 685
Iter : 686 --> ToRoman : DCLXXXVI --> ToNumber : 686
Iter : 687 --> ToRoman : DCLXXXVII --> ToNumber : 687
Iter : 688 --> ToRoman : DCLXXXVIII --> ToNumber : 688
Iter : 689 --> ToRoman : DCLXXXIX --> ToNumber : 689
Iter : 690 --> ToRoman : DCXC --> ToNumber : 690
Iter : 691 --> ToRoman : DCXCI --> ToNumber : 691
Iter : 692 --> ToRoman : DCXCII --> ToNumber : 692
Iter : 693 --> ToRoman : DCXCIII --> ToNumber : 693
Iter : 694 --> ToRoman : DCXCIV --> ToNumber : 694
Iter : 695 --> ToRoman : DCXCV --> ToNumber : 695
Iter : 696 --> ToRoman : DCXCVI --> ToNumber : 696
Iter : 697 --> ToRoman : DCXCVII --> ToNumber : 697
Iter : 698 --> ToRoman : DCXCVIII --> ToNumber : 698
Iter : 699 --> ToRoman : DCXCIX --> ToNumber : 699
Iter : 700 --> ToRoman : DCC --> ToNumber : 700
Iter : 701 --> ToRoman : DCCI --> ToNumber : 701
Iter : 702 --> ToRoman : DCCII --> ToNumber : 702
Iter : 703 --> ToRoman : DCCIII --> ToNumber : 703
Iter : 704 --> ToRoman : DCCIV --> ToNumber : 704
Iter : 705 --> ToRoman : DCCV --> ToNumber : 705
Iter : 706 --> ToRoman : DCCVI --> ToNumber : 706
Iter : 707 --> ToRoman : DCCVII --> ToNumber : 707
Iter : 708 --> ToRoman : DCCVIII --> ToNumber : 708
Iter : 709 --> ToRoman : DCCIX --> ToNumber : 709
Iter : 710 --> ToRoman : DCCX --> ToNumber : 710
Iter : 711 --> ToRoman : DCCXI --> ToNumber : 711
Iter : 712 --> ToRoman : DCCXII --> ToNumber : 712
Iter : 713 --> ToRoman : DCCXIII --> ToNumber : 713
Iter : 714 --> ToRoman : DCCXIV --> ToNumber : 714
Iter : 715 --> ToRoman : DCCXV --> ToNumber : 715
Iter : 716 --> ToRoman : DCCXVI --> ToNumber : 716
Iter : 717 --> ToRoman : DCCXVII --> ToNumber : 717
Iter : 718 --> ToRoman : DCCXVIII --> ToNumber : 718
Iter : 719 --> ToRoman : DCCXIX --> ToNumber : 719
Iter : 720 --> ToRoman : DCCXX --> ToNumber : 720
Iter : 721 --> ToRoman : DCCXXI --> ToNumber : 721
Iter : 722 --> ToRoman : DCCXXII --> ToNumber : 722
Iter : 723 --> ToRoman : DCCXXIII --> ToNumber : 723
Iter : 724 --> ToRoman : DCCXXIV --> ToNumber : 724
Iter : 725 --> ToRoman : DCCXXV --> ToNumber : 725
Iter : 726 --> ToRoman : DCCXXVI --> ToNumber : 726
Iter : 727 --> ToRoman : DCCXXVII --> ToNumber : 727
Iter : 728 --> ToRoman : DCCXXVIII --> ToNumber : 728
Iter : 729 --> ToRoman : DCCXXIX --> ToNumber : 729
Iter : 730 --> ToRoman : DCCXXX --> ToNumber : 730
Iter : 731 --> ToRoman : DCCXXXI --> ToNumber : 731
Iter : 732 --> ToRoman : DCCXXXII --> ToNumber : 732
Iter : 733 --> ToRoman : DCCXXXIII --> ToNumber : 733
Iter : 734 --> ToRoman : DCCXXXIV --> ToNumber : 734
Iter : 735 --> ToRoman : DCCXXXV --> ToNumber : 735
Iter : 736 --> ToRoman : DCCXXXVI --> ToNumber : 736
Iter : 737 --> ToRoman : DCCXXXVII --> ToNumber : 737
Iter : 738 --> ToRoman : DCCXXXVIII --> ToNumber : 738
Iter : 739 --> ToRoman : DCCXXXIX --> ToNumber : 739
Iter : 740 --> ToRoman : DCCXL --> ToNumber : 740
Iter : 741 --> ToRoman : DCCXLI --> ToNumber : 741
Iter : 742 --> ToRoman : DCCXLII --> ToNumber : 742
Iter : 743 --> ToRoman : DCCXLIII --> ToNumber : 743
Iter : 744 --> ToRoman : DCCXLIV --> ToNumber : 744
Iter : 745 --> ToRoman : DCCXLV --> ToNumber : 745
Iter : 746 --> ToRoman : DCCXLVI --> ToNumber : 746
Iter : 747 --> ToRoman : DCCXLVII --> ToNumber : 747
Iter : 748 --> ToRoman : DCCXLVIII --> ToNumber : 748
Iter : 749 --> ToRoman : DCCXLIX --> ToNumber : 749
Iter : 750 --> ToRoman : DCCL --> ToNumber : 750
Iter : 751 --> ToRoman : DCCLI --> ToNumber : 751
Iter : 752 --> ToRoman : DCCLII --> ToNumber : 752
Iter : 753 --> ToRoman : DCCLIII --> ToNumber : 753
Iter : 754 --> ToRoman : DCCLIV --> ToNumber : 754
Iter : 755 --> ToRoman : DCCLV --> ToNumber : 755
Iter : 756 --> ToRoman : DCCLVI --> ToNumber : 756
Iter : 757 --> ToRoman : DCCLVII --> ToNumber : 757
Iter : 758 --> ToRoman : DCCLVIII --> ToNumber : 758
Iter : 759 --> ToRoman : DCCLIX --> ToNumber : 759
Iter : 760 --> ToRoman : DCCLX --> ToNumber : 760
Iter : 761 --> ToRoman : DCCLXI --> ToNumber : 761
Iter : 762 --> ToRoman : DCCLXII --> ToNumber : 762
Iter : 763 --> ToRoman : DCCLXIII --> ToNumber : 763
Iter : 764 --> ToRoman : DCCLXIV --> ToNumber : 764
Iter : 765 --> ToRoman : DCCLXV --> ToNumber : 765
Iter : 766 --> ToRoman : DCCLXVI --> ToNumber : 766
Iter : 767 --> ToRoman : DCCLXVII --> ToNumber : 767
Iter : 768 --> ToRoman : DCCLXVIII --> ToNumber : 768
Iter : 769 --> ToRoman : DCCLXIX --> ToNumber : 769
Iter : 770 --> ToRoman : DCCLXX --> ToNumber : 770
Iter : 771 --> ToRoman : DCCLXXI --> ToNumber : 771
Iter : 772 --> ToRoman : DCCLXXII --> ToNumber : 772
Iter : 773 --> ToRoman : DCCLXXIII --> ToNumber : 773
Iter : 774 --> ToRoman : DCCLXXIV --> ToNumber : 774
Iter : 775 --> ToRoman : DCCLXXV --> ToNumber : 775
Iter : 776 --> ToRoman : DCCLXXVI --> ToNumber : 776
Iter : 777 --> ToRoman : DCCLXXVII --> ToNumber : 777
Iter : 778 --> ToRoman : DCCLXXVIII --> ToNumber : 778
Iter : 779 --> ToRoman : DCCLXXIX --> ToNumber : 779
Iter : 780 --> ToRoman : DCCLXXX --> ToNumber : 780
Iter : 781 --> ToRoman : DCCLXXXI --> ToNumber : 781
Iter : 782 --> ToRoman : DCCLXXXII --> ToNumber : 782
Iter : 783 --> ToRoman : DCCLXXXIII --> ToNumber : 783
Iter : 784 --> ToRoman : DCCLXXXIV --> ToNumber : 784
Iter : 785 --> ToRoman : DCCLXXXV --> ToNumber : 785
Iter : 786 --> ToRoman : DCCLXXXVI --> ToNumber : 786
Iter : 787 --> ToRoman : DCCLXXXVII --> ToNumber : 787
Iter : 788 --> ToRoman : DCCLXXXVIII --> ToNumber : 788
Iter : 789 --> ToRoman : DCCLXXXIX --> ToNumber : 789
Iter : 790 --> ToRoman : DCCXC --> ToNumber : 790
Iter : 791 --> ToRoman : DCCXCI --> ToNumber : 791
Iter : 792 --> ToRoman : DCCXCII --> ToNumber : 792
Iter : 793 --> ToRoman : DCCXCIII --> ToNumber : 793
Iter : 794 --> ToRoman : DCCXCIV --> ToNumber : 794
Iter : 795 --> ToRoman : DCCXCV --> ToNumber : 795
Iter : 796 --> ToRoman : DCCXCVI --> ToNumber : 796
Iter : 797 --> ToRoman : DCCXCVII --> ToNumber : 797
Iter : 798 --> ToRoman : DCCXCVIII --> ToNumber : 798
Iter : 799 --> ToRoman : DCCXCIX --> ToNumber : 799
Iter : 800 --> ToRoman : DCCC --> ToNumber : 800
Iter : 801 --> ToRoman : DCCCI --> ToNumber : 801
Iter : 802 --> ToRoman : DCCCII --> ToNumber : 802
Iter : 803 --> ToRoman : DCCCIII --> ToNumber : 803
Iter : 804 --> ToRoman : DCCCIV --> ToNumber : 804
Iter : 805 --> ToRoman : DCCCV --> ToNumber : 805
Iter : 806 --> ToRoman : DCCCVI --> ToNumber : 806
Iter : 807 --> ToRoman : DCCCVII --> ToNumber : 807
Iter : 808 --> ToRoman : DCCCVIII --> ToNumber : 808
Iter : 809 --> ToRoman : DCCCIX --> ToNumber : 809
Iter : 810 --> ToRoman : DCCCX --> ToNumber : 810
Iter : 811 --> ToRoman : DCCCXI --> ToNumber : 811
Iter : 812 --> ToRoman : DCCCXII --> ToNumber : 812
Iter : 813 --> ToRoman : DCCCXIII --> ToNumber : 813
Iter : 814 --> ToRoman : DCCCXIV --> ToNumber : 814
Iter : 815 --> ToRoman : DCCCXV --> ToNumber : 815
Iter : 816 --> ToRoman : DCCCXVI --> ToNumber : 816
Iter : 817 --> ToRoman : DCCCXVII --> ToNumber : 817
Iter : 818 --> ToRoman : DCCCXVIII --> ToNumber : 818
Iter : 819 --> ToRoman : DCCCXIX --> ToNumber : 819
Iter : 820 --> ToRoman : DCCCXX --> ToNumber : 820
Iter : 821 --> ToRoman : DCCCXXI --> ToNumber : 821
Iter : 822 --> ToRoman : DCCCXXII --> ToNumber : 822
Iter : 823 --> ToRoman : DCCCXXIII --> ToNumber : 823
Iter : 824 --> ToRoman : DCCCXXIV --> ToNumber : 824
Iter : 825 --> ToRoman : DCCCXXV --> ToNumber : 825
Iter : 826 --> ToRoman : DCCCXXVI --> ToNumber : 826
Iter : 827 --> ToRoman : DCCCXXVII --> ToNumber : 827
Iter : 828 --> ToRoman : DCCCXXVIII --> ToNumber : 828
Iter : 829 --> ToRoman : DCCCXXIX --> ToNumber : 829
Iter : 830 --> ToRoman : DCCCXXX --> ToNumber : 830
Iter : 831 --> ToRoman : DCCCXXXI --> ToNumber : 831
Iter : 832 --> ToRoman : DCCCXXXII --> ToNumber : 832
Iter : 833 --> ToRoman : DCCCXXXIII --> ToNumber : 833
Iter : 834 --> ToRoman : DCCCXXXIV --> ToNumber : 834
Iter : 835 --> ToRoman : DCCCXXXV --> ToNumber : 835
Iter : 836 --> ToRoman : DCCCXXXVI --> ToNumber : 836
Iter : 837 --> ToRoman : DCCCXXXVII --> ToNumber : 837
Iter : 838 --> ToRoman : DCCCXXXVIII --> ToNumber : 838
Iter : 839 --> ToRoman : DCCCXXXIX --> ToNumber : 839
Iter : 840 --> ToRoman : DCCCXL --> ToNumber : 840
Iter : 841 --> ToRoman : DCCCXLI --> ToNumber : 841
Iter : 842 --> ToRoman : DCCCXLII --> ToNumber : 842
Iter : 843 --> ToRoman : DCCCXLIII --> ToNumber : 843
Iter : 844 --> ToRoman : DCCCXLIV --> ToNumber : 844
Iter : 845 --> ToRoman : DCCCXLV --> ToNumber : 845
Iter : 846 --> ToRoman : DCCCXLVI --> ToNumber : 846
Iter : 847 --> ToRoman : DCCCXLVII --> ToNumber : 847
Iter : 848 --> ToRoman : DCCCXLVIII --> ToNumber : 848
Iter : 849 --> ToRoman : DCCCXLIX --> ToNumber : 849
Iter : 850 --> ToRoman : DCCCL --> ToNumber : 850
Iter : 851 --> ToRoman : DCCCLI --> ToNumber : 851
Iter : 852 --> ToRoman : DCCCLII --> ToNumber : 852
Iter : 853 --> ToRoman : DCCCLIII --> ToNumber : 853
Iter : 854 --> ToRoman : DCCCLIV --> ToNumber : 854
Iter : 855 --> ToRoman : DCCCLV --> ToNumber : 855
Iter : 856 --> ToRoman : DCCCLVI --> ToNumber : 856
Iter : 857 --> ToRoman : DCCCLVII --> ToNumber : 857
Iter : 858 --> ToRoman : DCCCLVIII --> ToNumber : 858
Iter : 859 --> ToRoman : DCCCLIX --> ToNumber : 859
Iter : 860 --> ToRoman : DCCCLX --> ToNumber : 860
Iter : 861 --> ToRoman : DCCCLXI --> ToNumber : 861
Iter : 862 --> ToRoman : DCCCLXII --> ToNumber : 862
Iter : 863 --> ToRoman : DCCCLXIII --> ToNumber : 863
Iter : 864 --> ToRoman : DCCCLXIV --> ToNumber : 864
Iter : 865 --> ToRoman : DCCCLXV --> ToNumber : 865
Iter : 866 --> ToRoman : DCCCLXVI --> ToNumber : 866
Iter : 867 --> ToRoman : DCCCLXVII --> ToNumber : 867
Iter : 868 --> ToRoman : DCCCLXVIII --> ToNumber : 868
Iter : 869 --> ToRoman : DCCCLXIX --> ToNumber : 869
Iter : 870 --> ToRoman : DCCCLXX --> ToNumber : 870
Iter : 871 --> ToRoman : DCCCLXXI --> ToNumber : 871
Iter : 872 --> ToRoman : DCCCLXXII --> ToNumber : 872
Iter : 873 --> ToRoman : DCCCLXXIII --> ToNumber : 873
Iter : 874 --> ToRoman : DCCCLXXIV --> ToNumber : 874
Iter : 875 --> ToRoman : DCCCLXXV --> ToNumber : 875
Iter : 876 --> ToRoman : DCCCLXXVI --> ToNumber : 876
Iter : 877 --> ToRoman : DCCCLXXVII --> ToNumber : 877
Iter : 878 --> ToRoman : DCCCLXXVIII --> ToNumber : 878
Iter : 879 --> ToRoman : DCCCLXXIX --> ToNumber : 879
Iter : 880 --> ToRoman : DCCCLXXX --> ToNumber : 880
Iter : 881 --> ToRoman : DCCCLXXXI --> ToNumber : 881
Iter : 882 --> ToRoman : DCCCLXXXII --> ToNumber : 882
Iter : 883 --> ToRoman : DCCCLXXXIII --> ToNumber : 883
Iter : 884 --> ToRoman : DCCCLXXXIV --> ToNumber : 884
Iter : 885 --> ToRoman : DCCCLXXXV --> ToNumber : 885
Iter : 886 --> ToRoman : DCCCLXXXVI --> ToNumber : 886
Iter : 887 --> ToRoman : DCCCLXXXVII --> ToNumber : 887
Iter : 888 --> ToRoman : DCCCLXXXVIII --> ToNumber : 888
Iter : 889 --> ToRoman : DCCCLXXXIX --> ToNumber : 889
Iter : 890 --> ToRoman : DCCCXC --> ToNumber : 890
Iter : 891 --> ToRoman : DCCCXCI --> ToNumber : 891
Iter : 892 --> ToRoman : DCCCXCII --> ToNumber : 892
Iter : 893 --> ToRoman : DCCCXCIII --> ToNumber : 893
Iter : 894 --> ToRoman : DCCCXCIV --> ToNumber : 894
Iter : 895 --> ToRoman : DCCCXCV --> ToNumber : 895
Iter : 896 --> ToRoman : DCCCXCVI --> ToNumber : 896
Iter : 897 --> ToRoman : DCCCXCVII --> ToNumber : 897
Iter : 898 --> ToRoman : DCCCXCVIII --> ToNumber : 898
Iter : 899 --> ToRoman : DCCCXCIX --> ToNumber : 899
Iter : 900 --> ToRoman : CM --> ToNumber : 900
Iter : 901 --> ToRoman : CMI --> ToNumber : 901
Iter : 902 --> ToRoman : CMII --> ToNumber : 902
Iter : 903 --> ToRoman : CMIII --> ToNumber : 903
Iter : 904 --> ToRoman : CMIV --> ToNumber : 904
Iter : 905 --> ToRoman : CMV --> ToNumber : 905
Iter : 906 --> ToRoman : CMVI --> ToNumber : 906
Iter : 907 --> ToRoman : CMVII --> ToNumber : 907
Iter : 908 --> ToRoman : CMVIII --> ToNumber : 908
Iter : 909 --> ToRoman : CMIX --> ToNumber : 909
Iter : 910 --> ToRoman : CMX --> ToNumber : 910
Iter : 911 --> ToRoman : CMXI --> ToNumber : 911
Iter : 912 --> ToRoman : CMXII --> ToNumber : 912
Iter : 913 --> ToRoman : CMXIII --> ToNumber : 913
Iter : 914 --> ToRoman : CMXIV --> ToNumber : 914
Iter : 915 --> ToRoman : CMXV --> ToNumber : 915
Iter : 916 --> ToRoman : CMXVI --> ToNumber : 916
Iter : 917 --> ToRoman : CMXVII --> ToNumber : 917
Iter : 918 --> ToRoman : CMXVIII --> ToNumber : 918
Iter : 919 --> ToRoman : CMXIX --> ToNumber : 919
Iter : 920 --> ToRoman : CMXX --> ToNumber : 920
Iter : 921 --> ToRoman : CMXXI --> ToNumber : 921
Iter : 922 --> ToRoman : CMXXII --> ToNumber : 922
Iter : 923 --> ToRoman : CMXXIII --> ToNumber : 923
Iter : 924 --> ToRoman : CMXXIV --> ToNumber : 924
Iter : 925 --> ToRoman : CMXXV --> ToNumber : 925
Iter : 926 --> ToRoman : CMXXVI --> ToNumber : 926
Iter : 927 --> ToRoman : CMXXVII --> ToNumber : 927
Iter : 928 --> ToRoman : CMXXVIII --> ToNumber : 928
Iter : 929 --> ToRoman : CMXXIX --> ToNumber : 929
Iter : 930 --> ToRoman : CMXXX --> ToNumber : 930
Iter : 931 --> ToRoman : CMXXXI --> ToNumber : 931
Iter : 932 --> ToRoman : CMXXXII --> ToNumber : 932
Iter : 933 --> ToRoman : CMXXXIII --> ToNumber : 933
Iter : 934 --> ToRoman : CMXXXIV --> ToNumber : 934
Iter : 935 --> ToRoman : CMXXXV --> ToNumber : 935
Iter : 936 --> ToRoman : CMXXXVI --> ToNumber : 936
Iter : 937 --> ToRoman : CMXXXVII --> ToNumber : 937
Iter : 938 --> ToRoman : CMXXXVIII --> ToNumber : 938
Iter : 939 --> ToRoman : CMXXXIX --> ToNumber : 939
Iter : 940 --> ToRoman : CMXL --> ToNumber : 940
Iter : 941 --> ToRoman : CMXLI --> ToNumber : 941
Iter : 942 --> ToRoman : CMXLII --> ToNumber : 942
Iter : 943 --> ToRoman : CMXLIII --> ToNumber : 943
Iter : 944 --> ToRoman : CMXLIV --> ToNumber : 944
Iter : 945 --> ToRoman : CMXLV --> ToNumber : 945
Iter : 946 --> ToRoman : CMXLVI --> ToNumber : 946
Iter : 947 --> ToRoman : CMXLVII --> ToNumber : 947
Iter : 948 --> ToRoman : CMXLVIII --> ToNumber : 948
Iter : 949 --> ToRoman : CMXLIX --> ToNumber : 949
Iter : 950 --> ToRoman : CML --> ToNumber : 950
Iter : 951 --> ToRoman : CMLI --> ToNumber : 951
Iter : 952 --> ToRoman : CMLII --> ToNumber : 952
Iter : 953 --> ToRoman : CMLIII --> ToNumber : 953
Iter : 954 --> ToRoman : CMLIV --> ToNumber : 954
Iter : 955 --> ToRoman : CMLV --> ToNumber : 955
Iter : 956 --> ToRoman : CMLVI --> ToNumber : 956
Iter : 957 --> ToRoman : CMLVII --> ToNumber : 957
Iter : 958 --> ToRoman : CMLVIII --> ToNumber : 958
Iter : 959 --> ToRoman : CMLIX --> ToNumber : 959
Iter : 960 --> ToRoman : CMLX --> ToNumber : 960
Iter : 961 --> ToRoman : CMLXI --> ToNumber : 961
Iter : 962 --> ToRoman : CMLXII --> ToNumber : 962
Iter : 963 --> ToRoman : CMLXIII --> ToNumber : 963
Iter : 964 --> ToRoman : CMLXIV --> ToNumber : 964
Iter : 965 --> ToRoman : CMLXV --> ToNumber : 965
Iter : 966 --> ToRoman : CMLXVI --> ToNumber : 966
Iter : 967 --> ToRoman : CMLXVII --> ToNumber : 967
Iter : 968 --> ToRoman : CMLXVIII --> ToNumber : 968
Iter : 969 --> ToRoman : CMLXIX --> ToNumber : 969
Iter : 970 --> ToRoman : CMLXX --> ToNumber : 970
Iter : 971 --> ToRoman : CMLXXI --> ToNumber : 971
Iter : 972 --> ToRoman : CMLXXII --> ToNumber : 972
Iter : 973 --> ToRoman : CMLXXIII --> ToNumber : 973
Iter : 974 --> ToRoman : CMLXXIV --> ToNumber : 974
Iter : 975 --> ToRoman : CMLXXV --> ToNumber : 975
Iter : 976 --> ToRoman : CMLXXVI --> ToNumber : 976
Iter : 977 --> ToRoman : CMLXXVII --> ToNumber : 977
Iter : 978 --> ToRoman : CMLXXVIII --> ToNumber : 978
Iter : 979 --> ToRoman : CMLXXIX --> ToNumber : 979
Iter : 980 --> ToRoman : CMLXXX --> ToNumber : 980
Iter : 981 --> ToRoman : CMLXXXI --> ToNumber : 981
Iter : 982 --> ToRoman : CMLXXXII --> ToNumber : 982
Iter : 983 --> ToRoman : CMLXXXIII --> ToNumber : 983
Iter : 984 --> ToRoman : CMLXXXIV --> ToNumber : 984
Iter : 985 --> ToRoman : CMLXXXV --> ToNumber : 985
Iter : 986 --> ToRoman : CMLXXXVI --> ToNumber : 986
Iter : 987 --> ToRoman : CMLXXXVII --> ToNumber : 987
Iter : 988 --> ToRoman : CMLXXXVIII --> ToNumber : 988
Iter : 989 --> ToRoman : CMLXXXIX --> ToNumber : 989
Iter : 990 --> ToRoman : CMXC --> ToNumber : 990
Iter : 991 --> ToRoman : CMXCI --> ToNumber : 991
Iter : 992 --> ToRoman : CMXCII --> ToNumber : 992
Iter : 993 --> ToRoman : CMXCIII --> ToNumber : 993
Iter : 994 --> ToRoman : CMXCIV --> ToNumber : 994
Iter : 995 --> ToRoman : CMXCV --> ToNumber : 995
Iter : 996 --> ToRoman : CMXCVI --> ToNumber : 996
Iter : 997 --> ToRoman : CMXCVII --> ToNumber : 997
Iter : 998 --> ToRoman : CMXCVIII --> ToNumber : 998
Iter : 999 --> ToRoman : CMXCIX --> ToNumber : 999
Iter : 1000 --> ToRoman : M --> ToNumber : 1000
Iter : 1001 --> ToRoman : MI --> ToNumber : 1001
Iter : 1002 --> ToRoman : MII --> ToNumber : 1002
Iter : 1003 --> ToRoman : MIII --> ToNumber : 1003
Iter : 1004 --> ToRoman : MIV --> ToNumber : 1004
Iter : 1005 --> ToRoman : MV --> ToNumber : 1005
Iter : 1006 --> ToRoman : MVI --> ToNumber : 1006
Iter : 1007 --> ToRoman : MVII --> ToNumber : 1007
Iter : 1008 --> ToRoman : MVIII --> ToNumber : 1008
Iter : 1009 --> ToRoman : MIX --> ToNumber : 1009
Iter : 1010 --> ToRoman : MX --> ToNumber : 1010
Iter : 1011 --> ToRoman : MXI --> ToNumber : 1011
Iter : 1012 --> ToRoman : MXII --> ToNumber : 1012
Iter : 1013 --> ToRoman : MXIII --> ToNumber : 1013
Iter : 1014 --> ToRoman : MXIV --> ToNumber : 1014
Iter : 1015 --> ToRoman : MXV --> ToNumber : 1015
Iter : 1016 --> ToRoman : MXVI --> ToNumber : 1016
Iter : 1017 --> ToRoman : MXVII --> ToNumber : 1017
Iter : 1018 --> ToRoman : MXVIII --> ToNumber : 1018
Iter : 1019 --> ToRoman : MXIX --> ToNumber : 1019
Iter : 1020 --> ToRoman : MXX --> ToNumber : 1020
Iter : 1021 --> ToRoman : MXXI --> ToNumber : 1021
Iter : 1022 --> ToRoman : MXXII --> ToNumber : 1022
Iter : 1023 --> ToRoman : MXXIII --> ToNumber : 1023
Iter : 1024 --> ToRoman : MXXIV --> ToNumber : 1024
Iter : 1025 --> ToRoman : MXXV --> ToNumber : 1025
Iter : 1026 --> ToRoman : MXXVI --> ToNumber : 1026
Iter : 1027 --> ToRoman : MXXVII --> ToNumber : 1027
Iter : 1028 --> ToRoman : MXXVIII --> ToNumber : 1028
Iter : 1029 --> ToRoman : MXXIX --> ToNumber : 1029
Iter : 1030 --> ToRoman : MXXX --> ToNumber : 1030
Iter : 1031 --> ToRoman : MXXXI --> ToNumber : 1031
Iter : 1032 --> ToRoman : MXXXII --> ToNumber : 1032
Iter : 1033 --> ToRoman : MXXXIII --> ToNumber : 1033
Iter : 1034 --> ToRoman : MXXXIV --> ToNumber : 1034
Iter : 1035 --> ToRoman : MXXXV --> ToNumber : 1035
Iter : 1036 --> ToRoman : MXXXVI --> ToNumber : 1036
Iter : 1037 --> ToRoman : MXXXVII --> ToNumber : 1037
Iter : 1038 --> ToRoman : MXXXVIII --> ToNumber : 1038
Iter : 1039 --> ToRoman : MXXXIX --> ToNumber : 1039
Iter : 1040 --> ToRoman : MXL --> ToNumber : 1040
Iter : 1041 --> ToRoman : MXLI --> ToNumber : 1041
Iter : 1042 --> ToRoman : MXLII --> ToNumber : 1042
Iter : 1043 --> ToRoman : MXLIII --> ToNumber : 1043
Iter : 1044 --> ToRoman : MXLIV --> ToNumber : 1044
Iter : 1045 --> ToRoman : MXLV --> ToNumber : 1045
Iter : 1046 --> ToRoman : MXLVI --> ToNumber : 1046
Iter : 1047 --> ToRoman : MXLVII --> ToNumber : 1047
Iter : 1048 --> ToRoman : MXLVIII --> ToNumber : 1048
Iter : 1049 --> ToRoman : MXLIX --> ToNumber : 1049
Iter : 1050 --> ToRoman : ML --> ToNumber : 1050
Iter : 1051 --> ToRoman : MLI --> ToNumber : 1051
Iter : 1052 --> ToRoman : MLII --> ToNumber : 1052
Iter : 1053 --> ToRoman : MLIII --> ToNumber : 1053
Iter : 1054 --> ToRoman : MLIV --> ToNumber : 1054
Iter : 1055 --> ToRoman : MLV --> ToNumber : 1055
Iter : 1056 --> ToRoman : MLVI --> ToNumber : 1056
Iter : 1057 --> ToRoman : MLVII --> ToNumber : 1057
Iter : 1058 --> ToRoman : MLVIII --> ToNumber : 1058
Iter : 1059 --> ToRoman : MLIX --> ToNumber : 1059
Iter : 1060 --> ToRoman : MLX --> ToNumber : 1060
Iter : 1061 --> ToRoman : MLXI --> ToNumber : 1061
Iter : 1062 --> ToRoman : MLXII --> ToNumber : 1062
Iter : 1063 --> ToRoman : MLXIII --> ToNumber : 1063
Iter : 1064 --> ToRoman : MLXIV --> ToNumber : 1064
Iter : 1065 --> ToRoman : MLXV --> ToNumber : 1065
Iter : 1066 --> ToRoman : MLXVI --> ToNumber : 1066
Iter : 1067 --> ToRoman : MLXVII --> ToNumber : 1067
Iter : 1068 --> ToRoman : MLXVIII --> ToNumber : 1068
Iter : 1069 --> ToRoman : MLXIX --> ToNumber : 1069
Iter : 1070 --> ToRoman : MLXX --> ToNumber : 1070
Iter : 1071 --> ToRoman : MLXXI --> ToNumber : 1071
Iter : 1072 --> ToRoman : MLXXII --> ToNumber : 1072
Iter : 1073 --> ToRoman : MLXXIII --> ToNumber : 1073
Iter : 1074 --> ToRoman : MLXXIV --> ToNumber : 1074
Iter : 1075 --> ToRoman : MLXXV --> ToNumber : 1075
Iter : 1076 --> ToRoman : MLXXVI --> ToNumber : 1076
Iter : 1077 --> ToRoman : MLXXVII --> ToNumber : 1077
Iter : 1078 --> ToRoman : MLXXVIII --> ToNumber : 1078
Iter : 1079 --> ToRoman : MLXXIX --> ToNumber : 1079
Iter : 1080 --> ToRoman : MLXXX --> ToNumber : 1080
Iter : 1081 --> ToRoman : MLXXXI --> ToNumber : 1081
Iter : 1082 --> ToRoman : MLXXXII --> ToNumber : 1082
Iter : 1083 --> ToRoman : MLXXXIII --> ToNumber : 1083
Iter : 1084 --> ToRoman : MLXXXIV --> ToNumber : 1084
Iter : 1085 --> ToRoman : MLXXXV --> ToNumber : 1085
Iter : 1086 --> ToRoman : MLXXXVI --> ToNumber : 1086
Iter : 1087 --> ToRoman : MLXXXVII --> ToNumber : 1087
Iter : 1088 --> ToRoman : MLXXXVIII --> ToNumber : 1088
Iter : 1089 --> ToRoman : MLXXXIX --> ToNumber : 1089
Iter : 1090 --> ToRoman : MXC --> ToNumber : 1090
Iter : 1091 --> ToRoman : MXCI --> ToNumber : 1091
Iter : 1092 --> ToRoman : MXCII --> ToNumber : 1092
Iter : 1093 --> ToRoman : MXCIII --> ToNumber : 1093
Iter : 1094 --> ToRoman : MXCIV --> ToNumber : 1094
Iter : 1095 --> ToRoman : MXCV --> ToNumber : 1095
Iter : 1096 --> ToRoman : MXCVI --> ToNumber : 1096
Iter : 1097 --> ToRoman : MXCVII --> ToNumber : 1097
Iter : 1098 --> ToRoman : MXCVIII --> ToNumber : 1098
Iter : 1099 --> ToRoman : MXCIX --> ToNumber : 1099
Iter : 1100 --> ToRoman : MC --> ToNumber : 1100
Iter : 1101 --> ToRoman : MCI --> ToNumber : 1101
Iter : 1102 --> ToRoman : MCII --> ToNumber : 1102
Iter : 1103 --> ToRoman : MCIII --> ToNumber : 1103
Iter : 1104 --> ToRoman : MCIV --> ToNumber : 1104
Iter : 1105 --> ToRoman : MCV --> ToNumber : 1105
Iter : 1106 --> ToRoman : MCVI --> ToNumber : 1106
Iter : 1107 --> ToRoman : MCVII --> ToNumber : 1107
Iter : 1108 --> ToRoman : MCVIII --> ToNumber : 1108
Iter : 1109 --> ToRoman : MCIX --> ToNumber : 1109
Iter : 1110 --> ToRoman : MCX --> ToNumber : 1110
Iter : 1111 --> ToRoman : MCXI --> ToNumber : 1111
Iter : 1112 --> ToRoman : MCXII --> ToNumber : 1112
Iter : 1113 --> ToRoman : MCXIII --> ToNumber : 1113
Iter : 1114 --> ToRoman : MCXIV --> ToNumber : 1114
Iter : 1115 --> ToRoman : MCXV --> ToNumber : 1115
Iter : 1116 --> ToRoman : MCXVI --> ToNumber : 1116
Iter : 1117 --> ToRoman : MCXVII --> ToNumber : 1117
Iter : 1118 --> ToRoman : MCXVIII --> ToNumber : 1118
Iter : 1119 --> ToRoman : MCXIX --> ToNumber : 1119
Iter : 1120 --> ToRoman : MCXX --> ToNumber : 1120
Iter : 1121 --> ToRoman : MCXXI --> ToNumber : 1121
Iter : 1122 --> ToRoman : MCXXII --> ToNumber : 1122
Iter : 1123 --> ToRoman : MCXXIII --> ToNumber : 1123
Iter : 1124 --> ToRoman : MCXXIV --> ToNumber : 1124
Iter : 1125 --> ToRoman : MCXXV --> ToNumber : 1125
Iter : 1126 --> ToRoman : MCXXVI --> ToNumber : 1126
Iter : 1127 --> ToRoman : MCXXVII --> ToNumber : 1127
Iter : 1128 --> ToRoman : MCXXVIII --> ToNumber : 1128
Iter : 1129 --> ToRoman : MCXXIX --> ToNumber : 1129
Iter : 1130 --> ToRoman : MCXXX --> ToNumber : 1130
Iter : 1131 --> ToRoman : MCXXXI --> ToNumber : 1131
Iter : 1132 --> ToRoman : MCXXXII --> ToNumber : 1132
Iter : 1133 --> ToRoman : MCXXXIII --> ToNumber : 1133
Iter : 1134 --> ToRoman : MCXXXIV --> ToNumber : 1134
Iter : 1135 --> ToRoman : MCXXXV --> ToNumber : 1135
Iter : 1136 --> ToRoman : MCXXXVI --> ToNumber : 1136
Iter : 1137 --> ToRoman : MCXXXVII --> ToNumber : 1137
Iter : 1138 --> ToRoman : MCXXXVIII --> ToNumber : 1138
Iter : 1139 --> ToRoman : MCXXXIX --> ToNumber : 1139
Iter : 1140 --> ToRoman : MCXL --> ToNumber : 1140
Iter : 1141 --> ToRoman : MCXLI --> ToNumber : 1141
Iter : 1142 --> ToRoman : MCXLII --> ToNumber : 1142
Iter : 1143 --> ToRoman : MCXLIII --> ToNumber : 1143
Iter : 1144 --> ToRoman : MCXLIV --> ToNumber : 1144
Iter : 1145 --> ToRoman : MCXLV --> ToNumber : 1145
Iter : 1146 --> ToRoman : MCXLVI --> ToNumber : 1146
Iter : 1147 --> ToRoman : MCXLVII --> ToNumber : 1147
Iter : 1148 --> ToRoman : MCXLVIII --> ToNumber : 1148
Iter : 1149 --> ToRoman : MCXLIX --> ToNumber : 1149
Iter : 1150 --> ToRoman : MCL --> ToNumber : 1150
Iter : 1151 --> ToRoman : MCLI --> ToNumber : 1151
Iter : 1152 --> ToRoman : MCLII --> ToNumber : 1152
Iter : 1153 --> ToRoman : MCLIII --> ToNumber : 1153
Iter : 1154 --> ToRoman : MCLIV --> ToNumber : 1154
Iter : 1155 --> ToRoman : MCLV --> ToNumber : 1155
Iter : 1156 --> ToRoman : MCLVI --> ToNumber : 1156
Iter : 1157 --> ToRoman : MCLVII --> ToNumber : 1157
Iter : 1158 --> ToRoman : MCLVIII --> ToNumber : 1158
Iter : 1159 --> ToRoman : MCLIX --> ToNumber : 1159
Iter : 1160 --> ToRoman : MCLX --> ToNumber : 1160
Iter : 1161 --> ToRoman : MCLXI --> ToNumber : 1161
Iter : 1162 --> ToRoman : MCLXII --> ToNumber : 1162
Iter : 1163 --> ToRoman : MCLXIII --> ToNumber : 1163
Iter : 1164 --> ToRoman : MCLXIV --> ToNumber : 1164
Iter : 1165 --> ToRoman : MCLXV --> ToNumber : 1165
Iter : 1166 --> ToRoman : MCLXVI --> ToNumber : 1166
Iter : 1167 --> ToRoman : MCLXVII --> ToNumber : 1167
Iter : 1168 --> ToRoman : MCLXVIII --> ToNumber : 1168
Iter : 1169 --> ToRoman : MCLXIX --> ToNumber : 1169
Iter : 1170 --> ToRoman : MCLXX --> ToNumber : 1170
Iter : 1171 --> ToRoman : MCLXXI --> ToNumber : 1171
Iter : 1172 --> ToRoman : MCLXXII --> ToNumber : 1172
Iter : 1173 --> ToRoman : MCLXXIII --> ToNumber : 1173
Iter : 1174 --> ToRoman : MCLXXIV --> ToNumber : 1174
Iter : 1175 --> ToRoman : MCLXXV --> ToNumber : 1175
Iter : 1176 --> ToRoman : MCLXXVI --> ToNumber : 1176
Iter : 1177 --> ToRoman : MCLXXVII --> ToNumber : 1177
Iter : 1178 --> ToRoman : MCLXXVIII --> ToNumber : 1178
Iter : 1179 --> ToRoman : MCLXXIX --> ToNumber : 1179
Iter : 1180 --> ToRoman : MCLXXX --> ToNumber : 1180
Iter : 1181 --> ToRoman : MCLXXXI --> ToNumber : 1181
Iter : 1182 --> ToRoman : MCLXXXII --> ToNumber : 1182
Iter : 1183 --> ToRoman : MCLXXXIII --> ToNumber : 1183
Iter : 1184 --> ToRoman : MCLXXXIV --> ToNumber : 1184
Iter : 1185 --> ToRoman : MCLXXXV --> ToNumber : 1185
Iter : 1186 --> ToRoman : MCLXXXVI --> ToNumber : 1186
Iter : 1187 --> ToRoman : MCLXXXVII --> ToNumber : 1187
Iter : 1188 --> ToRoman : MCLXXXVIII --> ToNumber : 1188
Iter : 1189 --> ToRoman : MCLXXXIX --> ToNumber : 1189
Iter : 1190 --> ToRoman : MCXC --> ToNumber : 1190
Iter : 1191 --> ToRoman : MCXCI --> ToNumber : 1191
Iter : 1192 --> ToRoman : MCXCII --> ToNumber : 1192
Iter : 1193 --> ToRoman : MCXCIII --> ToNumber : 1193
Iter : 1194 --> ToRoman : MCXCIV --> ToNumber : 1194
Iter : 1195 --> ToRoman : MCXCV --> ToNumber : 1195
Iter : 1196 --> ToRoman : MCXCVI --> ToNumber : 1196
Iter : 1197 --> ToRoman : MCXCVII --> ToNumber : 1197
Iter : 1198 --> ToRoman : MCXCVIII --> ToNumber : 1198
Iter : 1199 --> ToRoman : MCXCIX --> ToNumber : 1199
Iter : 1200 --> ToRoman : MCC --> ToNumber : 1200
Iter : 1201 --> ToRoman : MCCI --> ToNumber : 1201
Iter : 1202 --> ToRoman : MCCII --> ToNumber : 1202
Iter : 1203 --> ToRoman : MCCIII --> ToNumber : 1203
Iter : 1204 --> ToRoman : MCCIV --> ToNumber : 1204
Iter : 1205 --> ToRoman : MCCV --> ToNumber : 1205
Iter : 1206 --> ToRoman : MCCVI --> ToNumber : 1206
Iter : 1207 --> ToRoman : MCCVII --> ToNumber : 1207
Iter : 1208 --> ToRoman : MCCVIII --> ToNumber : 1208
Iter : 1209 --> ToRoman : MCCIX --> ToNumber : 1209
Iter : 1210 --> ToRoman : MCCX --> ToNumber : 1210
Iter : 1211 --> ToRoman : MCCXI --> ToNumber : 1211
Iter : 1212 --> ToRoman : MCCXII --> ToNumber : 1212
Iter : 1213 --> ToRoman : MCCXIII --> ToNumber : 1213
Iter : 1214 --> ToRoman : MCCXIV --> ToNumber : 1214
Iter : 1215 --> ToRoman : MCCXV --> ToNumber : 1215
Iter : 1216 --> ToRoman : MCCXVI --> ToNumber : 1216
Iter : 1217 --> ToRoman : MCCXVII --> ToNumber : 1217
Iter : 1218 --> ToRoman : MCCXVIII --> ToNumber : 1218
Iter : 1219 --> ToRoman : MCCXIX --> ToNumber : 1219
Iter : 1220 --> ToRoman : MCCXX --> ToNumber : 1220
Iter : 1221 --> ToRoman : MCCXXI --> ToNumber : 1221
Iter : 1222 --> ToRoman : MCCXXII --> ToNumber : 1222
Iter : 1223 --> ToRoman : MCCXXIII --> ToNumber : 1223
Iter : 1224 --> ToRoman : MCCXXIV --> ToNumber : 1224
Iter : 1225 --> ToRoman : MCCXXV --> ToNumber : 1225
Iter : 1226 --> ToRoman : MCCXXVI --> ToNumber : 1226
Iter : 1227 --> ToRoman : MCCXXVII --> ToNumber : 1227
Iter : 1228 --> ToRoman : MCCXXVIII --> ToNumber : 1228
Iter : 1229 --> ToRoman : MCCXXIX --> ToNumber : 1229
Iter : 1230 --> ToRoman : MCCXXX --> ToNumber : 1230
Iter : 1231 --> ToRoman : MCCXXXI --> ToNumber : 1231
Iter : 1232 --> ToRoman : MCCXXXII --> ToNumber : 1232
Iter : 1233 --> ToRoman : MCCXXXIII --> ToNumber : 1233
Iter : 1234 --> ToRoman : MCCXXXIV --> ToNumber : 1234
Iter : 1235 --> ToRoman : MCCXXXV --> ToNumber : 1235
Iter : 1236 --> ToRoman : MCCXXXVI --> ToNumber : 1236
Iter : 1237 --> ToRoman : MCCXXXVII --> ToNumber : 1237
Iter : 1238 --> ToRoman : MCCXXXVIII --> ToNumber : 1238
Iter : 1239 --> ToRoman : MCCXXXIX --> ToNumber : 1239
Iter : 1240 --> ToRoman : MCCXL --> ToNumber : 1240
Iter : 1241 --> ToRoman : MCCXLI --> ToNumber : 1241
Iter : 1242 --> ToRoman : MCCXLII --> ToNumber : 1242
Iter : 1243 --> ToRoman : MCCXLIII --> ToNumber : 1243
Iter : 1244 --> ToRoman : MCCXLIV --> ToNumber : 1244
Iter : 1245 --> ToRoman : MCCXLV --> ToNumber : 1245
Iter : 1246 --> ToRoman : MCCXLVI --> ToNumber : 1246
Iter : 1247 --> ToRoman : MCCXLVII --> ToNumber : 1247
Iter : 1248 --> ToRoman : MCCXLVIII --> ToNumber : 1248
Iter : 1249 --> ToRoman : MCCXLIX --> ToNumber : 1249
Iter : 1250 --> ToRoman : MCCL --> ToNumber : 1250
Iter : 1251 --> ToRoman : MCCLI --> ToNumber : 1251
Iter : 1252 --> ToRoman : MCCLII --> ToNumber : 1252
Iter : 1253 --> ToRoman : MCCLIII --> ToNumber : 1253
Iter : 1254 --> ToRoman : MCCLIV --> ToNumber : 1254
Iter : 1255 --> ToRoman : MCCLV --> ToNumber : 1255
Iter : 1256 --> ToRoman : MCCLVI --> ToNumber : 1256
Iter : 1257 --> ToRoman : MCCLVII --> ToNumber : 1257
Iter : 1258 --> ToRoman : MCCLVIII --> ToNumber : 1258
Iter : 1259 --> ToRoman : MCCLIX --> ToNumber : 1259
Iter : 1260 --> ToRoman : MCCLX --> ToNumber : 1260
Iter : 1261 --> ToRoman : MCCLXI --> ToNumber : 1261
Iter : 1262 --> ToRoman : MCCLXII --> ToNumber : 1262
Iter : 1263 --> ToRoman : MCCLXIII --> ToNumber : 1263
Iter : 1264 --> ToRoman : MCCLXIV --> ToNumber : 1264
Iter : 1265 --> ToRoman : MCCLXV --> ToNumber : 1265
Iter : 1266 --> ToRoman : MCCLXVI --> ToNumber : 1266
Iter : 1267 --> ToRoman : MCCLXVII --> ToNumber : 1267
Iter : 1268 --> ToRoman : MCCLXVIII --> ToNumber : 1268
Iter : 1269 --> ToRoman : MCCLXIX --> ToNumber : 1269
Iter : 1270 --> ToRoman : MCCLXX --> ToNumber : 1270
Iter : 1271 --> ToRoman : MCCLXXI --> ToNumber : 1271
Iter : 1272 --> ToRoman : MCCLXXII --> ToNumber : 1272
Iter : 1273 --> ToRoman : MCCLXXIII --> ToNumber : 1273
Iter : 1274 --> ToRoman : MCCLXXIV --> ToNumber : 1274
Iter : 1275 --> ToRoman : MCCLXXV --> ToNumber : 1275
Iter : 1276 --> ToRoman : MCCLXXVI --> ToNumber : 1276
Iter : 1277 --> ToRoman : MCCLXXVII --> ToNumber : 1277
Iter : 1278 --> ToRoman : MCCLXXVIII --> ToNumber : 1278
Iter : 1279 --> ToRoman : MCCLXXIX --> ToNumber : 1279
Iter : 1280 --> ToRoman : MCCLXXX --> ToNumber : 1280
Iter : 1281 --> ToRoman : MCCLXXXI --> ToNumber : 1281
Iter : 1282 --> ToRoman : MCCLXXXII --> ToNumber : 1282
Iter : 1283 --> ToRoman : MCCLXXXIII --> ToNumber : 1283
Iter : 1284 --> ToRoman : MCCLXXXIV --> ToNumber : 1284
Iter : 1285 --> ToRoman : MCCLXXXV --> ToNumber : 1285
Iter : 1286 --> ToRoman : MCCLXXXVI --> ToNumber : 1286
Iter : 1287 --> ToRoman : MCCLXXXVII --> ToNumber : 1287
Iter : 1288 --> ToRoman : MCCLXXXVIII --> ToNumber : 1288
Iter : 1289 --> ToRoman : MCCLXXXIX --> ToNumber : 1289
Iter : 1290 --> ToRoman : MCCXC --> ToNumber : 1290
Iter : 1291 --> ToRoman : MCCXCI --> ToNumber : 1291
Iter : 1292 --> ToRoman : MCCXCII --> ToNumber : 1292
Iter : 1293 --> ToRoman : MCCXCIII --> ToNumber : 1293
Iter : 1294 --> ToRoman : MCCXCIV --> ToNumber : 1294
Iter : 1295 --> ToRoman : MCCXCV --> ToNumber : 1295
Iter : 1296 --> ToRoman : MCCXCVI --> ToNumber : 1296
Iter : 1297 --> ToRoman : MCCXCVII --> ToNumber : 1297
Iter : 1298 --> ToRoman : MCCXCVIII --> ToNumber : 1298
Iter : 1299 --> ToRoman : MCCXCIX --> ToNumber : 1299
Iter : 1300 --> ToRoman : MCCC --> ToNumber : 1300
Iter : 1301 --> ToRoman : MCCCI --> ToNumber : 1301
Iter : 1302 --> ToRoman : MCCCII --> ToNumber : 1302
Iter : 1303 --> ToRoman : MCCCIII --> ToNumber : 1303
Iter : 1304 --> ToRoman : MCCCIV --> ToNumber : 1304
Iter : 1305 --> ToRoman : MCCCV --> ToNumber : 1305
Iter : 1306 --> ToRoman : MCCCVI --> ToNumber : 1306
Iter : 1307 --> ToRoman : MCCCVII --> ToNumber : 1307
Iter : 1308 --> ToRoman : MCCCVIII --> ToNumber : 1308
Iter : 1309 --> ToRoman : MCCCIX --> ToNumber : 1309
Iter : 1310 --> ToRoman : MCCCX --> ToNumber : 1310
Iter : 1311 --> ToRoman : MCCCXI --> ToNumber : 1311
Iter : 1312 --> ToRoman : MCCCXII --> ToNumber : 1312
Iter : 1313 --> ToRoman : MCCCXIII --> ToNumber : 1313
Iter : 1314 --> ToRoman : MCCCXIV --> ToNumber : 1314
Iter : 1315 --> ToRoman : MCCCXV --> ToNumber : 1315
Iter : 1316 --> ToRoman : MCCCXVI --> ToNumber : 1316
Iter : 1317 --> ToRoman : MCCCXVII --> ToNumber : 1317
Iter : 1318 --> ToRoman : MCCCXVIII --> ToNumber : 1318
Iter : 1319 --> ToRoman : MCCCXIX --> ToNumber : 1319
Iter : 1320 --> ToRoman : MCCCXX --> ToNumber : 1320
Iter : 1321 --> ToRoman : MCCCXXI --> ToNumber : 1321
Iter : 1322 --> ToRoman : MCCCXXII --> ToNumber : 1322
Iter : 1323 --> ToRoman : MCCCXXIII --> ToNumber : 1323
Iter : 1324 --> ToRoman : MCCCXXIV --> ToNumber : 1324
Iter : 1325 --> ToRoman : MCCCXXV --> ToNumber : 1325
Iter : 1326 --> ToRoman : MCCCXXVI --> ToNumber : 1326
Iter : 1327 --> ToRoman : MCCCXXVII --> ToNumber : 1327
Iter : 1328 --> ToRoman : MCCCXXVIII --> ToNumber : 1328
Iter : 1329 --> ToRoman : MCCCXXIX --> ToNumber : 1329
Iter : 1330 --> ToRoman : MCCCXXX --> ToNumber : 1330
Iter : 1331 --> ToRoman : MCCCXXXI --> ToNumber : 1331
Iter : 1332 --> ToRoman : MCCCXXXII --> ToNumber : 1332
Iter : 1333 --> ToRoman : MCCCXXXIII --> ToNumber : 1333
Iter : 1334 --> ToRoman : MCCCXXXIV --> ToNumber : 1334
Iter : 1335 --> ToRoman : MCCCXXXV --> ToNumber : 1335
Iter : 1336 --> ToRoman : MCCCXXXVI --> ToNumber : 1336
Iter : 1337 --> ToRoman : MCCCXXXVII --> ToNumber : 1337
Iter : 1338 --> ToRoman : MCCCXXXVIII --> ToNumber : 1338
Iter : 1339 --> ToRoman : MCCCXXXIX --> ToNumber : 1339
Iter : 1340 --> ToRoman : MCCCXL --> ToNumber : 1340
Iter : 1341 --> ToRoman : MCCCXLI --> ToNumber : 1341
Iter : 1342 --> ToRoman : MCCCXLII --> ToNumber : 1342
Iter : 1343 --> ToRoman : MCCCXLIII --> ToNumber : 1343
Iter : 1344 --> ToRoman : MCCCXLIV --> ToNumber : 1344
Iter : 1345 --> ToRoman : MCCCXLV --> ToNumber : 1345
Iter : 1346 --> ToRoman : MCCCXLVI --> ToNumber : 1346
Iter : 1347 --> ToRoman : MCCCXLVII --> ToNumber : 1347
Iter : 1348 --> ToRoman : MCCCXLVIII --> ToNumber : 1348
Iter : 1349 --> ToRoman : MCCCXLIX --> ToNumber : 1349
Iter : 1350 --> ToRoman : MCCCL --> ToNumber : 1350
Iter : 1351 --> ToRoman : MCCCLI --> ToNumber : 1351
Iter : 1352 --> ToRoman : MCCCLII --> ToNumber : 1352
Iter : 1353 --> ToRoman : MCCCLIII --> ToNumber : 1353
Iter : 1354 --> ToRoman : MCCCLIV --> ToNumber : 1354
Iter : 1355 --> ToRoman : MCCCLV --> ToNumber : 1355
Iter : 1356 --> ToRoman : MCCCLVI --> ToNumber : 1356
Iter : 1357 --> ToRoman : MCCCLVII --> ToNumber : 1357
Iter : 1358 --> ToRoman : MCCCLVIII --> ToNumber : 1358
Iter : 1359 --> ToRoman : MCCCLIX --> ToNumber : 1359
Iter : 1360 --> ToRoman : MCCCLX --> ToNumber : 1360
Iter : 1361 --> ToRoman : MCCCLXI --> ToNumber : 1361
Iter : 1362 --> ToRoman : MCCCLXII --> ToNumber : 1362
Iter : 1363 --> ToRoman : MCCCLXIII --> ToNumber : 1363
Iter : 1364 --> ToRoman : MCCCLXIV --> ToNumber : 1364
Iter : 1365 --> ToRoman : MCCCLXV --> ToNumber : 1365
Iter : 1366 --> ToRoman : MCCCLXVI --> ToNumber : 1366
Iter : 1367 --> ToRoman : MCCCLXVII --> ToNumber : 1367
Iter : 1368 --> ToRoman : MCCCLXVIII --> ToNumber : 1368
Iter : 1369 --> ToRoman : MCCCLXIX --> ToNumber : 1369
Iter : 1370 --> ToRoman : MCCCLXX --> ToNumber : 1370
Iter : 1371 --> ToRoman : MCCCLXXI --> ToNumber : 1371
Iter : 1372 --> ToRoman : MCCCLXXII --> ToNumber : 1372
Iter : 1373 --> ToRoman : MCCCLXXIII --> ToNumber : 1373
Iter : 1374 --> ToRoman : MCCCLXXIV --> ToNumber : 1374
Iter : 1375 --> ToRoman : MCCCLXXV --> ToNumber : 1375
Iter : 1376 --> ToRoman : MCCCLXXVI --> ToNumber : 1376
Iter : 1377 --> ToRoman : MCCCLXXVII --> ToNumber : 1377
Iter : 1378 --> ToRoman : MCCCLXXVIII --> ToNumber : 1378
Iter : 1379 --> ToRoman : MCCCLXXIX --> ToNumber : 1379
Iter : 1380 --> ToRoman : MCCCLXXX --> ToNumber : 1380
Iter : 1381 --> ToRoman : MCCCLXXXI --> ToNumber : 1381
Iter : 1382 --> ToRoman : MCCCLXXXII --> ToNumber : 1382
Iter : 1383 --> ToRoman : MCCCLXXXIII --> ToNumber : 1383
Iter : 1384 --> ToRoman : MCCCLXXXIV --> ToNumber : 1384
Iter : 1385 --> ToRoman : MCCCLXXXV --> ToNumber : 1385
Iter : 1386 --> ToRoman : MCCCLXXXVI --> ToNumber : 1386
Iter : 1387 --> ToRoman : MCCCLXXXVII --> ToNumber : 1387
Iter : 1388 --> ToRoman : MCCCLXXXVIII --> ToNumber : 1388
Iter : 1389 --> ToRoman : MCCCLXXXIX --> ToNumber : 1389
Iter : 1390 --> ToRoman : MCCCXC --> ToNumber : 1390
Iter : 1391 --> ToRoman : MCCCXCI --> ToNumber : 1391
Iter : 1392 --> ToRoman : MCCCXCII --> ToNumber : 1392
Iter : 1393 --> ToRoman : MCCCXCIII --> ToNumber : 1393
Iter : 1394 --> ToRoman : MCCCXCIV --> ToNumber : 1394
Iter : 1395 --> ToRoman : MCCCXCV --> ToNumber : 1395
Iter : 1396 --> ToRoman : MCCCXCVI --> ToNumber : 1396
Iter : 1397 --> ToRoman : MCCCXCVII --> ToNumber : 1397
Iter : 1398 --> ToRoman : MCCCXCVIII --> ToNumber : 1398
Iter : 1399 --> ToRoman : MCCCXCIX --> ToNumber : 1399
Iter : 1400 --> ToRoman : MCD --> ToNumber : 1400
Iter : 1401 --> ToRoman : MCDI --> ToNumber : 1401
Iter : 1402 --> ToRoman : MCDII --> ToNumber : 1402
Iter : 1403 --> ToRoman : MCDIII --> ToNumber : 1403
Iter : 1404 --> ToRoman : MCDIV --> ToNumber : 1404
Iter : 1405 --> ToRoman : MCDV --> ToNumber : 1405
Iter : 1406 --> ToRoman : MCDVI --> ToNumber : 1406
Iter : 1407 --> ToRoman : MCDVII --> ToNumber : 1407
Iter : 1408 --> ToRoman : MCDVIII --> ToNumber : 1408
Iter : 1409 --> ToRoman : MCDIX --> ToNumber : 1409
Iter : 1410 --> ToRoman : MCDX --> ToNumber : 1410
Iter : 1411 --> ToRoman : MCDXI --> ToNumber : 1411
Iter : 1412 --> ToRoman : MCDXII --> ToNumber : 1412
Iter : 1413 --> ToRoman : MCDXIII --> ToNumber : 1413
Iter : 1414 --> ToRoman : MCDXIV --> ToNumber : 1414
Iter : 1415 --> ToRoman : MCDXV --> ToNumber : 1415
Iter : 1416 --> ToRoman : MCDXVI --> ToNumber : 1416
Iter : 1417 --> ToRoman : MCDXVII --> ToNumber : 1417
Iter : 1418 --> ToRoman : MCDXVIII --> ToNumber : 1418
Iter : 1419 --> ToRoman : MCDXIX --> ToNumber : 1419
Iter : 1420 --> ToRoman : MCDXX --> ToNumber : 1420
Iter : 1421 --> ToRoman : MCDXXI --> ToNumber : 1421
Iter : 1422 --> ToRoman : MCDXXII --> ToNumber : 1422
Iter : 1423 --> ToRoman : MCDXXIII --> ToNumber : 1423
Iter : 1424 --> ToRoman : MCDXXIV --> ToNumber : 1424
Iter : 1425 --> ToRoman : MCDXXV --> ToNumber : 1425
Iter : 1426 --> ToRoman : MCDXXVI --> ToNumber : 1426
Iter : 1427 --> ToRoman : MCDXXVII --> ToNumber : 1427
Iter : 1428 --> ToRoman : MCDXXVIII --> ToNumber : 1428
Iter : 1429 --> ToRoman : MCDXXIX --> ToNumber : 1429
Iter : 1430 --> ToRoman : MCDXXX --> ToNumber : 1430
Iter : 1431 --> ToRoman : MCDXXXI --> ToNumber : 1431
Iter : 1432 --> ToRoman : MCDXXXII --> ToNumber : 1432
Iter : 1433 --> ToRoman : MCDXXXIII --> ToNumber : 1433
Iter : 1434 --> ToRoman : MCDXXXIV --> ToNumber : 1434
Iter : 1435 --> ToRoman : MCDXXXV --> ToNumber : 1435
Iter : 1436 --> ToRoman : MCDXXXVI --> ToNumber : 1436
Iter : 1437 --> ToRoman : MCDXXXVII --> ToNumber : 1437
Iter : 1438 --> ToRoman : MCDXXXVIII --> ToNumber : 1438
Iter : 1439 --> ToRoman : MCDXXXIX --> ToNumber : 1439
Iter : 1440 --> ToRoman : MCDXL --> ToNumber : 1440
Iter : 1441 --> ToRoman : MCDXLI --> ToNumber : 1441
Iter : 1442 --> ToRoman : MCDXLII --> ToNumber : 1442
Iter : 1443 --> ToRoman : MCDXLIII --> ToNumber : 1443
Iter : 1444 --> ToRoman : MCDXLIV --> ToNumber : 1444
Iter : 1445 --> ToRoman : MCDXLV --> ToNumber : 1445
Iter : 1446 --> ToRoman : MCDXLVI --> ToNumber : 1446
Iter : 1447 --> ToRoman : MCDXLVII --> ToNumber : 1447
Iter : 1448 --> ToRoman : MCDXLVIII --> ToNumber : 1448
Iter : 1449 --> ToRoman : MCDXLIX --> ToNumber : 1449
Iter : 1450 --> ToRoman : MCDL --> ToNumber : 1450
Iter : 1451 --> ToRoman : MCDLI --> ToNumber : 1451
Iter : 1452 --> ToRoman : MCDLII --> ToNumber : 1452
Iter : 1453 --> ToRoman : MCDLIII --> ToNumber : 1453
Iter : 1454 --> ToRoman : MCDLIV --> ToNumber : 1454
Iter : 1455 --> ToRoman : MCDLV --> ToNumber : 1455
Iter : 1456 --> ToRoman : MCDLVI --> ToNumber : 1456
Iter : 1457 --> ToRoman : MCDLVII --> ToNumber : 1457
Iter : 1458 --> ToRoman : MCDLVIII --> ToNumber : 1458
Iter : 1459 --> ToRoman : MCDLIX --> ToNumber : 1459
Iter : 1460 --> ToRoman : MCDLX --> ToNumber : 1460
Iter : 1461 --> ToRoman : MCDLXI --> ToNumber : 1461
Iter : 1462 --> ToRoman : MCDLXII --> ToNumber : 1462
Iter : 1463 --> ToRoman : MCDLXIII --> ToNumber : 1463
Iter : 1464 --> ToRoman : MCDLXIV --> ToNumber : 1464
Iter : 1465 --> ToRoman : MCDLXV --> ToNumber : 1465
Iter : 1466 --> ToRoman : MCDLXVI --> ToNumber : 1466
Iter : 1467 --> ToRoman : MCDLXVII --> ToNumber : 1467
Iter : 1468 --> ToRoman : MCDLXVIII --> ToNumber : 1468
Iter : 1469 --> ToRoman : MCDLXIX --> ToNumber : 1469
Iter : 1470 --> ToRoman : MCDLXX --> ToNumber : 1470
Iter : 1471 --> ToRoman : MCDLXXI --> ToNumber : 1471
Iter : 1472 --> ToRoman : MCDLXXII --> ToNumber : 1472
Iter : 1473 --> ToRoman : MCDLXXIII --> ToNumber : 1473
Iter : 1474 --> ToRoman : MCDLXXIV --> ToNumber : 1474
Iter : 1475 --> ToRoman : MCDLXXV --> ToNumber : 1475
Iter : 1476 --> ToRoman : MCDLXXVI --> ToNumber : 1476
Iter : 1477 --> ToRoman : MCDLXXVII --> ToNumber : 1477
Iter : 1478 --> ToRoman : MCDLXXVIII --> ToNumber : 1478
Iter : 1479 --> ToRoman : MCDLXXIX --> ToNumber : 1479
Iter : 1480 --> ToRoman : MCDLXXX --> ToNumber : 1480
Iter : 1481 --> ToRoman : MCDLXXXI --> ToNumber : 1481
Iter : 1482 --> ToRoman : MCDLXXXII --> ToNumber : 1482
Iter : 1483 --> ToRoman : MCDLXXXIII --> ToNumber : 1483
Iter : 1484 --> ToRoman : MCDLXXXIV --> ToNumber : 1484
Iter : 1485 --> ToRoman : MCDLXXXV --> ToNumber : 1485
Iter : 1486 --> ToRoman : MCDLXXXVI --> ToNumber : 1486
Iter : 1487 --> ToRoman : MCDLXXXVII --> ToNumber : 1487
Iter : 1488 --> ToRoman : MCDLXXXVIII --> ToNumber : 1488
Iter : 1489 --> ToRoman : MCDLXXXIX --> ToNumber : 1489
Iter : 1490 --> ToRoman : MCDXC --> ToNumber : 1490
Iter : 1491 --> ToRoman : MCDXCI --> ToNumber : 1491
Iter : 1492 --> ToRoman : MCDXCII --> ToNumber : 1492
Iter : 1493 --> ToRoman : MCDXCIII --> ToNumber : 1493
Iter : 1494 --> ToRoman : MCDXCIV --> ToNumber : 1494
Iter : 1495 --> ToRoman : MCDXCV --> ToNumber : 1495
Iter : 1496 --> ToRoman : MCDXCVI --> ToNumber : 1496
Iter : 1497 --> ToRoman : MCDXCVII --> ToNumber : 1497
Iter : 1498 --> ToRoman : MCDXCVIII --> ToNumber : 1498
Iter : 1499 --> ToRoman : MCDXCIX --> ToNumber : 1499
Iter : 1500 --> ToRoman : MD --> ToNumber : 1500
Iter : 1501 --> ToRoman : MDI --> ToNumber : 1501
Iter : 1502 --> ToRoman : MDII --> ToNumber : 1502
Iter : 1503 --> ToRoman : MDIII --> ToNumber : 1503
Iter : 1504 --> ToRoman : MDIV --> ToNumber : 1504
Iter : 1505 --> ToRoman : MDV --> ToNumber : 1505
Iter : 1506 --> ToRoman : MDVI --> ToNumber : 1506
Iter : 1507 --> ToRoman : MDVII --> ToNumber : 1507
Iter : 1508 --> ToRoman : MDVIII --> ToNumber : 1508
Iter : 1509 --> ToRoman : MDIX --> ToNumber : 1509
Iter : 1510 --> ToRoman : MDX --> ToNumber : 1510
Iter : 1511 --> ToRoman : MDXI --> ToNumber : 1511
Iter : 1512 --> ToRoman : MDXII --> ToNumber : 1512
Iter : 1513 --> ToRoman : MDXIII --> ToNumber : 1513
Iter : 1514 --> ToRoman : MDXIV --> ToNumber : 1514
Iter : 1515 --> ToRoman : MDXV --> ToNumber : 1515
Iter : 1516 --> ToRoman : MDXVI --> ToNumber : 1516
Iter : 1517 --> ToRoman : MDXVII --> ToNumber : 1517
Iter : 1518 --> ToRoman : MDXVIII --> ToNumber : 1518
Iter : 1519 --> ToRoman : MDXIX --> ToNumber : 1519
Iter : 1520 --> ToRoman : MDXX --> ToNumber : 1520
Iter : 1521 --> ToRoman : MDXXI --> ToNumber : 1521
Iter : 1522 --> ToRoman : MDXXII --> ToNumber : 1522
Iter : 1523 --> ToRoman : MDXXIII --> ToNumber : 1523
Iter : 1524 --> ToRoman : MDXXIV --> ToNumber : 1524
Iter : 1525 --> ToRoman : MDXXV --> ToNumber : 1525
Iter : 1526 --> ToRoman : MDXXVI --> ToNumber : 1526
Iter : 1527 --> ToRoman : MDXXVII --> ToNumber : 1527
Iter : 1528 --> ToRoman : MDXXVIII --> ToNumber : 1528
Iter : 1529 --> ToRoman : MDXXIX --> ToNumber : 1529
Iter : 1530 --> ToRoman : MDXXX --> ToNumber : 1530
Iter : 1531 --> ToRoman : MDXXXI --> ToNumber : 1531
Iter : 1532 --> ToRoman : MDXXXII --> ToNumber : 1532
Iter : 1533 --> ToRoman : MDXXXIII --> ToNumber : 1533
Iter : 1534 --> ToRoman : MDXXXIV --> ToNumber : 1534
Iter : 1535 --> ToRoman : MDXXXV --> ToNumber : 1535
Iter : 1536 --> ToRoman : MDXXXVI --> ToNumber : 1536
Iter : 1537 --> ToRoman : MDXXXVII --> ToNumber : 1537
Iter : 1538 --> ToRoman : MDXXXVIII --> ToNumber : 1538
Iter : 1539 --> ToRoman : MDXXXIX --> ToNumber : 1539
Iter : 1540 --> ToRoman : MDXL --> ToNumber : 1540
Iter : 1541 --> ToRoman : MDXLI --> ToNumber : 1541
Iter : 1542 --> ToRoman : MDXLII --> ToNumber : 1542
Iter : 1543 --> ToRoman : MDXLIII --> ToNumber : 1543
Iter : 1544 --> ToRoman : MDXLIV --> ToNumber : 1544
Iter : 1545 --> ToRoman : MDXLV --> ToNumber : 1545
Iter : 1546 --> ToRoman : MDXLVI --> ToNumber : 1546
Iter : 1547 --> ToRoman : MDXLVII --> ToNumber : 1547
Iter : 1548 --> ToRoman : MDXLVIII --> ToNumber : 1548
Iter : 1549 --> ToRoman : MDXLIX --> ToNumber : 1549
Iter : 1550 --> ToRoman : MDL --> ToNumber : 1550
Iter : 1551 --> ToRoman : MDLI --> ToNumber : 1551
Iter : 1552 --> ToRoman : MDLII --> ToNumber : 1552
Iter : 1553 --> ToRoman : MDLIII --> ToNumber : 1553
Iter : 1554 --> ToRoman : MDLIV --> ToNumber : 1554
Iter : 1555 --> ToRoman : MDLV --> ToNumber : 1555
Iter : 1556 --> ToRoman : MDLVI --> ToNumber : 1556
Iter : 1557 --> ToRoman : MDLVII --> ToNumber : 1557
Iter : 1558 --> ToRoman : MDLVIII --> ToNumber : 1558
Iter : 1559 --> ToRoman : MDLIX --> ToNumber : 1559
Iter : 1560 --> ToRoman : MDLX --> ToNumber : 1560
Iter : 1561 --> ToRoman : MDLXI --> ToNumber : 1561
Iter : 1562 --> ToRoman : MDLXII --> ToNumber : 1562
Iter : 1563 --> ToRoman : MDLXIII --> ToNumber : 1563
Iter : 1564 --> ToRoman : MDLXIV --> ToNumber : 1564
Iter : 1565 --> ToRoman : MDLXV --> ToNumber : 1565
Iter : 1566 --> ToRoman : MDLXVI --> ToNumber : 1566
Iter : 1567 --> ToRoman : MDLXVII --> ToNumber : 1567
Iter : 1568 --> ToRoman : MDLXVIII --> ToNumber : 1568
Iter : 1569 --> ToRoman : MDLXIX --> ToNumber : 1569
Iter : 1570 --> ToRoman : MDLXX --> ToNumber : 1570
Iter : 1571 --> ToRoman : MDLXXI --> ToNumber : 1571
Iter : 1572 --> ToRoman : MDLXXII --> ToNumber : 1572
Iter : 1573 --> ToRoman : MDLXXIII --> ToNumber : 1573
Iter : 1574 --> ToRoman : MDLXXIV --> ToNumber : 1574
Iter : 1575 --> ToRoman : MDLXXV --> ToNumber : 1575
Iter : 1576 --> ToRoman : MDLXXVI --> ToNumber : 1576
Iter : 1577 --> ToRoman : MDLXXVII --> ToNumber : 1577
Iter : 1578 --> ToRoman : MDLXXVIII --> ToNumber : 1578
Iter : 1579 --> ToRoman : MDLXXIX --> ToNumber : 1579
Iter : 1580 --> ToRoman : MDLXXX --> ToNumber : 1580
Iter : 1581 --> ToRoman : MDLXXXI --> ToNumber : 1581
Iter : 1582 --> ToRoman : MDLXXXII --> ToNumber : 1582
Iter : 1583 --> ToRoman : MDLXXXIII --> ToNumber : 1583
Iter : 1584 --> ToRoman : MDLXXXIV --> ToNumber : 1584
Iter : 1585 --> ToRoman : MDLXXXV --> ToNumber : 1585
Iter : 1586 --> ToRoman : MDLXXXVI --> ToNumber : 1586
Iter : 1587 --> ToRoman : MDLXXXVII --> ToNumber : 1587
Iter : 1588 --> ToRoman : MDLXXXVIII --> ToNumber : 1588
Iter : 1589 --> ToRoman : MDLXXXIX --> ToNumber : 1589
Iter : 1590 --> ToRoman : MDXC --> ToNumber : 1590
Iter : 1591 --> ToRoman : MDXCI --> ToNumber : 1591
Iter : 1592 --> ToRoman : MDXCII --> ToNumber : 1592
Iter : 1593 --> ToRoman : MDXCIII --> ToNumber : 1593
Iter : 1594 --> ToRoman : MDXCIV --> ToNumber : 1594
Iter : 1595 --> ToRoman : MDXCV --> ToNumber : 1595
Iter : 1596 --> ToRoman : MDXCVI --> ToNumber : 1596
Iter : 1597 --> ToRoman : MDXCVII --> ToNumber : 1597
Iter : 1598 --> ToRoman : MDXCVIII --> ToNumber : 1598
Iter : 1599 --> ToRoman : MDXCIX --> ToNumber : 1599
Iter : 1600 --> ToRoman : MDC --> ToNumber : 1600
Iter : 1601 --> ToRoman : MDCI --> ToNumber : 1601
Iter : 1602 --> ToRoman : MDCII --> ToNumber : 1602
Iter : 1603 --> ToRoman : MDCIII --> ToNumber : 1603
Iter : 1604 --> ToRoman : MDCIV --> ToNumber : 1604
Iter : 1605 --> ToRoman : MDCV --> ToNumber : 1605
Iter : 1606 --> ToRoman : MDCVI --> ToNumber : 1606
Iter : 1607 --> ToRoman : MDCVII --> ToNumber : 1607
Iter : 1608 --> ToRoman : MDCVIII --> ToNumber : 1608
Iter : 1609 --> ToRoman : MDCIX --> ToNumber : 1609
Iter : 1610 --> ToRoman : MDCX --> ToNumber : 1610
Iter : 1611 --> ToRoman : MDCXI --> ToNumber : 1611
Iter : 1612 --> ToRoman : MDCXII --> ToNumber : 1612
Iter : 1613 --> ToRoman : MDCXIII --> ToNumber : 1613
Iter : 1614 --> ToRoman : MDCXIV --> ToNumber : 1614
Iter : 1615 --> ToRoman : MDCXV --> ToNumber : 1615
Iter : 1616 --> ToRoman : MDCXVI --> ToNumber : 1616
Iter : 1617 --> ToRoman : MDCXVII --> ToNumber : 1617
Iter : 1618 --> ToRoman : MDCXVIII --> ToNumber : 1618
Iter : 1619 --> ToRoman : MDCXIX --> ToNumber : 1619
Iter : 1620 --> ToRoman : MDCXX --> ToNumber : 1620
Iter : 1621 --> ToRoman : MDCXXI --> ToNumber : 1621
Iter : 1622 --> ToRoman : MDCXXII --> ToNumber : 1622
Iter : 1623 --> ToRoman : MDCXXIII --> ToNumber : 1623
Iter : 1624 --> ToRoman : MDCXXIV --> ToNumber : 1624
Iter : 1625 --> ToRoman : MDCXXV --> ToNumber : 1625
Iter : 1626 --> ToRoman : MDCXXVI --> ToNumber : 1626
Iter : 1627 --> ToRoman : MDCXXVII --> ToNumber : 1627
Iter : 1628 --> ToRoman : MDCXXVIII --> ToNumber : 1628
Iter : 1629 --> ToRoman : MDCXXIX --> ToNumber : 1629
Iter : 1630 --> ToRoman : MDCXXX --> ToNumber : 1630
Iter : 1631 --> ToRoman : MDCXXXI --> ToNumber : 1631
Iter : 1632 --> ToRoman : MDCXXXII --> ToNumber : 1632
Iter : 1633 --> ToRoman : MDCXXXIII --> ToNumber : 1633
Iter : 1634 --> ToRoman : MDCXXXIV --> ToNumber : 1634
Iter : 1635 --> ToRoman : MDCXXXV --> ToNumber : 1635
Iter : 1636 --> ToRoman : MDCXXXVI --> ToNumber : 1636
Iter : 1637 --> ToRoman : MDCXXXVII --> ToNumber : 1637
Iter : 1638 --> ToRoman : MDCXXXVIII --> ToNumber : 1638
Iter : 1639 --> ToRoman : MDCXXXIX --> ToNumber : 1639
Iter : 1640 --> ToRoman : MDCXL --> ToNumber : 1640
Iter : 1641 --> ToRoman : MDCXLI --> ToNumber : 1641
Iter : 1642 --> ToRoman : MDCXLII --> ToNumber : 1642
Iter : 1643 --> ToRoman : MDCXLIII --> ToNumber : 1643
Iter : 1644 --> ToRoman : MDCXLIV --> ToNumber : 1644
Iter : 1645 --> ToRoman : MDCXLV --> ToNumber : 1645
Iter : 1646 --> ToRoman : MDCXLVI --> ToNumber : 1646
Iter : 1647 --> ToRoman : MDCXLVII --> ToNumber : 1647
Iter : 1648 --> ToRoman : MDCXLVIII --> ToNumber : 1648
Iter : 1649 --> ToRoman : MDCXLIX --> ToNumber : 1649
Iter : 1650 --> ToRoman : MDCL --> ToNumber : 1650
Iter : 1651 --> ToRoman : MDCLI --> ToNumber : 1651
Iter : 1652 --> ToRoman : MDCLII --> ToNumber : 1652
Iter : 1653 --> ToRoman : MDCLIII --> ToNumber : 1653
Iter : 1654 --> ToRoman : MDCLIV --> ToNumber : 1654
Iter : 1655 --> ToRoman : MDCLV --> ToNumber : 1655
Iter : 1656 --> ToRoman : MDCLVI --> ToNumber : 1656
Iter : 1657 --> ToRoman : MDCLVII --> ToNumber : 1657
Iter : 1658 --> ToRoman : MDCLVIII --> ToNumber : 1658
Iter : 1659 --> ToRoman : MDCLIX --> ToNumber : 1659
Iter : 1660 --> ToRoman : MDCLX --> ToNumber : 1660
Iter : 1661 --> ToRoman : MDCLXI --> ToNumber : 1661
Iter : 1662 --> ToRoman : MDCLXII --> ToNumber : 1662
Iter : 1663 --> ToRoman : MDCLXIII --> ToNumber : 1663
Iter : 1664 --> ToRoman : MDCLXIV --> ToNumber : 1664
Iter : 1665 --> ToRoman : MDCLXV --> ToNumber : 1665
Iter : 1666 --> ToRoman : MDCLXVI --> ToNumber : 1666
Iter : 1667 --> ToRoman : MDCLXVII --> ToNumber : 1667
Iter : 1668 --> ToRoman : MDCLXVIII --> ToNumber : 1668
Iter : 1669 --> ToRoman : MDCLXIX --> ToNumber : 1669
Iter : 1670 --> ToRoman : MDCLXX --> ToNumber : 1670
Iter : 1671 --> ToRoman : MDCLXXI --> ToNumber : 1671
Iter : 1672 --> ToRoman : MDCLXXII --> ToNumber : 1672
Iter : 1673 --> ToRoman : MDCLXXIII --> ToNumber : 1673
Iter : 1674 --> ToRoman : MDCLXXIV --> ToNumber : 1674
Iter : 1675 --> ToRoman : MDCLXXV --> ToNumber : 1675
Iter : 1676 --> ToRoman : MDCLXXVI --> ToNumber : 1676
Iter : 1677 --> ToRoman : MDCLXXVII --> ToNumber : 1677
Iter : 1678 --> ToRoman : MDCLXXVIII --> ToNumber : 1678
Iter : 1679 --> ToRoman : MDCLXXIX --> ToNumber : 1679
Iter : 1680 --> ToRoman : MDCLXXX --> ToNumber : 1680
Iter : 1681 --> ToRoman : MDCLXXXI --> ToNumber : 1681
Iter : 1682 --> ToRoman : MDCLXXXII --> ToNumber : 1682
Iter : 1683 --> ToRoman : MDCLXXXIII --> ToNumber : 1683
Iter : 1684 --> ToRoman : MDCLXXXIV --> ToNumber : 1684
Iter : 1685 --> ToRoman : MDCLXXXV --> ToNumber : 1685
Iter : 1686 --> ToRoman : MDCLXXXVI --> ToNumber : 1686
Iter : 1687 --> ToRoman : MDCLXXXVII --> ToNumber : 1687
Iter : 1688 --> ToRoman : MDCLXXXVIII --> ToNumber : 1688
Iter : 1689 --> ToRoman : MDCLXXXIX --> ToNumber : 1689
Iter : 1690 --> ToRoman : MDCXC --> ToNumber : 1690
Iter : 1691 --> ToRoman : MDCXCI --> ToNumber : 1691
Iter : 1692 --> ToRoman : MDCXCII --> ToNumber : 1692
Iter : 1693 --> ToRoman : MDCXCIII --> ToNumber : 1693
Iter : 1694 --> ToRoman : MDCXCIV --> ToNumber : 1694
Iter : 1695 --> ToRoman : MDCXCV --> ToNumber : 1695
Iter : 1696 --> ToRoman : MDCXCVI --> ToNumber : 1696
Iter : 1697 --> ToRoman : MDCXCVII --> ToNumber : 1697
Iter : 1698 --> ToRoman : MDCXCVIII --> ToNumber : 1698
Iter : 1699 --> ToRoman : MDCXCIX --> ToNumber : 1699
Iter : 1700 --> ToRoman : MDCC --> ToNumber : 1700
Iter : 1701 --> ToRoman : MDCCI --> ToNumber : 1701
Iter : 1702 --> ToRoman : MDCCII --> ToNumber : 1702
Iter : 1703 --> ToRoman : MDCCIII --> ToNumber : 1703
Iter : 1704 --> ToRoman : MDCCIV --> ToNumber : 1704
Iter : 1705 --> ToRoman : MDCCV --> ToNumber : 1705
Iter : 1706 --> ToRoman : MDCCVI --> ToNumber : 1706
Iter : 1707 --> ToRoman : MDCCVII --> ToNumber : 1707
Iter : 1708 --> ToRoman : MDCCVIII --> ToNumber : 1708
Iter : 1709 --> ToRoman : MDCCIX --> ToNumber : 1709
Iter : 1710 --> ToRoman : MDCCX --> ToNumber : 1710
Iter : 1711 --> ToRoman : MDCCXI --> ToNumber : 1711
Iter : 1712 --> ToRoman : MDCCXII --> ToNumber : 1712
Iter : 1713 --> ToRoman : MDCCXIII --> ToNumber : 1713
Iter : 1714 --> ToRoman : MDCCXIV --> ToNumber : 1714
Iter : 1715 --> ToRoman : MDCCXV --> ToNumber : 1715
Iter : 1716 --> ToRoman : MDCCXVI --> ToNumber : 1716
Iter : 1717 --> ToRoman : MDCCXVII --> ToNumber : 1717
Iter : 1718 --> ToRoman : MDCCXVIII --> ToNumber : 1718
Iter : 1719 --> ToRoman : MDCCXIX --> ToNumber : 1719
Iter : 1720 --> ToRoman : MDCCXX --> ToNumber : 1720
Iter : 1721 --> ToRoman : MDCCXXI --> ToNumber : 1721
Iter : 1722 --> ToRoman : MDCCXXII --> ToNumber : 1722
Iter : 1723 --> ToRoman : MDCCXXIII --> ToNumber : 1723
Iter : 1724 --> ToRoman : MDCCXXIV --> ToNumber : 1724
Iter : 1725 --> ToRoman : MDCCXXV --> ToNumber : 1725
Iter : 1726 --> ToRoman : MDCCXXVI --> ToNumber : 1726
Iter : 1727 --> ToRoman : MDCCXXVII --> ToNumber : 1727
Iter : 1728 --> ToRoman : MDCCXXVIII --> ToNumber : 1728
Iter : 1729 --> ToRoman : MDCCXXIX --> ToNumber : 1729
Iter : 1730 --> ToRoman : MDCCXXX --> ToNumber : 1730
Iter : 1731 --> ToRoman : MDCCXXXI --> ToNumber : 1731
Iter : 1732 --> ToRoman : MDCCXXXII --> ToNumber : 1732
Iter : 1733 --> ToRoman : MDCCXXXIII --> ToNumber : 1733
Iter : 1734 --> ToRoman : MDCCXXXIV --> ToNumber : 1734
Iter : 1735 --> ToRoman : MDCCXXXV --> ToNumber : 1735
Iter : 1736 --> ToRoman : MDCCXXXVI --> ToNumber : 1736
Iter : 1737 --> ToRoman : MDCCXXXVII --> ToNumber : 1737
Iter : 1738 --> ToRoman : MDCCXXXVIII --> ToNumber : 1738
Iter : 1739 --> ToRoman : MDCCXXXIX --> ToNumber : 1739
Iter : 1740 --> ToRoman : MDCCXL --> ToNumber : 1740
Iter : 1741 --> ToRoman : MDCCXLI --> ToNumber : 1741
Iter : 1742 --> ToRoman : MDCCXLII --> ToNumber : 1742
Iter : 1743 --> ToRoman : MDCCXLIII --> ToNumber : 1743
Iter : 1744 --> ToRoman : MDCCXLIV --> ToNumber : 1744
Iter : 1745 --> ToRoman : MDCCXLV --> ToNumber : 1745
Iter : 1746 --> ToRoman : MDCCXLVI --> ToNumber : 1746
Iter : 1747 --> ToRoman : MDCCXLVII --> ToNumber : 1747
Iter : 1748 --> ToRoman : MDCCXLVIII --> ToNumber : 1748
Iter : 1749 --> ToRoman : MDCCXLIX --> ToNumber : 1749
Iter : 1750 --> ToRoman : MDCCL --> ToNumber : 1750
Iter : 1751 --> ToRoman : MDCCLI --> ToNumber : 1751
Iter : 1752 --> ToRoman : MDCCLII --> ToNumber : 1752
Iter : 1753 --> ToRoman : MDCCLIII --> ToNumber : 1753
Iter : 1754 --> ToRoman : MDCCLIV --> ToNumber : 1754
Iter : 1755 --> ToRoman : MDCCLV --> ToNumber : 1755
Iter : 1756 --> ToRoman : MDCCLVI --> ToNumber : 1756
Iter : 1757 --> ToRoman : MDCCLVII --> ToNumber : 1757
Iter : 1758 --> ToRoman : MDCCLVIII --> ToNumber : 1758
Iter : 1759 --> ToRoman : MDCCLIX --> ToNumber : 1759
Iter : 1760 --> ToRoman : MDCCLX --> ToNumber : 1760
Iter : 1761 --> ToRoman : MDCCLXI --> ToNumber : 1761
Iter : 1762 --> ToRoman : MDCCLXII --> ToNumber : 1762
Iter : 1763 --> ToRoman : MDCCLXIII --> ToNumber : 1763
Iter : 1764 --> ToRoman : MDCCLXIV --> ToNumber : 1764
Iter : 1765 --> ToRoman : MDCCLXV --> ToNumber : 1765
Iter : 1766 --> ToRoman : MDCCLXVI --> ToNumber : 1766
Iter : 1767 --> ToRoman : MDCCLXVII --> ToNumber : 1767
Iter : 1768 --> ToRoman : MDCCLXVIII --> ToNumber : 1768
Iter : 1769 --> ToRoman : MDCCLXIX --> ToNumber : 1769
Iter : 1770 --> ToRoman : MDCCLXX --> ToNumber : 1770
Iter : 1771 --> ToRoman : MDCCLXXI --> ToNumber : 1771
Iter : 1772 --> ToRoman : MDCCLXXII --> ToNumber : 1772
Iter : 1773 --> ToRoman : MDCCLXXIII --> ToNumber : 1773
Iter : 1774 --> ToRoman : MDCCLXXIV --> ToNumber : 1774
Iter : 1775 --> ToRoman : MDCCLXXV --> ToNumber : 1775
Iter : 1776 --> ToRoman : MDCCLXXVI --> ToNumber : 1776
Iter : 1777 --> ToRoman : MDCCLXXVII --> ToNumber : 1777
Iter : 1778 --> ToRoman : MDCCLXXVIII --> ToNumber : 1778
Iter : 1779 --> ToRoman : MDCCLXXIX --> ToNumber : 1779
Iter : 1780 --> ToRoman : MDCCLXXX --> ToNumber : 1780
Iter : 1781 --> ToRoman : MDCCLXXXI --> ToNumber : 1781
Iter : 1782 --> ToRoman : MDCCLXXXII --> ToNumber : 1782
Iter : 1783 --> ToRoman : MDCCLXXXIII --> ToNumber : 1783
Iter : 1784 --> ToRoman : MDCCLXXXIV --> ToNumber : 1784
Iter : 1785 --> ToRoman : MDCCLXXXV --> ToNumber : 1785
Iter : 1786 --> ToRoman : MDCCLXXXVI --> ToNumber : 1786
Iter : 1787 --> ToRoman : MDCCLXXXVII --> ToNumber : 1787
Iter : 1788 --> ToRoman : MDCCLXXXVIII --> ToNumber : 1788
Iter : 1789 --> ToRoman : MDCCLXXXIX --> ToNumber : 1789
Iter : 1790 --> ToRoman : MDCCXC --> ToNumber : 1790
Iter : 1791 --> ToRoman : MDCCXCI --> ToNumber : 1791
Iter : 1792 --> ToRoman : MDCCXCII --> ToNumber : 1792
Iter : 1793 --> ToRoman : MDCCXCIII --> ToNumber : 1793
Iter : 1794 --> ToRoman : MDCCXCIV --> ToNumber : 1794
Iter : 1795 --> ToRoman : MDCCXCV --> ToNumber : 1795
Iter : 1796 --> ToRoman : MDCCXCVI --> ToNumber : 1796
Iter : 1797 --> ToRoman : MDCCXCVII --> ToNumber : 1797
Iter : 1798 --> ToRoman : MDCCXCVIII --> ToNumber : 1798
Iter : 1799 --> ToRoman : MDCCXCIX --> ToNumber : 1799
Iter : 1800 --> ToRoman : MDCCC --> ToNumber : 1800
Iter : 1801 --> ToRoman : MDCCCI --> ToNumber : 1801
Iter : 1802 --> ToRoman : MDCCCII --> ToNumber : 1802
Iter : 1803 --> ToRoman : MDCCCIII --> ToNumber : 1803
Iter : 1804 --> ToRoman : MDCCCIV --> ToNumber : 1804
Iter : 1805 --> ToRoman : MDCCCV --> ToNumber : 1805
Iter : 1806 --> ToRoman : MDCCCVI --> ToNumber : 1806
Iter : 1807 --> ToRoman : MDCCCVII --> ToNumber : 1807
Iter : 1808 --> ToRoman : MDCCCVIII --> ToNumber : 1808
Iter : 1809 --> ToRoman : MDCCCIX --> ToNumber : 1809
Iter : 1810 --> ToRoman : MDCCCX --> ToNumber : 1810
Iter : 1811 --> ToRoman : MDCCCXI --> ToNumber : 1811
Iter : 1812 --> ToRoman : MDCCCXII --> ToNumber : 1812
Iter : 1813 --> ToRoman : MDCCCXIII --> ToNumber : 1813
Iter : 1814 --> ToRoman : MDCCCXIV --> ToNumber : 1814
Iter : 1815 --> ToRoman : MDCCCXV --> ToNumber : 1815
Iter : 1816 --> ToRoman : MDCCCXVI --> ToNumber : 1816
Iter : 1817 --> ToRoman : MDCCCXVII --> ToNumber : 1817
Iter : 1818 --> ToRoman : MDCCCXVIII --> ToNumber : 1818
Iter : 1819 --> ToRoman : MDCCCXIX --> ToNumber : 1819
Iter : 1820 --> ToRoman : MDCCCXX --> ToNumber : 1820
Iter : 1821 --> ToRoman : MDCCCXXI --> ToNumber : 1821
Iter : 1822 --> ToRoman : MDCCCXXII --> ToNumber : 1822
Iter : 1823 --> ToRoman : MDCCCXXIII --> ToNumber : 1823
Iter : 1824 --> ToRoman : MDCCCXXIV --> ToNumber : 1824
Iter : 1825 --> ToRoman : MDCCCXXV --> ToNumber : 1825
Iter : 1826 --> ToRoman : MDCCCXXVI --> ToNumber : 1826
Iter : 1827 --> ToRoman : MDCCCXXVII --> ToNumber : 1827
Iter : 1828 --> ToRoman : MDCCCXXVIII --> ToNumber : 1828
Iter : 1829 --> ToRoman : MDCCCXXIX --> ToNumber : 1829
Iter : 1830 --> ToRoman : MDCCCXXX --> ToNumber : 1830
Iter : 1831 --> ToRoman : MDCCCXXXI --> ToNumber : 1831
Iter : 1832 --> ToRoman : MDCCCXXXII --> ToNumber : 1832
Iter : 1833 --> ToRoman : MDCCCXXXIII --> ToNumber : 1833
Iter : 1834 --> ToRoman : MDCCCXXXIV --> ToNumber : 1834
Iter : 1835 --> ToRoman : MDCCCXXXV --> ToNumber : 1835
Iter : 1836 --> ToRoman : MDCCCXXXVI --> ToNumber : 1836
Iter : 1837 --> ToRoman : MDCCCXXXVII --> ToNumber : 1837
Iter : 1838 --> ToRoman : MDCCCXXXVIII --> ToNumber : 1838
Iter : 1839 --> ToRoman : MDCCCXXXIX --> ToNumber : 1839
Iter : 1840 --> ToRoman : MDCCCXL --> ToNumber : 1840
Iter : 1841 --> ToRoman : MDCCCXLI --> ToNumber : 1841
Iter : 1842 --> ToRoman : MDCCCXLII --> ToNumber : 1842
Iter : 1843 --> ToRoman : MDCCCXLIII --> ToNumber : 1843
Iter : 1844 --> ToRoman : MDCCCXLIV --> ToNumber : 1844
Iter : 1845 --> ToRoman : MDCCCXLV --> ToNumber : 1845
Iter : 1846 --> ToRoman : MDCCCXLVI --> ToNumber : 1846
Iter : 1847 --> ToRoman : MDCCCXLVII --> ToNumber : 1847
Iter : 1848 --> ToRoman : MDCCCXLVIII --> ToNumber : 1848
Iter : 1849 --> ToRoman : MDCCCXLIX --> ToNumber : 1849
Iter : 1850 --> ToRoman : MDCCCL --> ToNumber : 1850
Iter : 1851 --> ToRoman : MDCCCLI --> ToNumber : 1851
Iter : 1852 --> ToRoman : MDCCCLII --> ToNumber : 1852
Iter : 1853 --> ToRoman : MDCCCLIII --> ToNumber : 1853
Iter : 1854 --> ToRoman : MDCCCLIV --> ToNumber : 1854
Iter : 1855 --> ToRoman : MDCCCLV --> ToNumber : 1855
Iter : 1856 --> ToRoman : MDCCCLVI --> ToNumber : 1856
Iter : 1857 --> ToRoman : MDCCCLVII --> ToNumber : 1857
Iter : 1858 --> ToRoman : MDCCCLVIII --> ToNumber : 1858
Iter : 1859 --> ToRoman : MDCCCLIX --> ToNumber : 1859
Iter : 1860 --> ToRoman : MDCCCLX --> ToNumber : 1860
Iter : 1861 --> ToRoman : MDCCCLXI --> ToNumber : 1861
Iter : 1862 --> ToRoman : MDCCCLXII --> ToNumber : 1862
Iter : 1863 --> ToRoman : MDCCCLXIII --> ToNumber : 1863
Iter : 1864 --> ToRoman : MDCCCLXIV --> ToNumber : 1864
Iter : 1865 --> ToRoman : MDCCCLXV --> ToNumber : 1865
Iter : 1866 --> ToRoman : MDCCCLXVI --> ToNumber : 1866
Iter : 1867 --> ToRoman : MDCCCLXVII --> ToNumber : 1867
Iter : 1868 --> ToRoman : MDCCCLXVIII --> ToNumber : 1868
Iter : 1869 --> ToRoman : MDCCCLXIX --> ToNumber : 1869
Iter : 1870 --> ToRoman : MDCCCLXX --> ToNumber : 1870
Iter : 1871 --> ToRoman : MDCCCLXXI --> ToNumber : 1871
Iter : 1872 --> ToRoman : MDCCCLXXII --> ToNumber : 1872
Iter : 1873 --> ToRoman : MDCCCLXXIII --> ToNumber : 1873
Iter : 1874 --> ToRoman : MDCCCLXXIV --> ToNumber : 1874
Iter : 1875 --> ToRoman : MDCCCLXXV --> ToNumber : 1875
Iter : 1876 --> ToRoman : MDCCCLXXVI --> ToNumber : 1876
Iter : 1877 --> ToRoman : MDCCCLXXVII --> ToNumber : 1877
Iter : 1878 --> ToRoman : MDCCCLXXVIII --> ToNumber : 1878
Iter : 1879 --> ToRoman : MDCCCLXXIX --> ToNumber : 1879
Iter : 1880 --> ToRoman : MDCCCLXXX --> ToNumber : 1880
Iter : 1881 --> ToRoman : MDCCCLXXXI --> ToNumber : 1881
Iter : 1882 --> ToRoman : MDCCCLXXXII --> ToNumber : 1882
Iter : 1883 --> ToRoman : MDCCCLXXXIII --> ToNumber : 1883
Iter : 1884 --> ToRoman : MDCCCLXXXIV --> ToNumber : 1884
Iter : 1885 --> ToRoman : MDCCCLXXXV --> ToNumber : 1885
Iter : 1886 --> ToRoman : MDCCCLXXXVI --> ToNumber : 1886
Iter : 1887 --> ToRoman : MDCCCLXXXVII --> ToNumber : 1887
Iter : 1888 --> ToRoman : MDCCCLXXXVIII --> ToNumber : 1888
Iter : 1889 --> ToRoman : MDCCCLXXXIX --> ToNumber : 1889
Iter : 1890 --> ToRoman : MDCCCXC --> ToNumber : 1890
Iter : 1891 --> ToRoman : MDCCCXCI --> ToNumber : 1891
Iter : 1892 --> ToRoman : MDCCCXCII --> ToNumber : 1892
Iter : 1893 --> ToRoman : MDCCCXCIII --> ToNumber : 1893
Iter : 1894 --> ToRoman : MDCCCXCIV --> ToNumber : 1894
Iter : 1895 --> ToRoman : MDCCCXCV --> ToNumber : 1895
Iter : 1896 --> ToRoman : MDCCCXCVI --> ToNumber : 1896
Iter : 1897 --> ToRoman : MDCCCXCVII --> ToNumber : 1897
Iter : 1898 --> ToRoman : MDCCCXCVIII --> ToNumber : 1898
Iter : 1899 --> ToRoman : MDCCCXCIX --> ToNumber : 1899
Iter : 1900 --> ToRoman : MCM --> ToNumber : 1900
Iter : 1901 --> ToRoman : MCMI --> ToNumber : 1901
Iter : 1902 --> ToRoman : MCMII --> ToNumber : 1902
Iter : 1903 --> ToRoman : MCMIII --> ToNumber : 1903
Iter : 1904 --> ToRoman : MCMIV --> ToNumber : 1904
Iter : 1905 --> ToRoman : MCMV --> ToNumber : 1905
Iter : 1906 --> ToRoman : MCMVI --> ToNumber : 1906
Iter : 1907 --> ToRoman : MCMVII --> ToNumber : 1907
Iter : 1908 --> ToRoman : MCMVIII --> ToNumber : 1908
Iter : 1909 --> ToRoman : MCMIX --> ToNumber : 1909
Iter : 1910 --> ToRoman : MCMX --> ToNumber : 1910
Iter : 1911 --> ToRoman : MCMXI --> ToNumber : 1911
Iter : 1912 --> ToRoman : MCMXII --> ToNumber : 1912
Iter : 1913 --> ToRoman : MCMXIII --> ToNumber : 1913
Iter : 1914 --> ToRoman : MCMXIV --> ToNumber : 1914
Iter : 1915 --> ToRoman : MCMXV --> ToNumber : 1915
Iter : 1916 --> ToRoman : MCMXVI --> ToNumber : 1916
Iter : 1917 --> ToRoman : MCMXVII --> ToNumber : 1917
Iter : 1918 --> ToRoman : MCMXVIII --> ToNumber : 1918
Iter : 1919 --> ToRoman : MCMXIX --> ToNumber : 1919
Iter : 1920 --> ToRoman : MCMXX --> ToNumber : 1920
Iter : 1921 --> ToRoman : MCMXXI --> ToNumber : 1921
Iter : 1922 --> ToRoman : MCMXXII --> ToNumber : 1922
Iter : 1923 --> ToRoman : MCMXXIII --> ToNumber : 1923
Iter : 1924 --> ToRoman : MCMXXIV --> ToNumber : 1924
Iter : 1925 --> ToRoman : MCMXXV --> ToNumber : 1925
Iter : 1926 --> ToRoman : MCMXXVI --> ToNumber : 1926
Iter : 1927 --> ToRoman : MCMXXVII --> ToNumber : 1927
Iter : 1928 --> ToRoman : MCMXXVIII --> ToNumber : 1928
Iter : 1929 --> ToRoman : MCMXXIX --> ToNumber : 1929
Iter : 1930 --> ToRoman : MCMXXX --> ToNumber : 1930
Iter : 1931 --> ToRoman : MCMXXXI --> ToNumber : 1931
Iter : 1932 --> ToRoman : MCMXXXII --> ToNumber : 1932
Iter : 1933 --> ToRoman : MCMXXXIII --> ToNumber : 1933
Iter : 1934 --> ToRoman : MCMXXXIV --> ToNumber : 1934
Iter : 1935 --> ToRoman : MCMXXXV --> ToNumber : 1935
Iter : 1936 --> ToRoman : MCMXXXVI --> ToNumber : 1936
Iter : 1937 --> ToRoman : MCMXXXVII --> ToNumber : 1937
Iter : 1938 --> ToRoman : MCMXXXVIII --> ToNumber : 1938
Iter : 1939 --> ToRoman : MCMXXXIX --> ToNumber : 1939
Iter : 1940 --> ToRoman : MCMXL --> ToNumber : 1940
Iter : 1941 --> ToRoman : MCMXLI --> ToNumber : 1941
Iter : 1942 --> ToRoman : MCMXLII --> ToNumber : 1942
Iter : 1943 --> ToRoman : MCMXLIII --> ToNumber : 1943
Iter : 1944 --> ToRoman : MCMXLIV --> ToNumber : 1944
Iter : 1945 --> ToRoman : MCMXLV --> ToNumber : 1945
Iter : 1946 --> ToRoman : MCMXLVI --> ToNumber : 1946
Iter : 1947 --> ToRoman : MCMXLVII --> ToNumber : 1947
Iter : 1948 --> ToRoman : MCMXLVIII --> ToNumber : 1948
Iter : 1949 --> ToRoman : MCMXLIX --> ToNumber : 1949
Iter : 1950 --> ToRoman : MCML --> ToNumber : 1950
Iter : 1951 --> ToRoman : MCMLI --> ToNumber : 1951
Iter : 1952 --> ToRoman : MCMLII --> ToNumber : 1952
Iter : 1953 --> ToRoman : MCMLIII --> ToNumber : 1953
Iter : 1954 --> ToRoman : MCMLIV --> ToNumber : 1954
Iter : 1955 --> ToRoman : MCMLV --> ToNumber : 1955
Iter : 1956 --> ToRoman : MCMLVI --> ToNumber : 1956
Iter : 1957 --> ToRoman : MCMLVII --> ToNumber : 1957
Iter : 1958 --> ToRoman : MCMLVIII --> ToNumber : 1958
Iter : 1959 --> ToRoman : MCMLIX --> ToNumber : 1959
Iter : 1960 --> ToRoman : MCMLX --> ToNumber : 1960
Iter : 1961 --> ToRoman : MCMLXI --> ToNumber : 1961
Iter : 1962 --> ToRoman : MCMLXII --> ToNumber : 1962
Iter : 1963 --> ToRoman : MCMLXIII --> ToNumber : 1963
Iter : 1964 --> ToRoman : MCMLXIV --> ToNumber : 1964
Iter : 1965 --> ToRoman : MCMLXV --> ToNumber : 1965
Iter : 1966 --> ToRoman : MCMLXVI --> ToNumber : 1966
Iter : 1967 --> ToRoman : MCMLXVII --> ToNumber : 1967
Iter : 1968 --> ToRoman : MCMLXVIII --> ToNumber : 1968
Iter : 1969 --> ToRoman : MCMLXIX --> ToNumber : 1969
Iter : 1970 --> ToRoman : MCMLXX --> ToNumber : 1970
Iter : 1971 --> ToRoman : MCMLXXI --> ToNumber : 1971
Iter : 1972 --> ToRoman : MCMLXXII --> ToNumber : 1972
Iter : 1973 --> ToRoman : MCMLXXIII --> ToNumber : 1973
Iter : 1974 --> ToRoman : MCMLXXIV --> ToNumber : 1974
Iter : 1975 --> ToRoman : MCMLXXV --> ToNumber : 1975
Iter : 1976 --> ToRoman : MCMLXXVI --> ToNumber : 1976
Iter : 1977 --> ToRoman : MCMLXXVII --> ToNumber : 1977
Iter : 1978 --> ToRoman : MCMLXXVIII --> ToNumber : 1978
Iter : 1979 --> ToRoman : MCMLXXIX --> ToNumber : 1979
Iter : 1980 --> ToRoman : MCMLXXX --> ToNumber : 1980
Iter : 1981 --> ToRoman : MCMLXXXI --> ToNumber : 1981
Iter : 1982 --> ToRoman : MCMLXXXII --> ToNumber : 1982
Iter : 1983 --> ToRoman : MCMLXXXIII --> ToNumber : 1983
Iter : 1984 --> ToRoman : MCMLXXXIV --> ToNumber : 1984
Iter : 1985 --> ToRoman : MCMLXXXV --> ToNumber : 1985
Iter : 1986 --> ToRoman : MCMLXXXVI --> ToNumber : 1986
Iter : 1987 --> ToRoman : MCMLXXXVII --> ToNumber : 1987
Iter : 1988 --> ToRoman : MCMLXXXVIII --> ToNumber : 1988
Iter : 1989 --> ToRoman : MCMLXXXIX --> ToNumber : 1989
Iter : 1990 --> ToRoman : MCMXC --> ToNumber : 1990
Iter : 1991 --> ToRoman : MCMXCI --> ToNumber : 1991
Iter : 1992 --> ToRoman : MCMXCII --> ToNumber : 1992
Iter : 1993 --> ToRoman : MCMXCIII --> ToNumber : 1993
Iter : 1994 --> ToRoman : MCMXCIV --> ToNumber : 1994
Iter : 1995 --> ToRoman : MCMXCV --> ToNumber : 1995
Iter : 1996 --> ToRoman : MCMXCVI --> ToNumber : 1996
Iter : 1997 --> ToRoman : MCMXCVII --> ToNumber : 1997
Iter : 1998 --> ToRoman : MCMXCVIII --> ToNumber : 1998
Iter : 1999 --> ToRoman : MCMXCIX --> ToNumber : 1999
Iter : 2000 --> ToRoman : MM --> ToNumber : 2000
Iter : 2001 --> ToRoman : MMI --> ToNumber : 2001
Iter : 2002 --> ToRoman : MMII --> ToNumber : 2002
Iter : 2003 --> ToRoman : MMIII --> ToNumber : 2003
Iter : 2004 --> ToRoman : MMIV --> ToNumber : 2004
Iter : 2005 --> ToRoman : MMV --> ToNumber : 2005
Iter : 2006 --> ToRoman : MMVI --> ToNumber : 2006
Iter : 2007 --> ToRoman : MMVII --> ToNumber : 2007
Iter : 2008 --> ToRoman : MMVIII --> ToNumber : 2008
Iter : 2009 --> ToRoman : MMIX --> ToNumber : 2009
Iter : 2010 --> ToRoman : MMX --> ToNumber : 2010
Iter : 2011 --> ToRoman : MMXI --> ToNumber : 2011
Iter : 2012 --> ToRoman : MMXII --> ToNumber : 2012
Iter : 2013 --> ToRoman : MMXIII --> ToNumber : 2013
Iter : 2014 --> ToRoman : MMXIV --> ToNumber : 2014
Iter : 2015 --> ToRoman : MMXV --> ToNumber : 2015
Iter : 2016 --> ToRoman : MMXVI --> ToNumber : 2016
Iter : 2017 --> ToRoman : MMXVII --> ToNumber : 2017
Iter : 2018 --> ToRoman : MMXVIII --> ToNumber : 2018
Iter : 2019 --> ToRoman : MMXIX --> ToNumber : 2019
Iter : 2020 --> ToRoman : MMXX --> ToNumber : 2020
Iter : 2021 --> ToRoman : MMXXI --> ToNumber : 2021
Iter : 2022 --> ToRoman : MMXXII --> ToNumber : 2022
Iter : 2023 --> ToRoman : MMXXIII --> ToNumber : 2023
Iter : 2024 --> ToRoman : MMXXIV --> ToNumber : 2024
Iter : 2025 --> ToRoman : MMXXV --> ToNumber : 2025
Iter : 2026 --> ToRoman : MMXXVI --> ToNumber : 2026
Iter : 2027 --> ToRoman : MMXXVII --> ToNumber : 2027
Iter : 2028 --> ToRoman : MMXXVIII --> ToNumber : 2028
Iter : 2029 --> ToRoman : MMXXIX --> ToNumber : 2029
Iter : 2030 --> ToRoman : MMXXX --> ToNumber : 2030
Iter : 2031 --> ToRoman : MMXXXI --> ToNumber : 2031
Iter : 2032 --> ToRoman : MMXXXII --> ToNumber : 2032
Iter : 2033 --> ToRoman : MMXXXIII --> ToNumber : 2033
Iter : 2034 --> ToRoman : MMXXXIV --> ToNumber : 2034
Iter : 2035 --> ToRoman : MMXXXV --> ToNumber : 2035
Iter : 2036 --> ToRoman : MMXXXVI --> ToNumber : 2036
Iter : 2037 --> ToRoman : MMXXXVII --> ToNumber : 2037
Iter : 2038 --> ToRoman : MMXXXVIII --> ToNumber : 2038
Iter : 2039 --> ToRoman : MMXXXIX --> ToNumber : 2039
Iter : 2040 --> ToRoman : MMXL --> ToNumber : 2040
Iter : 2041 --> ToRoman : MMXLI --> ToNumber : 2041
Iter : 2042 --> ToRoman : MMXLII --> ToNumber : 2042
Iter : 2043 --> ToRoman : MMXLIII --> ToNumber : 2043
Iter : 2044 --> ToRoman : MMXLIV --> ToNumber : 2044
Iter : 2045 --> ToRoman : MMXLV --> ToNumber : 2045
Iter : 2046 --> ToRoman : MMXLVI --> ToNumber : 2046
Iter : 2047 --> ToRoman : MMXLVII --> ToNumber : 2047
Iter : 2048 --> ToRoman : MMXLVIII --> ToNumber : 2048
Iter : 2049 --> ToRoman : MMXLIX --> ToNumber : 2049
Iter : 2050 --> ToRoman : MML --> ToNumber : 2050
Iter : 2051 --> ToRoman : MMLI --> ToNumber : 2051
Iter : 2052 --> ToRoman : MMLII --> ToNumber : 2052
Iter : 2053 --> ToRoman : MMLIII --> ToNumber : 2053
Iter : 2054 --> ToRoman : MMLIV --> ToNumber : 2054
Iter : 2055 --> ToRoman : MMLV --> ToNumber : 2055
Iter : 2056 --> ToRoman : MMLVI --> ToNumber : 2056
Iter : 2057 --> ToRoman : MMLVII --> ToNumber : 2057
Iter : 2058 --> ToRoman : MMLVIII --> ToNumber : 2058
Iter : 2059 --> ToRoman : MMLIX --> ToNumber : 2059
Iter : 2060 --> ToRoman : MMLX --> ToNumber : 2060
Iter : 2061 --> ToRoman : MMLXI --> ToNumber : 2061
Iter : 2062 --> ToRoman : MMLXII --> ToNumber : 2062
Iter : 2063 --> ToRoman : MMLXIII --> ToNumber : 2063
Iter : 2064 --> ToRoman : MMLXIV --> ToNumber : 2064
Iter : 2065 --> ToRoman : MMLXV --> ToNumber : 2065
Iter : 2066 --> ToRoman : MMLXVI --> ToNumber : 2066
Iter : 2067 --> ToRoman : MMLXVII --> ToNumber : 2067
Iter : 2068 --> ToRoman : MMLXVIII --> ToNumber : 2068
Iter : 2069 --> ToRoman : MMLXIX --> ToNumber : 2069
Iter : 2070 --> ToRoman : MMLXX --> ToNumber : 2070
Iter : 2071 --> ToRoman : MMLXXI --> ToNumber : 2071
Iter : 2072 --> ToRoman : MMLXXII --> ToNumber : 2072
Iter : 2073 --> ToRoman : MMLXXIII --> ToNumber : 2073
Iter : 2074 --> ToRoman : MMLXXIV --> ToNumber : 2074
Iter : 2075 --> ToRoman : MMLXXV --> ToNumber : 2075
Iter : 2076 --> ToRoman : MMLXXVI --> ToNumber : 2076
Iter : 2077 --> ToRoman : MMLXXVII --> ToNumber : 2077
Iter : 2078 --> ToRoman : MMLXXVIII --> ToNumber : 2078
Iter : 2079 --> ToRoman : MMLXXIX --> ToNumber : 2079
Iter : 2080 --> ToRoman : MMLXXX --> ToNumber : 2080
Iter : 2081 --> ToRoman : MMLXXXI --> ToNumber : 2081
Iter : 2082 --> ToRoman : MMLXXXII --> ToNumber : 2082
Iter : 2083 --> ToRoman : MMLXXXIII --> ToNumber : 2083
Iter : 2084 --> ToRoman : MMLXXXIV --> ToNumber : 2084
Iter : 2085 --> ToRoman : MMLXXXV --> ToNumber : 2085
Iter : 2086 --> ToRoman : MMLXXXVI --> ToNumber : 2086
Iter : 2087 --> ToRoman : MMLXXXVII --> ToNumber : 2087
Iter : 2088 --> ToRoman : MMLXXXVIII --> ToNumber : 2088
Iter : 2089 --> ToRoman : MMLXXXIX --> ToNumber : 2089
Iter : 2090 --> ToRoman : MMXC --> ToNumber : 2090
Iter : 2091 --> ToRoman : MMXCI --> ToNumber : 2091
Iter : 2092 --> ToRoman : MMXCII --> ToNumber : 2092
Iter : 2093 --> ToRoman : MMXCIII --> ToNumber : 2093
Iter : 2094 --> ToRoman : MMXCIV --> ToNumber : 2094
Iter : 2095 --> ToRoman : MMXCV --> ToNumber : 2095
Iter : 2096 --> ToRoman : MMXCVI --> ToNumber : 2096
Iter : 2097 --> ToRoman : MMXCVII --> ToNumber : 2097
Iter : 2098 --> ToRoman : MMXCVIII --> ToNumber : 2098
Iter : 2099 --> ToRoman : MMXCIX --> ToNumber : 2099
Iter : 2100 --> ToRoman : MMC --> ToNumber : 2100
Iter : 2101 --> ToRoman : MMCI --> ToNumber : 2101
Iter : 2102 --> ToRoman : MMCII --> ToNumber : 2102
Iter : 2103 --> ToRoman : MMCIII --> ToNumber : 2103
Iter : 2104 --> ToRoman : MMCIV --> ToNumber : 2104
Iter : 2105 --> ToRoman : MMCV --> ToNumber : 2105
Iter : 2106 --> ToRoman : MMCVI --> ToNumber : 2106
Iter : 2107 --> ToRoman : MMCVII --> ToNumber : 2107
Iter : 2108 --> ToRoman : MMCVIII --> ToNumber : 2108
Iter : 2109 --> ToRoman : MMCIX --> ToNumber : 2109
Iter : 2110 --> ToRoman : MMCX --> ToNumber : 2110
Iter : 2111 --> ToRoman : MMCXI --> ToNumber : 2111
Iter : 2112 --> ToRoman : MMCXII --> ToNumber : 2112
Iter : 2113 --> ToRoman : MMCXIII --> ToNumber : 2113
Iter : 2114 --> ToRoman : MMCXIV --> ToNumber : 2114
Iter : 2115 --> ToRoman : MMCXV --> ToNumber : 2115
Iter : 2116 --> ToRoman : MMCXVI --> ToNumber : 2116
Iter : 2117 --> ToRoman : MMCXVII --> ToNumber : 2117
Iter : 2118 --> ToRoman : MMCXVIII --> ToNumber : 2118
Iter : 2119 --> ToRoman : MMCXIX --> ToNumber : 2119
Iter : 2120 --> ToRoman : MMCXX --> ToNumber : 2120
Iter : 2121 --> ToRoman : MMCXXI --> ToNumber : 2121
Iter : 2122 --> ToRoman : MMCXXII --> ToNumber : 2122
Iter : 2123 --> ToRoman : MMCXXIII --> ToNumber : 2123
Iter : 2124 --> ToRoman : MMCXXIV --> ToNumber : 2124
Iter : 2125 --> ToRoman : MMCXXV --> ToNumber : 2125
Iter : 2126 --> ToRoman : MMCXXVI --> ToNumber : 2126
Iter : 2127 --> ToRoman : MMCXXVII --> ToNumber : 2127
Iter : 2128 --> ToRoman : MMCXXVIII --> ToNumber : 2128
Iter : 2129 --> ToRoman : MMCXXIX --> ToNumber : 2129
Iter : 2130 --> ToRoman : MMCXXX --> ToNumber : 2130
Iter : 2131 --> ToRoman : MMCXXXI --> ToNumber : 2131
Iter : 2132 --> ToRoman : MMCXXXII --> ToNumber : 2132
Iter : 2133 --> ToRoman : MMCXXXIII --> ToNumber : 2133
Iter : 2134 --> ToRoman : MMCXXXIV --> ToNumber : 2134
Iter : 2135 --> ToRoman : MMCXXXV --> ToNumber : 2135
Iter : 2136 --> ToRoman : MMCXXXVI --> ToNumber : 2136
Iter : 2137 --> ToRoman : MMCXXXVII --> ToNumber : 2137
Iter : 2138 --> ToRoman : MMCXXXVIII --> ToNumber : 2138
Iter : 2139 --> ToRoman : MMCXXXIX --> ToNumber : 2139
Iter : 2140 --> ToRoman : MMCXL --> ToNumber : 2140
Iter : 2141 --> ToRoman : MMCXLI --> ToNumber : 2141
Iter : 2142 --> ToRoman : MMCXLII --> ToNumber : 2142
Iter : 2143 --> ToRoman : MMCXLIII --> ToNumber : 2143
Iter : 2144 --> ToRoman : MMCXLIV --> ToNumber : 2144
Iter : 2145 --> ToRoman : MMCXLV --> ToNumber : 2145
Iter : 2146 --> ToRoman : MMCXLVI --> ToNumber : 2146
Iter : 2147 --> ToRoman : MMCXLVII --> ToNumber : 2147
Iter : 2148 --> ToRoman : MMCXLVIII --> ToNumber : 2148
Iter : 2149 --> ToRoman : MMCXLIX --> ToNumber : 2149
Iter : 2150 --> ToRoman : MMCL --> ToNumber : 2150
Iter : 2151 --> ToRoman : MMCLI --> ToNumber : 2151
Iter : 2152 --> ToRoman : MMCLII --> ToNumber : 2152
Iter : 2153 --> ToRoman : MMCLIII --> ToNumber : 2153
Iter : 2154 --> ToRoman : MMCLIV --> ToNumber : 2154
Iter : 2155 --> ToRoman : MMCLV --> ToNumber : 2155
Iter : 2156 --> ToRoman : MMCLVI --> ToNumber : 2156
Iter : 2157 --> ToRoman : MMCLVII --> ToNumber : 2157
Iter : 2158 --> ToRoman : MMCLVIII --> ToNumber : 2158
Iter : 2159 --> ToRoman : MMCLIX --> ToNumber : 2159
Iter : 2160 --> ToRoman : MMCLX --> ToNumber : 2160
Iter : 2161 --> ToRoman : MMCLXI --> ToNumber : 2161
Iter : 2162 --> ToRoman : MMCLXII --> ToNumber : 2162
Iter : 2163 --> ToRoman : MMCLXIII --> ToNumber : 2163
Iter : 2164 --> ToRoman : MMCLXIV --> ToNumber : 2164
Iter : 2165 --> ToRoman : MMCLXV --> ToNumber : 2165
Iter : 2166 --> ToRoman : MMCLXVI --> ToNumber : 2166
Iter : 2167 --> ToRoman : MMCLXVII --> ToNumber : 2167
Iter : 2168 --> ToRoman : MMCLXVIII --> ToNumber : 2168
Iter : 2169 --> ToRoman : MMCLXIX --> ToNumber : 2169
Iter : 2170 --> ToRoman : MMCLXX --> ToNumber : 2170
Iter : 2171 --> ToRoman : MMCLXXI --> ToNumber : 2171
Iter : 2172 --> ToRoman : MMCLXXII --> ToNumber : 2172
Iter : 2173 --> ToRoman : MMCLXXIII --> ToNumber : 2173
Iter : 2174 --> ToRoman : MMCLXXIV --> ToNumber : 2174
Iter : 2175 --> ToRoman : MMCLXXV --> ToNumber : 2175
Iter : 2176 --> ToRoman : MMCLXXVI --> ToNumber : 2176
Iter : 2177 --> ToRoman : MMCLXXVII --> ToNumber : 2177
Iter : 2178 --> ToRoman : MMCLXXVIII --> ToNumber : 2178
Iter : 2179 --> ToRoman : MMCLXXIX --> ToNumber : 2179
Iter : 2180 --> ToRoman : MMCLXXX --> ToNumber : 2180
Iter : 2181 --> ToRoman : MMCLXXXI --> ToNumber : 2181
Iter : 2182 --> ToRoman : MMCLXXXII --> ToNumber : 2182
Iter : 2183 --> ToRoman : MMCLXXXIII --> ToNumber : 2183
Iter : 2184 --> ToRoman : MMCLXXXIV --> ToNumber : 2184
Iter : 2185 --> ToRoman : MMCLXXXV --> ToNumber : 2185
Iter : 2186 --> ToRoman : MMCLXXXVI --> ToNumber : 2186
Iter : 2187 --> ToRoman : MMCLXXXVII --> ToNumber : 2187
Iter : 2188 --> ToRoman : MMCLXXXVIII --> ToNumber : 2188
Iter : 2189 --> ToRoman : MMCLXXXIX --> ToNumber : 2189
Iter : 2190 --> ToRoman : MMCXC --> ToNumber : 2190
Iter : 2191 --> ToRoman : MMCXCI --> ToNumber : 2191
Iter : 2192 --> ToRoman : MMCXCII --> ToNumber : 2192
Iter : 2193 --> ToRoman : MMCXCIII --> ToNumber : 2193
Iter : 2194 --> ToRoman : MMCXCIV --> ToNumber : 2194
Iter : 2195 --> ToRoman : MMCXCV --> ToNumber : 2195
Iter : 2196 --> ToRoman : MMCXCVI --> ToNumber : 2196
Iter : 2197 --> ToRoman : MMCXCVII --> ToNumber : 2197
Iter : 2198 --> ToRoman : MMCXCVIII --> ToNumber : 2198
Iter : 2199 --> ToRoman : MMCXCIX --> ToNumber : 2199
Iter : 2200 --> ToRoman : MMCC --> ToNumber : 2200
Iter : 2201 --> ToRoman : MMCCI --> ToNumber : 2201
Iter : 2202 --> ToRoman : MMCCII --> ToNumber : 2202
Iter : 2203 --> ToRoman : MMCCIII --> ToNumber : 2203
Iter : 2204 --> ToRoman : MMCCIV --> ToNumber : 2204
Iter : 2205 --> ToRoman : MMCCV --> ToNumber : 2205
Iter : 2206 --> ToRoman : MMCCVI --> ToNumber : 2206
Iter : 2207 --> ToRoman : MMCCVII --> ToNumber : 2207
Iter : 2208 --> ToRoman : MMCCVIII --> ToNumber : 2208
Iter : 2209 --> ToRoman : MMCCIX --> ToNumber : 2209
Iter : 2210 --> ToRoman : MMCCX --> ToNumber : 2210
Iter : 2211 --> ToRoman : MMCCXI --> ToNumber : 2211
Iter : 2212 --> ToRoman : MMCCXII --> ToNumber : 2212
Iter : 2213 --> ToRoman : MMCCXIII --> ToNumber : 2213
Iter : 2214 --> ToRoman : MMCCXIV --> ToNumber : 2214
Iter : 2215 --> ToRoman : MMCCXV --> ToNumber : 2215
Iter : 2216 --> ToRoman : MMCCXVI --> ToNumber : 2216
Iter : 2217 --> ToRoman : MMCCXVII --> ToNumber : 2217
Iter : 2218 --> ToRoman : MMCCXVIII --> ToNumber : 2218
Iter : 2219 --> ToRoman : MMCCXIX --> ToNumber : 2219
Iter : 2220 --> ToRoman : MMCCXX --> ToNumber : 2220
Iter : 2221 --> ToRoman : MMCCXXI --> ToNumber : 2221
Iter : 2222 --> ToRoman : MMCCXXII --> ToNumber : 2222
Iter : 2223 --> ToRoman : MMCCXXIII --> ToNumber : 2223
Iter : 2224 --> ToRoman : MMCCXXIV --> ToNumber : 2224
Iter : 2225 --> ToRoman : MMCCXXV --> ToNumber : 2225
Iter : 2226 --> ToRoman : MMCCXXVI --> ToNumber : 2226
Iter : 2227 --> ToRoman : MMCCXXVII --> ToNumber : 2227
Iter : 2228 --> ToRoman : MMCCXXVIII --> ToNumber : 2228
Iter : 2229 --> ToRoman : MMCCXXIX --> ToNumber : 2229
Iter : 2230 --> ToRoman : MMCCXXX --> ToNumber : 2230
Iter : 2231 --> ToRoman : MMCCXXXI --> ToNumber : 2231
Iter : 2232 --> ToRoman : MMCCXXXII --> ToNumber : 2232
Iter : 2233 --> ToRoman : MMCCXXXIII --> ToNumber : 2233
Iter : 2234 --> ToRoman : MMCCXXXIV --> ToNumber : 2234
Iter : 2235 --> ToRoman : MMCCXXXV --> ToNumber : 2235
Iter : 2236 --> ToRoman : MMCCXXXVI --> ToNumber : 2236
Iter : 2237 --> ToRoman : MMCCXXXVII --> ToNumber : 2237
Iter : 2238 --> ToRoman : MMCCXXXVIII --> ToNumber : 2238
Iter : 2239 --> ToRoman : MMCCXXXIX --> ToNumber : 2239
Iter : 2240 --> ToRoman : MMCCXL --> ToNumber : 2240
Iter : 2241 --> ToRoman : MMCCXLI --> ToNumber : 2241
Iter : 2242 --> ToRoman : MMCCXLII --> ToNumber : 2242
Iter : 2243 --> ToRoman : MMCCXLIII --> ToNumber : 2243
Iter : 2244 --> ToRoman : MMCCXLIV --> ToNumber : 2244
Iter : 2245 --> ToRoman : MMCCXLV --> ToNumber : 2245
Iter : 2246 --> ToRoman : MMCCXLVI --> ToNumber : 2246
Iter : 2247 --> ToRoman : MMCCXLVII --> ToNumber : 2247
Iter : 2248 --> ToRoman : MMCCXLVIII --> ToNumber : 2248
Iter : 2249 --> ToRoman : MMCCXLIX --> ToNumber : 2249
Iter : 2250 --> ToRoman : MMCCL --> ToNumber : 2250
Iter : 2251 --> ToRoman : MMCCLI --> ToNumber : 2251
Iter : 2252 --> ToRoman : MMCCLII --> ToNumber : 2252
Iter : 2253 --> ToRoman : MMCCLIII --> ToNumber : 2253
Iter : 2254 --> ToRoman : MMCCLIV --> ToNumber : 2254
Iter : 2255 --> ToRoman : MMCCLV --> ToNumber : 2255
Iter : 2256 --> ToRoman : MMCCLVI --> ToNumber : 2256
Iter : 2257 --> ToRoman : MMCCLVII --> ToNumber : 2257
Iter : 2258 --> ToRoman : MMCCLVIII --> ToNumber : 2258
Iter : 2259 --> ToRoman : MMCCLIX --> ToNumber : 2259
Iter : 2260 --> ToRoman : MMCCLX --> ToNumber : 2260
Iter : 2261 --> ToRoman : MMCCLXI --> ToNumber : 2261
Iter : 2262 --> ToRoman : MMCCLXII --> ToNumber : 2262
Iter : 2263 --> ToRoman : MMCCLXIII --> ToNumber : 2263
Iter : 2264 --> ToRoman : MMCCLXIV --> ToNumber : 2264
Iter : 2265 --> ToRoman : MMCCLXV --> ToNumber : 2265
Iter : 2266 --> ToRoman : MMCCLXVI --> ToNumber : 2266
Iter : 2267 --> ToRoman : MMCCLXVII --> ToNumber : 2267
Iter : 2268 --> ToRoman : MMCCLXVIII --> ToNumber : 2268
Iter : 2269 --> ToRoman : MMCCLXIX --> ToNumber : 2269
Iter : 2270 --> ToRoman : MMCCLXX --> ToNumber : 2270
Iter : 2271 --> ToRoman : MMCCLXXI --> ToNumber : 2271
Iter : 2272 --> ToRoman : MMCCLXXII --> ToNumber : 2272
Iter : 2273 --> ToRoman : MMCCLXXIII --> ToNumber : 2273
Iter : 2274 --> ToRoman : MMCCLXXIV --> ToNumber : 2274
Iter : 2275 --> ToRoman : MMCCLXXV --> ToNumber : 2275
Iter : 2276 --> ToRoman : MMCCLXXVI --> ToNumber : 2276
Iter : 2277 --> ToRoman : MMCCLXXVII --> ToNumber : 2277
Iter : 2278 --> ToRoman : MMCCLXXVIII --> ToNumber : 2278
Iter : 2279 --> ToRoman : MMCCLXXIX --> ToNumber : 2279
Iter : 2280 --> ToRoman : MMCCLXXX --> ToNumber : 2280
Iter : 2281 --> ToRoman : MMCCLXXXI --> ToNumber : 2281
Iter : 2282 --> ToRoman : MMCCLXXXII --> ToNumber : 2282
Iter : 2283 --> ToRoman : MMCCLXXXIII --> ToNumber : 2283
Iter : 2284 --> ToRoman : MMCCLXXXIV --> ToNumber : 2284
Iter : 2285 --> ToRoman : MMCCLXXXV --> ToNumber : 2285
Iter : 2286 --> ToRoman : MMCCLXXXVI --> ToNumber : 2286
Iter : 2287 --> ToRoman : MMCCLXXXVII --> ToNumber : 2287
Iter : 2288 --> ToRoman : MMCCLXXXVIII --> ToNumber : 2288
Iter : 2289 --> ToRoman : MMCCLXXXIX --> ToNumber : 2289
Iter : 2290 --> ToRoman : MMCCXC --> ToNumber : 2290
Iter : 2291 --> ToRoman : MMCCXCI --> ToNumber : 2291
Iter : 2292 --> ToRoman : MMCCXCII --> ToNumber : 2292
Iter : 2293 --> ToRoman : MMCCXCIII --> ToNumber : 2293
Iter : 2294 --> ToRoman : MMCCXCIV --> ToNumber : 2294
Iter : 2295 --> ToRoman : MMCCXCV --> ToNumber : 2295
Iter : 2296 --> ToRoman : MMCCXCVI --> ToNumber : 2296
Iter : 2297 --> ToRoman : MMCCXCVII --> ToNumber : 2297
Iter : 2298 --> ToRoman : MMCCXCVIII --> ToNumber : 2298
Iter : 2299 --> ToRoman : MMCCXCIX --> ToNumber : 2299
Iter : 2300 --> ToRoman : MMCCC --> ToNumber : 2300
Iter : 2301 --> ToRoman : MMCCCI --> ToNumber : 2301
Iter : 2302 --> ToRoman : MMCCCII --> ToNumber : 2302
Iter : 2303 --> ToRoman : MMCCCIII --> ToNumber : 2303
Iter : 2304 --> ToRoman : MMCCCIV --> ToNumber : 2304
Iter : 2305 --> ToRoman : MMCCCV --> ToNumber : 2305
Iter : 2306 --> ToRoman : MMCCCVI --> ToNumber : 2306
Iter : 2307 --> ToRoman : MMCCCVII --> ToNumber : 2307
Iter : 2308 --> ToRoman : MMCCCVIII --> ToNumber : 2308
Iter : 2309 --> ToRoman : MMCCCIX --> ToNumber : 2309
Iter : 2310 --> ToRoman : MMCCCX --> ToNumber : 2310
Iter : 2311 --> ToRoman : MMCCCXI --> ToNumber : 2311
Iter : 2312 --> ToRoman : MMCCCXII --> ToNumber : 2312
Iter : 2313 --> ToRoman : MMCCCXIII --> ToNumber : 2313
Iter : 2314 --> ToRoman : MMCCCXIV --> ToNumber : 2314
Iter : 2315 --> ToRoman : MMCCCXV --> ToNumber : 2315
Iter : 2316 --> ToRoman : MMCCCXVI --> ToNumber : 2316
Iter : 2317 --> ToRoman : MMCCCXVII --> ToNumber : 2317
Iter : 2318 --> ToRoman : MMCCCXVIII --> ToNumber : 2318
Iter : 2319 --> ToRoman : MMCCCXIX --> ToNumber : 2319
Iter : 2320 --> ToRoman : MMCCCXX --> ToNumber : 2320
Iter : 2321 --> ToRoman : MMCCCXXI --> ToNumber : 2321
Iter : 2322 --> ToRoman : MMCCCXXII --> ToNumber : 2322
Iter : 2323 --> ToRoman : MMCCCXXIII --> ToNumber : 2323
Iter : 2324 --> ToRoman : MMCCCXXIV --> ToNumber : 2324
Iter : 2325 --> ToRoman : MMCCCXXV --> ToNumber : 2325
Iter : 2326 --> ToRoman : MMCCCXXVI --> ToNumber : 2326
Iter : 2327 --> ToRoman : MMCCCXXVII --> ToNumber : 2327
Iter : 2328 --> ToRoman : MMCCCXXVIII --> ToNumber : 2328
Iter : 2329 --> ToRoman : MMCCCXXIX --> ToNumber : 2329
Iter : 2330 --> ToRoman : MMCCCXXX --> ToNumber : 2330
Iter : 2331 --> ToRoman : MMCCCXXXI --> ToNumber : 2331
Iter : 2332 --> ToRoman : MMCCCXXXII --> ToNumber : 2332
Iter : 2333 --> ToRoman : MMCCCXXXIII --> ToNumber : 2333
Iter : 2334 --> ToRoman : MMCCCXXXIV --> ToNumber : 2334
Iter : 2335 --> ToRoman : MMCCCXXXV --> ToNumber : 2335
Iter : 2336 --> ToRoman : MMCCCXXXVI --> ToNumber : 2336
Iter : 2337 --> ToRoman : MMCCCXXXVII --> ToNumber : 2337
Iter : 2338 --> ToRoman : MMCCCXXXVIII --> ToNumber : 2338
Iter : 2339 --> ToRoman : MMCCCXXXIX --> ToNumber : 2339
Iter : 2340 --> ToRoman : MMCCCXL --> ToNumber : 2340
Iter : 2341 --> ToRoman : MMCCCXLI --> ToNumber : 2341
Iter : 2342 --> ToRoman : MMCCCXLII --> ToNumber : 2342
Iter : 2343 --> ToRoman : MMCCCXLIII --> ToNumber : 2343
Iter : 2344 --> ToRoman : MMCCCXLIV --> ToNumber : 2344
Iter : 2345 --> ToRoman : MMCCCXLV --> ToNumber : 2345
Iter : 2346 --> ToRoman : MMCCCXLVI --> ToNumber : 2346
Iter : 2347 --> ToRoman : MMCCCXLVII --> ToNumber : 2347
Iter : 2348 --> ToRoman : MMCCCXLVIII --> ToNumber : 2348
Iter : 2349 --> ToRoman : MMCCCXLIX --> ToNumber : 2349
Iter : 2350 --> ToRoman : MMCCCL --> ToNumber : 2350
Iter : 2351 --> ToRoman : MMCCCLI --> ToNumber : 2351
Iter : 2352 --> ToRoman : MMCCCLII --> ToNumber : 2352
Iter : 2353 --> ToRoman : MMCCCLIII --> ToNumber : 2353
Iter : 2354 --> ToRoman : MMCCCLIV --> ToNumber : 2354
Iter : 2355 --> ToRoman : MMCCCLV --> ToNumber : 2355
Iter : 2356 --> ToRoman : MMCCCLVI --> ToNumber : 2356
Iter : 2357 --> ToRoman : MMCCCLVII --> ToNumber : 2357
Iter : 2358 --> ToRoman : MMCCCLVIII --> ToNumber : 2358
Iter : 2359 --> ToRoman : MMCCCLIX --> ToNumber : 2359
Iter : 2360 --> ToRoman : MMCCCLX --> ToNumber : 2360
Iter : 2361 --> ToRoman : MMCCCLXI --> ToNumber : 2361
Iter : 2362 --> ToRoman : MMCCCLXII --> ToNumber : 2362
Iter : 2363 --> ToRoman : MMCCCLXIII --> ToNumber : 2363
Iter : 2364 --> ToRoman : MMCCCLXIV --> ToNumber : 2364
Iter : 2365 --> ToRoman : MMCCCLXV --> ToNumber : 2365
Iter : 2366 --> ToRoman : MMCCCLXVI --> ToNumber : 2366
Iter : 2367 --> ToRoman : MMCCCLXVII --> ToNumber : 2367
Iter : 2368 --> ToRoman : MMCCCLXVIII --> ToNumber : 2368
Iter : 2369 --> ToRoman : MMCCCLXIX --> ToNumber : 2369
Iter : 2370 --> ToRoman : MMCCCLXX --> ToNumber : 2370
Iter : 2371 --> ToRoman : MMCCCLXXI --> ToNumber : 2371
Iter : 2372 --> ToRoman : MMCCCLXXII --> ToNumber : 2372
Iter : 2373 --> ToRoman : MMCCCLXXIII --> ToNumber : 2373
Iter : 2374 --> ToRoman : MMCCCLXXIV --> ToNumber : 2374
Iter : 2375 --> ToRoman : MMCCCLXXV --> ToNumber : 2375
Iter : 2376 --> ToRoman : MMCCCLXXVI --> ToNumber : 2376
Iter : 2377 --> ToRoman : MMCCCLXXVII --> ToNumber : 2377
Iter : 2378 --> ToRoman : MMCCCLXXVIII --> ToNumber : 2378
Iter : 2379 --> ToRoman : MMCCCLXXIX --> ToNumber : 2379
Iter : 2380 --> ToRoman : MMCCCLXXX --> ToNumber : 2380
Iter : 2381 --> ToRoman : MMCCCLXXXI --> ToNumber : 2381
Iter : 2382 --> ToRoman : MMCCCLXXXII --> ToNumber : 2382
Iter : 2383 --> ToRoman : MMCCCLXXXIII --> ToNumber : 2383
Iter : 2384 --> ToRoman : MMCCCLXXXIV --> ToNumber : 2384
Iter : 2385 --> ToRoman : MMCCCLXXXV --> ToNumber : 2385
Iter : 2386 --> ToRoman : MMCCCLXXXVI --> ToNumber : 2386
Iter : 2387 --> ToRoman : MMCCCLXXXVII --> ToNumber : 2387
Iter : 2388 --> ToRoman : MMCCCLXXXVIII --> ToNumber : 2388
Iter : 2389 --> ToRoman : MMCCCLXXXIX --> ToNumber : 2389
Iter : 2390 --> ToRoman : MMCCCXC --> ToNumber : 2390
Iter : 2391 --> ToRoman : MMCCCXCI --> ToNumber : 2391
Iter : 2392 --> ToRoman : MMCCCXCII --> ToNumber : 2392
Iter : 2393 --> ToRoman : MMCCCXCIII --> ToNumber : 2393
Iter : 2394 --> ToRoman : MMCCCXCIV --> ToNumber : 2394
Iter : 2395 --> ToRoman : MMCCCXCV --> ToNumber : 2395
Iter : 2396 --> ToRoman : MMCCCXCVI --> ToNumber : 2396
Iter : 2397 --> ToRoman : MMCCCXCVII --> ToNumber : 2397
Iter : 2398 --> ToRoman : MMCCCXCVIII --> ToNumber : 2398
Iter : 2399 --> ToRoman : MMCCCXCIX --> ToNumber : 2399
Iter : 2400 --> ToRoman : MMCD --> ToNumber : 2400
Iter : 2401 --> ToRoman : MMCDI --> ToNumber : 2401
Iter : 2402 --> ToRoman : MMCDII --> ToNumber : 2402
Iter : 2403 --> ToRoman : MMCDIII --> ToNumber : 2403
Iter : 2404 --> ToRoman : MMCDIV --> ToNumber : 2404
Iter : 2405 --> ToRoman : MMCDV --> ToNumber : 2405
Iter : 2406 --> ToRoman : MMCDVI --> ToNumber : 2406
Iter : 2407 --> ToRoman : MMCDVII --> ToNumber : 2407
Iter : 2408 --> ToRoman : MMCDVIII --> ToNumber : 2408
Iter : 2409 --> ToRoman : MMCDIX --> ToNumber : 2409
Iter : 2410 --> ToRoman : MMCDX --> ToNumber : 2410
Iter : 2411 --> ToRoman : MMCDXI --> ToNumber : 2411
Iter : 2412 --> ToRoman : MMCDXII --> ToNumber : 2412
Iter : 2413 --> ToRoman : MMCDXIII --> ToNumber : 2413
Iter : 2414 --> ToRoman : MMCDXIV --> ToNumber : 2414
Iter : 2415 --> ToRoman : MMCDXV --> ToNumber : 2415
Iter : 2416 --> ToRoman : MMCDXVI --> ToNumber : 2416
Iter : 2417 --> ToRoman : MMCDXVII --> ToNumber : 2417
Iter : 2418 --> ToRoman : MMCDXVIII --> ToNumber : 2418
Iter : 2419 --> ToRoman : MMCDXIX --> ToNumber : 2419
Iter : 2420 --> ToRoman : MMCDXX --> ToNumber : 2420
Iter : 2421 --> ToRoman : MMCDXXI --> ToNumber : 2421
Iter : 2422 --> ToRoman : MMCDXXII --> ToNumber : 2422
Iter : 2423 --> ToRoman : MMCDXXIII --> ToNumber : 2423
Iter : 2424 --> ToRoman : MMCDXXIV --> ToNumber : 2424
Iter : 2425 --> ToRoman : MMCDXXV --> ToNumber : 2425
Iter : 2426 --> ToRoman : MMCDXXVI --> ToNumber : 2426
Iter : 2427 --> ToRoman : MMCDXXVII --> ToNumber : 2427
Iter : 2428 --> ToRoman : MMCDXXVIII --> ToNumber : 2428
Iter : 2429 --> ToRoman : MMCDXXIX --> ToNumber : 2429
Iter : 2430 --> ToRoman : MMCDXXX --> ToNumber : 2430
Iter : 2431 --> ToRoman : MMCDXXXI --> ToNumber : 2431
Iter : 2432 --> ToRoman : MMCDXXXII --> ToNumber : 2432
Iter : 2433 --> ToRoman : MMCDXXXIII --> ToNumber : 2433
Iter : 2434 --> ToRoman : MMCDXXXIV --> ToNumber : 2434
Iter : 2435 --> ToRoman : MMCDXXXV --> ToNumber : 2435
Iter : 2436 --> ToRoman : MMCDXXXVI --> ToNumber : 2436
Iter : 2437 --> ToRoman : MMCDXXXVII --> ToNumber : 2437
Iter : 2438 --> ToRoman : MMCDXXXVIII --> ToNumber : 2438
Iter : 2439 --> ToRoman : MMCDXXXIX --> ToNumber : 2439
Iter : 2440 --> ToRoman : MMCDXL --> ToNumber : 2440
Iter : 2441 --> ToRoman : MMCDXLI --> ToNumber : 2441
Iter : 2442 --> ToRoman : MMCDXLII --> ToNumber : 2442
Iter : 2443 --> ToRoman : MMCDXLIII --> ToNumber : 2443
Iter : 2444 --> ToRoman : MMCDXLIV --> ToNumber : 2444
Iter : 2445 --> ToRoman : MMCDXLV --> ToNumber : 2445
Iter : 2446 --> ToRoman : MMCDXLVI --> ToNumber : 2446
Iter : 2447 --> ToRoman : MMCDXLVII --> ToNumber : 2447
Iter : 2448 --> ToRoman : MMCDXLVIII --> ToNumber : 2448
Iter : 2449 --> ToRoman : MMCDXLIX --> ToNumber : 2449
Iter : 2450 --> ToRoman : MMCDL --> ToNumber : 2450
Iter : 2451 --> ToRoman : MMCDLI --> ToNumber : 2451
Iter : 2452 --> ToRoman : MMCDLII --> ToNumber : 2452
Iter : 2453 --> ToRoman : MMCDLIII --> ToNumber : 2453
Iter : 2454 --> ToRoman : MMCDLIV --> ToNumber : 2454
Iter : 2455 --> ToRoman : MMCDLV --> ToNumber : 2455
Iter : 2456 --> ToRoman : MMCDLVI --> ToNumber : 2456
Iter : 2457 --> ToRoman : MMCDLVII --> ToNumber : 2457
Iter : 2458 --> ToRoman : MMCDLVIII --> ToNumber : 2458
Iter : 2459 --> ToRoman : MMCDLIX --> ToNumber : 2459
Iter : 2460 --> ToRoman : MMCDLX --> ToNumber : 2460
Iter : 2461 --> ToRoman : MMCDLXI --> ToNumber : 2461
Iter : 2462 --> ToRoman : MMCDLXII --> ToNumber : 2462
Iter : 2463 --> ToRoman : MMCDLXIII --> ToNumber : 2463
Iter : 2464 --> ToRoman : MMCDLXIV --> ToNumber : 2464
Iter : 2465 --> ToRoman : MMCDLXV --> ToNumber : 2465
Iter : 2466 --> ToRoman : MMCDLXVI --> ToNumber : 2466
Iter : 2467 --> ToRoman : MMCDLXVII --> ToNumber : 2467
Iter : 2468 --> ToRoman : MMCDLXVIII --> ToNumber : 2468
Iter : 2469 --> ToRoman : MMCDLXIX --> ToNumber : 2469
Iter : 2470 --> ToRoman : MMCDLXX --> ToNumber : 2470
Iter : 2471 --> ToRoman : MMCDLXXI --> ToNumber : 2471
Iter : 2472 --> ToRoman : MMCDLXXII --> ToNumber : 2472
Iter : 2473 --> ToRoman : MMCDLXXIII --> ToNumber : 2473
Iter : 2474 --> ToRoman : MMCDLXXIV --> ToNumber : 2474
Iter : 2475 --> ToRoman : MMCDLXXV --> ToNumber : 2475
Iter : 2476 --> ToRoman : MMCDLXXVI --> ToNumber : 2476
Iter : 2477 --> ToRoman : MMCDLXXVII --> ToNumber : 2477
Iter : 2478 --> ToRoman : MMCDLXXVIII --> ToNumber : 2478
Iter : 2479 --> ToRoman : MMCDLXXIX --> ToNumber : 2479
Iter : 2480 --> ToRoman : MMCDLXXX --> ToNumber : 2480
Iter : 2481 --> ToRoman : MMCDLXXXI --> ToNumber : 2481
Iter : 2482 --> ToRoman : MMCDLXXXII --> ToNumber : 2482
Iter : 2483 --> ToRoman : MMCDLXXXIII --> ToNumber : 2483
Iter : 2484 --> ToRoman : MMCDLXXXIV --> ToNumber : 2484
Iter : 2485 --> ToRoman : MMCDLXXXV --> ToNumber : 2485
Iter : 2486 --> ToRoman : MMCDLXXXVI --> ToNumber : 2486
Iter : 2487 --> ToRoman : MMCDLXXXVII --> ToNumber : 2487
Iter : 2488 --> ToRoman : MMCDLXXXVIII --> ToNumber : 2488
Iter : 2489 --> ToRoman : MMCDLXXXIX --> ToNumber : 2489
Iter : 2490 --> ToRoman : MMCDXC --> ToNumber : 2490
Iter : 2491 --> ToRoman : MMCDXCI --> ToNumber : 2491
Iter : 2492 --> ToRoman : MMCDXCII --> ToNumber : 2492
Iter : 2493 --> ToRoman : MMCDXCIII --> ToNumber : 2493
Iter : 2494 --> ToRoman : MMCDXCIV --> ToNumber : 2494
Iter : 2495 --> ToRoman : MMCDXCV --> ToNumber : 2495
Iter : 2496 --> ToRoman : MMCDXCVI --> ToNumber : 2496
Iter : 2497 --> ToRoman : MMCDXCVII --> ToNumber : 2497
Iter : 2498 --> ToRoman : MMCDXCVIII --> ToNumber : 2498
Iter : 2499 --> ToRoman : MMCDXCIX --> ToNumber : 2499
Iter : 2500 --> ToRoman : MMD --> ToNumber : 2500
Iter : 2501 --> ToRoman : MMDI --> ToNumber : 2501
Iter : 2502 --> ToRoman : MMDII --> ToNumber : 2502
Iter : 2503 --> ToRoman : MMDIII --> ToNumber : 2503
Iter : 2504 --> ToRoman : MMDIV --> ToNumber : 2504
Iter : 2505 --> ToRoman : MMDV --> ToNumber : 2505
Iter : 2506 --> ToRoman : MMDVI --> ToNumber : 2506
Iter : 2507 --> ToRoman : MMDVII --> ToNumber : 2507
Iter : 2508 --> ToRoman : MMDVIII --> ToNumber : 2508
Iter : 2509 --> ToRoman : MMDIX --> ToNumber : 2509
Iter : 2510 --> ToRoman : MMDX --> ToNumber : 2510
Iter : 2511 --> ToRoman : MMDXI --> ToNumber : 2511
Iter : 2512 --> ToRoman : MMDXII --> ToNumber : 2512
Iter : 2513 --> ToRoman : MMDXIII --> ToNumber : 2513
Iter : 2514 --> ToRoman : MMDXIV --> ToNumber : 2514
Iter : 2515 --> ToRoman : MMDXV --> ToNumber : 2515
Iter : 2516 --> ToRoman : MMDXVI --> ToNumber : 2516
Iter : 2517 --> ToRoman : MMDXVII --> ToNumber : 2517
Iter : 2518 --> ToRoman : MMDXVIII --> ToNumber : 2518
Iter : 2519 --> ToRoman : MMDXIX --> ToNumber : 2519
Iter : 2520 --> ToRoman : MMDXX --> ToNumber : 2520
Iter : 2521 --> ToRoman : MMDXXI --> ToNumber : 2521
Iter : 2522 --> ToRoman : MMDXXII --> ToNumber : 2522
Iter : 2523 --> ToRoman : MMDXXIII --> ToNumber : 2523
Iter : 2524 --> ToRoman : MMDXXIV --> ToNumber : 2524
Iter : 2525 --> ToRoman : MMDXXV --> ToNumber : 2525
Iter : 2526 --> ToRoman : MMDXXVI --> ToNumber : 2526
Iter : 2527 --> ToRoman : MMDXXVII --> ToNumber : 2527
Iter : 2528 --> ToRoman : MMDXXVIII --> ToNumber : 2528
Iter : 2529 --> ToRoman : MMDXXIX --> ToNumber : 2529
Iter : 2530 --> ToRoman : MMDXXX --> ToNumber : 2530
Iter : 2531 --> ToRoman : MMDXXXI --> ToNumber : 2531
Iter : 2532 --> ToRoman : MMDXXXII --> ToNumber : 2532
Iter : 2533 --> ToRoman : MMDXXXIII --> ToNumber : 2533
Iter : 2534 --> ToRoman : MMDXXXIV --> ToNumber : 2534
Iter : 2535 --> ToRoman : MMDXXXV --> ToNumber : 2535
Iter : 2536 --> ToRoman : MMDXXXVI --> ToNumber : 2536
Iter : 2537 --> ToRoman : MMDXXXVII --> ToNumber : 2537
Iter : 2538 --> ToRoman : MMDXXXVIII --> ToNumber : 2538
Iter : 2539 --> ToRoman : MMDXXXIX --> ToNumber : 2539
Iter : 2540 --> ToRoman : MMDXL --> ToNumber : 2540
Iter : 2541 --> ToRoman : MMDXLI --> ToNumber : 2541
Iter : 2542 --> ToRoman : MMDXLII --> ToNumber : 2542
Iter : 2543 --> ToRoman : MMDXLIII --> ToNumber : 2543
Iter : 2544 --> ToRoman : MMDXLIV --> ToNumber : 2544
Iter : 2545 --> ToRoman : MMDXLV --> ToNumber : 2545
Iter : 2546 --> ToRoman : MMDXLVI --> ToNumber : 2546
Iter : 2547 --> ToRoman : MMDXLVII --> ToNumber : 2547
Iter : 2548 --> ToRoman : MMDXLVIII --> ToNumber : 2548
Iter : 2549 --> ToRoman : MMDXLIX --> ToNumber : 2549
Iter : 2550 --> ToRoman : MMDL --> ToNumber : 2550
Iter : 2551 --> ToRoman : MMDLI --> ToNumber : 2551
Iter : 2552 --> ToRoman : MMDLII --> ToNumber : 2552
Iter : 2553 --> ToRoman : MMDLIII --> ToNumber : 2553
Iter : 2554 --> ToRoman : MMDLIV --> ToNumber : 2554
Iter : 2555 --> ToRoman : MMDLV --> ToNumber : 2555
Iter : 2556 --> ToRoman : MMDLVI --> ToNumber : 2556
Iter : 2557 --> ToRoman : MMDLVII --> ToNumber : 2557
Iter : 2558 --> ToRoman : MMDLVIII --> ToNumber : 2558
Iter : 2559 --> ToRoman : MMDLIX --> ToNumber : 2559
Iter : 2560 --> ToRoman : MMDLX --> ToNumber : 2560
Iter : 2561 --> ToRoman : MMDLXI --> ToNumber : 2561
Iter : 2562 --> ToRoman : MMDLXII --> ToNumber : 2562
Iter : 2563 --> ToRoman : MMDLXIII --> ToNumber : 2563
Iter : 2564 --> ToRoman : MMDLXIV --> ToNumber : 2564
Iter : 2565 --> ToRoman : MMDLXV --> ToNumber : 2565
Iter : 2566 --> ToRoman : MMDLXVI --> ToNumber : 2566
Iter : 2567 --> ToRoman : MMDLXVII --> ToNumber : 2567
Iter : 2568 --> ToRoman : MMDLXVIII --> ToNumber : 2568
Iter : 2569 --> ToRoman : MMDLXIX --> ToNumber : 2569
Iter : 2570 --> ToRoman : MMDLXX --> ToNumber : 2570
Iter : 2571 --> ToRoman : MMDLXXI --> ToNumber : 2571
Iter : 2572 --> ToRoman : MMDLXXII --> ToNumber : 2572
Iter : 2573 --> ToRoman : MMDLXXIII --> ToNumber : 2573
Iter : 2574 --> ToRoman : MMDLXXIV --> ToNumber : 2574
Iter : 2575 --> ToRoman : MMDLXXV --> ToNumber : 2575
Iter : 2576 --> ToRoman : MMDLXXVI --> ToNumber : 2576
Iter : 2577 --> ToRoman : MMDLXXVII --> ToNumber : 2577
Iter : 2578 --> ToRoman : MMDLXXVIII --> ToNumber : 2578
Iter : 2579 --> ToRoman : MMDLXXIX --> ToNumber : 2579
Iter : 2580 --> ToRoman : MMDLXXX --> ToNumber : 2580
Iter : 2581 --> ToRoman : MMDLXXXI --> ToNumber : 2581
Iter : 2582 --> ToRoman : MMDLXXXII --> ToNumber : 2582
Iter : 2583 --> ToRoman : MMDLXXXIII --> ToNumber : 2583
Iter : 2584 --> ToRoman : MMDLXXXIV --> ToNumber : 2584
Iter : 2585 --> ToRoman : MMDLXXXV --> ToNumber : 2585
Iter : 2586 --> ToRoman : MMDLXXXVI --> ToNumber : 2586
Iter : 2587 --> ToRoman : MMDLXXXVII --> ToNumber : 2587
Iter : 2588 --> ToRoman : MMDLXXXVIII --> ToNumber : 2588
Iter : 2589 --> ToRoman : MMDLXXXIX --> ToNumber : 2589
Iter : 2590 --> ToRoman : MMDXC --> ToNumber : 2590
Iter : 2591 --> ToRoman : MMDXCI --> ToNumber : 2591
Iter : 2592 --> ToRoman : MMDXCII --> ToNumber : 2592
Iter : 2593 --> ToRoman : MMDXCIII --> ToNumber : 2593
Iter : 2594 --> ToRoman : MMDXCIV --> ToNumber : 2594
Iter : 2595 --> ToRoman : MMDXCV --> ToNumber : 2595
Iter : 2596 --> ToRoman : MMDXCVI --> ToNumber : 2596
Iter : 2597 --> ToRoman : MMDXCVII --> ToNumber : 2597
Iter : 2598 --> ToRoman : MMDXCVIII --> ToNumber : 2598
Iter : 2599 --> ToRoman : MMDXCIX --> ToNumber : 2599
Iter : 2600 --> ToRoman : MMDC --> ToNumber : 2600
Iter : 2601 --> ToRoman : MMDCI --> ToNumber : 2601
Iter : 2602 --> ToRoman : MMDCII --> ToNumber : 2602
Iter : 2603 --> ToRoman : MMDCIII --> ToNumber : 2603
Iter : 2604 --> ToRoman : MMDCIV --> ToNumber : 2604
Iter : 2605 --> ToRoman : MMDCV --> ToNumber : 2605
Iter : 2606 --> ToRoman : MMDCVI --> ToNumber : 2606
Iter : 2607 --> ToRoman : MMDCVII --> ToNumber : 2607
Iter : 2608 --> ToRoman : MMDCVIII --> ToNumber : 2608
Iter : 2609 --> ToRoman : MMDCIX --> ToNumber : 2609
Iter : 2610 --> ToRoman : MMDCX --> ToNumber : 2610
Iter : 2611 --> ToRoman : MMDCXI --> ToNumber : 2611
Iter : 2612 --> ToRoman : MMDCXII --> ToNumber : 2612
Iter : 2613 --> ToRoman : MMDCXIII --> ToNumber : 2613
Iter : 2614 --> ToRoman : MMDCXIV --> ToNumber : 2614
Iter : 2615 --> ToRoman : MMDCXV --> ToNumber : 2615
Iter : 2616 --> ToRoman : MMDCXVI --> ToNumber : 2616
Iter : 2617 --> ToRoman : MMDCXVII --> ToNumber : 2617
Iter : 2618 --> ToRoman : MMDCXVIII --> ToNumber : 2618
Iter : 2619 --> ToRoman : MMDCXIX --> ToNumber : 2619
Iter : 2620 --> ToRoman : MMDCXX --> ToNumber : 2620
Iter : 2621 --> ToRoman : MMDCXXI --> ToNumber : 2621
Iter : 2622 --> ToRoman : MMDCXXII --> ToNumber : 2622
Iter : 2623 --> ToRoman : MMDCXXIII --> ToNumber : 2623
Iter : 2624 --> ToRoman : MMDCXXIV --> ToNumber : 2624
Iter : 2625 --> ToRoman : MMDCXXV --> ToNumber : 2625
Iter : 2626 --> ToRoman : MMDCXXVI --> ToNumber : 2626
Iter : 2627 --> ToRoman : MMDCXXVII --> ToNumber : 2627
Iter : 2628 --> ToRoman : MMDCXXVIII --> ToNumber : 2628
Iter : 2629 --> ToRoman : MMDCXXIX --> ToNumber : 2629
Iter : 2630 --> ToRoman : MMDCXXX --> ToNumber : 2630
Iter : 2631 --> ToRoman : MMDCXXXI --> ToNumber : 2631
Iter : 2632 --> ToRoman : MMDCXXXII --> ToNumber : 2632
Iter : 2633 --> ToRoman : MMDCXXXIII --> ToNumber : 2633
Iter : 2634 --> ToRoman : MMDCXXXIV --> ToNumber : 2634
Iter : 2635 --> ToRoman : MMDCXXXV --> ToNumber : 2635
Iter : 2636 --> ToRoman : MMDCXXXVI --> ToNumber : 2636
Iter : 2637 --> ToRoman : MMDCXXXVII --> ToNumber : 2637
Iter : 2638 --> ToRoman : MMDCXXXVIII --> ToNumber : 2638
Iter : 2639 --> ToRoman : MMDCXXXIX --> ToNumber : 2639
Iter : 2640 --> ToRoman : MMDCXL --> ToNumber : 2640
Iter : 2641 --> ToRoman : MMDCXLI --> ToNumber : 2641
Iter : 2642 --> ToRoman : MMDCXLII --> ToNumber : 2642
Iter : 2643 --> ToRoman : MMDCXLIII --> ToNumber : 2643
Iter : 2644 --> ToRoman : MMDCXLIV --> ToNumber : 2644
Iter : 2645 --> ToRoman : MMDCXLV --> ToNumber : 2645
Iter : 2646 --> ToRoman : MMDCXLVI --> ToNumber : 2646
Iter : 2647 --> ToRoman : MMDCXLVII --> ToNumber : 2647
Iter : 2648 --> ToRoman : MMDCXLVIII --> ToNumber : 2648
Iter : 2649 --> ToRoman : MMDCXLIX --> ToNumber : 2649
Iter : 2650 --> ToRoman : MMDCL --> ToNumber : 2650
Iter : 2651 --> ToRoman : MMDCLI --> ToNumber : 2651
Iter : 2652 --> ToRoman : MMDCLII --> ToNumber : 2652
Iter : 2653 --> ToRoman : MMDCLIII --> ToNumber : 2653
Iter : 2654 --> ToRoman : MMDCLIV --> ToNumber : 2654
Iter : 2655 --> ToRoman : MMDCLV --> ToNumber : 2655
Iter : 2656 --> ToRoman : MMDCLVI --> ToNumber : 2656
Iter : 2657 --> ToRoman : MMDCLVII --> ToNumber : 2657
Iter : 2658 --> ToRoman : MMDCLVIII --> ToNumber : 2658
Iter : 2659 --> ToRoman : MMDCLIX --> ToNumber : 2659
Iter : 2660 --> ToRoman : MMDCLX --> ToNumber : 2660
Iter : 2661 --> ToRoman : MMDCLXI --> ToNumber : 2661
Iter : 2662 --> ToRoman : MMDCLXII --> ToNumber : 2662
Iter : 2663 --> ToRoman : MMDCLXIII --> ToNumber : 2663
Iter : 2664 --> ToRoman : MMDCLXIV --> ToNumber : 2664
Iter : 2665 --> ToRoman : MMDCLXV --> ToNumber : 2665
Iter : 2666 --> ToRoman : MMDCLXVI --> ToNumber : 2666
Iter : 2667 --> ToRoman : MMDCLXVII --> ToNumber : 2667
Iter : 2668 --> ToRoman : MMDCLXVIII --> ToNumber : 2668
Iter : 2669 --> ToRoman : MMDCLXIX --> ToNumber : 2669
Iter : 2670 --> ToRoman : MMDCLXX --> ToNumber : 2670
Iter : 2671 --> ToRoman : MMDCLXXI --> ToNumber : 2671
Iter : 2672 --> ToRoman : MMDCLXXII --> ToNumber : 2672
Iter : 2673 --> ToRoman : MMDCLXXIII --> ToNumber : 2673
Iter : 2674 --> ToRoman : MMDCLXXIV --> ToNumber : 2674
Iter : 2675 --> ToRoman : MMDCLXXV --> ToNumber : 2675
Iter : 2676 --> ToRoman : MMDCLXXVI --> ToNumber : 2676
Iter : 2677 --> ToRoman : MMDCLXXVII --> ToNumber : 2677
Iter : 2678 --> ToRoman : MMDCLXXVIII --> ToNumber : 2678
Iter : 2679 --> ToRoman : MMDCLXXIX --> ToNumber : 2679
Iter : 2680 --> ToRoman : MMDCLXXX --> ToNumber : 2680
Iter : 2681 --> ToRoman : MMDCLXXXI --> ToNumber : 2681
Iter : 2682 --> ToRoman : MMDCLXXXII --> ToNumber : 2682
Iter : 2683 --> ToRoman : MMDCLXXXIII --> ToNumber : 2683
Iter : 2684 --> ToRoman : MMDCLXXXIV --> ToNumber : 2684
Iter : 2685 --> ToRoman : MMDCLXXXV --> ToNumber : 2685
Iter : 2686 --> ToRoman : MMDCLXXXVI --> ToNumber : 2686
Iter : 2687 --> ToRoman : MMDCLXXXVII --> ToNumber : 2687
Iter : 2688 --> ToRoman : MMDCLXXXVIII --> ToNumber : 2688
Iter : 2689 --> ToRoman : MMDCLXXXIX --> ToNumber : 2689
Iter : 2690 --> ToRoman : MMDCXC --> ToNumber : 2690
Iter : 2691 --> ToRoman : MMDCXCI --> ToNumber : 2691
Iter : 2692 --> ToRoman : MMDCXCII --> ToNumber : 2692
Iter : 2693 --> ToRoman : MMDCXCIII --> ToNumber : 2693
Iter : 2694 --> ToRoman : MMDCXCIV --> ToNumber : 2694
Iter : 2695 --> ToRoman : MMDCXCV --> ToNumber : 2695
Iter : 2696 --> ToRoman : MMDCXCVI --> ToNumber : 2696
Iter : 2697 --> ToRoman : MMDCXCVII --> ToNumber : 2697
Iter : 2698 --> ToRoman : MMDCXCVIII --> ToNumber : 2698
Iter : 2699 --> ToRoman : MMDCXCIX --> ToNumber : 2699
Iter : 2700 --> ToRoman : MMDCC --> ToNumber : 2700
Iter : 2701 --> ToRoman : MMDCCI --> ToNumber : 2701
Iter : 2702 --> ToRoman : MMDCCII --> ToNumber : 2702
Iter : 2703 --> ToRoman : MMDCCIII --> ToNumber : 2703
Iter : 2704 --> ToRoman : MMDCCIV --> ToNumber : 2704
Iter : 2705 --> ToRoman : MMDCCV --> ToNumber : 2705
Iter : 2706 --> ToRoman : MMDCCVI --> ToNumber : 2706
Iter : 2707 --> ToRoman : MMDCCVII --> ToNumber : 2707
Iter : 2708 --> ToRoman : MMDCCVIII --> ToNumber : 2708
Iter : 2709 --> ToRoman : MMDCCIX --> ToNumber : 2709
Iter : 2710 --> ToRoman : MMDCCX --> ToNumber : 2710
Iter : 2711 --> ToRoman : MMDCCXI --> ToNumber : 2711
Iter : 2712 --> ToRoman : MMDCCXII --> ToNumber : 2712
Iter : 2713 --> ToRoman : MMDCCXIII --> ToNumber : 2713
Iter : 2714 --> ToRoman : MMDCCXIV --> ToNumber : 2714
Iter : 2715 --> ToRoman : MMDCCXV --> ToNumber : 2715
Iter : 2716 --> ToRoman : MMDCCXVI --> ToNumber : 2716
Iter : 2717 --> ToRoman : MMDCCXVII --> ToNumber : 2717
Iter : 2718 --> ToRoman : MMDCCXVIII --> ToNumber : 2718
Iter : 2719 --> ToRoman : MMDCCXIX --> ToNumber : 2719
Iter : 2720 --> ToRoman : MMDCCXX --> ToNumber : 2720
Iter : 2721 --> ToRoman : MMDCCXXI --> ToNumber : 2721
Iter : 2722 --> ToRoman : MMDCCXXII --> ToNumber : 2722
Iter : 2723 --> ToRoman : MMDCCXXIII --> ToNumber : 2723
Iter : 2724 --> ToRoman : MMDCCXXIV --> ToNumber : 2724
Iter : 2725 --> ToRoman : MMDCCXXV --> ToNumber : 2725
Iter : 2726 --> ToRoman : MMDCCXXVI --> ToNumber : 2726
Iter : 2727 --> ToRoman : MMDCCXXVII --> ToNumber : 2727
Iter : 2728 --> ToRoman : MMDCCXXVIII --> ToNumber : 2728
Iter : 2729 --> ToRoman : MMDCCXXIX --> ToNumber : 2729
Iter : 2730 --> ToRoman : MMDCCXXX --> ToNumber : 2730
Iter : 2731 --> ToRoman : MMDCCXXXI --> ToNumber : 2731
Iter : 2732 --> ToRoman : MMDCCXXXII --> ToNumber : 2732
Iter : 2733 --> ToRoman : MMDCCXXXIII --> ToNumber : 2733
Iter : 2734 --> ToRoman : MMDCCXXXIV --> ToNumber : 2734
Iter : 2735 --> ToRoman : MMDCCXXXV --> ToNumber : 2735
Iter : 2736 --> ToRoman : MMDCCXXXVI --> ToNumber : 2736
Iter : 2737 --> ToRoman : MMDCCXXXVII --> ToNumber : 2737
Iter : 2738 --> ToRoman : MMDCCXXXVIII --> ToNumber : 2738
Iter : 2739 --> ToRoman : MMDCCXXXIX --> ToNumber : 2739
Iter : 2740 --> ToRoman : MMDCCXL --> ToNumber : 2740
Iter : 2741 --> ToRoman : MMDCCXLI --> ToNumber : 2741
Iter : 2742 --> ToRoman : MMDCCXLII --> ToNumber : 2742
Iter : 2743 --> ToRoman : MMDCCXLIII --> ToNumber : 2743
Iter : 2744 --> ToRoman : MMDCCXLIV --> ToNumber : 2744
Iter : 2745 --> ToRoman : MMDCCXLV --> ToNumber : 2745
Iter : 2746 --> ToRoman : MMDCCXLVI --> ToNumber : 2746
Iter : 2747 --> ToRoman : MMDCCXLVII --> ToNumber : 2747
Iter : 2748 --> ToRoman : MMDCCXLVIII --> ToNumber : 2748
Iter : 2749 --> ToRoman : MMDCCXLIX --> ToNumber : 2749
Iter : 2750 --> ToRoman : MMDCCL --> ToNumber : 2750
Iter : 2751 --> ToRoman : MMDCCLI --> ToNumber : 2751
Iter : 2752 --> ToRoman : MMDCCLII --> ToNumber : 2752
Iter : 2753 --> ToRoman : MMDCCLIII --> ToNumber : 2753
Iter : 2754 --> ToRoman : MMDCCLIV --> ToNumber : 2754
Iter : 2755 --> ToRoman : MMDCCLV --> ToNumber : 2755
Iter : 2756 --> ToRoman : MMDCCLVI --> ToNumber : 2756
Iter : 2757 --> ToRoman : MMDCCLVII --> ToNumber : 2757
Iter : 2758 --> ToRoman : MMDCCLVIII --> ToNumber : 2758
Iter : 2759 --> ToRoman : MMDCCLIX --> ToNumber : 2759
Iter : 2760 --> ToRoman : MMDCCLX --> ToNumber : 2760
Iter : 2761 --> ToRoman : MMDCCLXI --> ToNumber : 2761
Iter : 2762 --> ToRoman : MMDCCLXII --> ToNumber : 2762
Iter : 2763 --> ToRoman : MMDCCLXIII --> ToNumber : 2763
Iter : 2764 --> ToRoman : MMDCCLXIV --> ToNumber : 2764
Iter : 2765 --> ToRoman : MMDCCLXV --> ToNumber : 2765
Iter : 2766 --> ToRoman : MMDCCLXVI --> ToNumber : 2766
Iter : 2767 --> ToRoman : MMDCCLXVII --> ToNumber : 2767
Iter : 2768 --> ToRoman : MMDCCLXVIII --> ToNumber : 2768
Iter : 2769 --> ToRoman : MMDCCLXIX --> ToNumber : 2769
Iter : 2770 --> ToRoman : MMDCCLXX --> ToNumber : 2770
Iter : 2771 --> ToRoman : MMDCCLXXI --> ToNumber : 2771
Iter : 2772 --> ToRoman : MMDCCLXXII --> ToNumber : 2772
Iter : 2773 --> ToRoman : MMDCCLXXIII --> ToNumber : 2773
Iter : 2774 --> ToRoman : MMDCCLXXIV --> ToNumber : 2774
Iter : 2775 --> ToRoman : MMDCCLXXV --> ToNumber : 2775
Iter : 2776 --> ToRoman : MMDCCLXXVI --> ToNumber : 2776
Iter : 2777 --> ToRoman : MMDCCLXXVII --> ToNumber : 2777
Iter : 2778 --> ToRoman : MMDCCLXXVIII --> ToNumber : 2778
Iter : 2779 --> ToRoman : MMDCCLXXIX --> ToNumber : 2779
Iter : 2780 --> ToRoman : MMDCCLXXX --> ToNumber : 2780
Iter : 2781 --> ToRoman : MMDCCLXXXI --> ToNumber : 2781
Iter : 2782 --> ToRoman : MMDCCLXXXII --> ToNumber : 2782
Iter : 2783 --> ToRoman : MMDCCLXXXIII --> ToNumber : 2783
Iter : 2784 --> ToRoman : MMDCCLXXXIV --> ToNumber : 2784
Iter : 2785 --> ToRoman : MMDCCLXXXV --> ToNumber : 2785
Iter : 2786 --> ToRoman : MMDCCLXXXVI --> ToNumber : 2786
Iter : 2787 --> ToRoman : MMDCCLXXXVII --> ToNumber : 2787
Iter : 2788 --> ToRoman : MMDCCLXXXVIII --> ToNumber : 2788
Iter : 2789 --> ToRoman : MMDCCLXXXIX --> ToNumber : 2789
Iter : 2790 --> ToRoman : MMDCCXC --> ToNumber : 2790
Iter : 2791 --> ToRoman : MMDCCXCI --> ToNumber : 2791
Iter : 2792 --> ToRoman : MMDCCXCII --> ToNumber : 2792
Iter : 2793 --> ToRoman : MMDCCXCIII --> ToNumber : 2793
Iter : 2794 --> ToRoman : MMDCCXCIV --> ToNumber : 2794
Iter : 2795 --> ToRoman : MMDCCXCV --> ToNumber : 2795
Iter : 2796 --> ToRoman : MMDCCXCVI --> ToNumber : 2796
Iter : 2797 --> ToRoman : MMDCCXCVII --> ToNumber : 2797
Iter : 2798 --> ToRoman : MMDCCXCVIII --> ToNumber : 2798
Iter : 2799 --> ToRoman : MMDCCXCIX --> ToNumber : 2799
Iter : 2800 --> ToRoman : MMDCCC --> ToNumber : 2800
Iter : 2801 --> ToRoman : MMDCCCI --> ToNumber : 2801
Iter : 2802 --> ToRoman : MMDCCCII --> ToNumber : 2802
Iter : 2803 --> ToRoman : MMDCCCIII --> ToNumber : 2803
Iter : 2804 --> ToRoman : MMDCCCIV --> ToNumber : 2804
Iter : 2805 --> ToRoman : MMDCCCV --> ToNumber : 2805
Iter : 2806 --> ToRoman : MMDCCCVI --> ToNumber : 2806
Iter : 2807 --> ToRoman : MMDCCCVII --> ToNumber : 2807
Iter : 2808 --> ToRoman : MMDCCCVIII --> ToNumber : 2808
Iter : 2809 --> ToRoman : MMDCCCIX --> ToNumber : 2809
Iter : 2810 --> ToRoman : MMDCCCX --> ToNumber : 2810
Iter : 2811 --> ToRoman : MMDCCCXI --> ToNumber : 2811
Iter : 2812 --> ToRoman : MMDCCCXII --> ToNumber : 2812
Iter : 2813 --> ToRoman : MMDCCCXIII --> ToNumber : 2813
Iter : 2814 --> ToRoman : MMDCCCXIV --> ToNumber : 2814
Iter : 2815 --> ToRoman : MMDCCCXV --> ToNumber : 2815
Iter : 2816 --> ToRoman : MMDCCCXVI --> ToNumber : 2816
Iter : 2817 --> ToRoman : MMDCCCXVII --> ToNumber : 2817
Iter : 2818 --> ToRoman : MMDCCCXVIII --> ToNumber : 2818
Iter : 2819 --> ToRoman : MMDCCCXIX --> ToNumber : 2819
Iter : 2820 --> ToRoman : MMDCCCXX --> ToNumber : 2820
Iter : 2821 --> ToRoman : MMDCCCXXI --> ToNumber : 2821
Iter : 2822 --> ToRoman : MMDCCCXXII --> ToNumber : 2822
Iter : 2823 --> ToRoman : MMDCCCXXIII --> ToNumber : 2823
Iter : 2824 --> ToRoman : MMDCCCXXIV --> ToNumber : 2824
Iter : 2825 --> ToRoman : MMDCCCXXV --> ToNumber : 2825
Iter : 2826 --> ToRoman : MMDCCCXXVI --> ToNumber : 2826
Iter : 2827 --> ToRoman : MMDCCCXXVII --> ToNumber : 2827
Iter : 2828 --> ToRoman : MMDCCCXXVIII --> ToNumber : 2828
Iter : 2829 --> ToRoman : MMDCCCXXIX --> ToNumber : 2829
Iter : 2830 --> ToRoman : MMDCCCXXX --> ToNumber : 2830
Iter : 2831 --> ToRoman : MMDCCCXXXI --> ToNumber : 2831
Iter : 2832 --> ToRoman : MMDCCCXXXII --> ToNumber : 2832
Iter : 2833 --> ToRoman : MMDCCCXXXIII --> ToNumber : 2833
Iter : 2834 --> ToRoman : MMDCCCXXXIV --> ToNumber : 2834
Iter : 2835 --> ToRoman : MMDCCCXXXV --> ToNumber : 2835
Iter : 2836 --> ToRoman : MMDCCCXXXVI --> ToNumber : 2836
Iter : 2837 --> ToRoman : MMDCCCXXXVII --> ToNumber : 2837
Iter : 2838 --> ToRoman : MMDCCCXXXVIII --> ToNumber : 2838
Iter : 2839 --> ToRoman : MMDCCCXXXIX --> ToNumber : 2839
Iter : 2840 --> ToRoman : MMDCCCXL --> ToNumber : 2840
Iter : 2841 --> ToRoman : MMDCCCXLI --> ToNumber : 2841
Iter : 2842 --> ToRoman : MMDCCCXLII --> ToNumber : 2842
Iter : 2843 --> ToRoman : MMDCCCXLIII --> ToNumber : 2843
Iter : 2844 --> ToRoman : MMDCCCXLIV --> ToNumber : 2844
Iter : 2845 --> ToRoman : MMDCCCXLV --> ToNumber : 2845
Iter : 2846 --> ToRoman : MMDCCCXLVI --> ToNumber : 2846
Iter : 2847 --> ToRoman : MMDCCCXLVII --> ToNumber : 2847
Iter : 2848 --> ToRoman : MMDCCCXLVIII --> ToNumber : 2848
Iter : 2849 --> ToRoman : MMDCCCXLIX --> ToNumber : 2849
Iter : 2850 --> ToRoman : MMDCCCL --> ToNumber : 2850
Iter : 2851 --> ToRoman : MMDCCCLI --> ToNumber : 2851
Iter : 2852 --> ToRoman : MMDCCCLII --> ToNumber : 2852
Iter : 2853 --> ToRoman : MMDCCCLIII --> ToNumber : 2853
Iter : 2854 --> ToRoman : MMDCCCLIV --> ToNumber : 2854
Iter : 2855 --> ToRoman : MMDCCCLV --> ToNumber : 2855
Iter : 2856 --> ToRoman : MMDCCCLVI --> ToNumber : 2856
Iter : 2857 --> ToRoman : MMDCCCLVII --> ToNumber : 2857
Iter : 2858 --> ToRoman : MMDCCCLVIII --> ToNumber : 2858
Iter : 2859 --> ToRoman : MMDCCCLIX --> ToNumber : 2859
Iter : 2860 --> ToRoman : MMDCCCLX --> ToNumber : 2860
Iter : 2861 --> ToRoman : MMDCCCLXI --> ToNumber : 2861
Iter : 2862 --> ToRoman : MMDCCCLXII --> ToNumber : 2862
Iter : 2863 --> ToRoman : MMDCCCLXIII --> ToNumber : 2863
Iter : 2864 --> ToRoman : MMDCCCLXIV --> ToNumber : 2864
Iter : 2865 --> ToRoman : MMDCCCLXV --> ToNumber : 2865
Iter : 2866 --> ToRoman : MMDCCCLXVI --> ToNumber : 2866
Iter : 2867 --> ToRoman : MMDCCCLXVII --> ToNumber : 2867
Iter : 2868 --> ToRoman : MMDCCCLXVIII --> ToNumber : 2868
Iter : 2869 --> ToRoman : MMDCCCLXIX --> ToNumber : 2869
Iter : 2870 --> ToRoman : MMDCCCLXX --> ToNumber : 2870
Iter : 2871 --> ToRoman : MMDCCCLXXI --> ToNumber : 2871
Iter : 2872 --> ToRoman : MMDCCCLXXII --> ToNumber : 2872
Iter : 2873 --> ToRoman : MMDCCCLXXIII --> ToNumber : 2873
Iter : 2874 --> ToRoman : MMDCCCLXXIV --> ToNumber : 2874
Iter : 2875 --> ToRoman : MMDCCCLXXV --> ToNumber : 2875
Iter : 2876 --> ToRoman : MMDCCCLXXVI --> ToNumber : 2876
Iter : 2877 --> ToRoman : MMDCCCLXXVII --> ToNumber : 2877
Iter : 2878 --> ToRoman : MMDCCCLXXVIII --> ToNumber : 2878
Iter : 2879 --> ToRoman : MMDCCCLXXIX --> ToNumber : 2879
Iter : 2880 --> ToRoman : MMDCCCLXXX --> ToNumber : 2880
Iter : 2881 --> ToRoman : MMDCCCLXXXI --> ToNumber : 2881
Iter : 2882 --> ToRoman : MMDCCCLXXXII --> ToNumber : 2882
Iter : 2883 --> ToRoman : MMDCCCLXXXIII --> ToNumber : 2883
Iter : 2884 --> ToRoman : MMDCCCLXXXIV --> ToNumber : 2884
Iter : 2885 --> ToRoman : MMDCCCLXXXV --> ToNumber : 2885
Iter : 2886 --> ToRoman : MMDCCCLXXXVI --> ToNumber : 2886
Iter : 2887 --> ToRoman : MMDCCCLXXXVII --> ToNumber : 2887
Iter : 2888 --> ToRoman : MMDCCCLXXXVIII --> ToNumber : 2888
Iter : 2889 --> ToRoman : MMDCCCLXXXIX --> ToNumber : 2889
Iter : 2890 --> ToRoman : MMDCCCXC --> ToNumber : 2890
Iter : 2891 --> ToRoman : MMDCCCXCI --> ToNumber : 2891
Iter : 2892 --> ToRoman : MMDCCCXCII --> ToNumber : 2892
Iter : 2893 --> ToRoman : MMDCCCXCIII --> ToNumber : 2893
Iter : 2894 --> ToRoman : MMDCCCXCIV --> ToNumber : 2894
Iter : 2895 --> ToRoman : MMDCCCXCV --> ToNumber : 2895
Iter : 2896 --> ToRoman : MMDCCCXCVI --> ToNumber : 2896
Iter : 2897 --> ToRoman : MMDCCCXCVII --> ToNumber : 2897
Iter : 2898 --> ToRoman : MMDCCCXCVIII --> ToNumber : 2898
Iter : 2899 --> ToRoman : MMDCCCXCIX --> ToNumber : 2899
Iter : 2900 --> ToRoman : MMCM --> ToNumber : 2900
Iter : 2901 --> ToRoman : MMCMI --> ToNumber : 2901
Iter : 2902 --> ToRoman : MMCMII --> ToNumber : 2902
Iter : 2903 --> ToRoman : MMCMIII --> ToNumber : 2903
Iter : 2904 --> ToRoman : MMCMIV --> ToNumber : 2904
Iter : 2905 --> ToRoman : MMCMV --> ToNumber : 2905
Iter : 2906 --> ToRoman : MMCMVI --> ToNumber : 2906
Iter : 2907 --> ToRoman : MMCMVII --> ToNumber : 2907
Iter : 2908 --> ToRoman : MMCMVIII --> ToNumber : 2908
Iter : 2909 --> ToRoman : MMCMIX --> ToNumber : 2909
Iter : 2910 --> ToRoman : MMCMX --> ToNumber : 2910
Iter : 2911 --> ToRoman : MMCMXI --> ToNumber : 2911
Iter : 2912 --> ToRoman : MMCMXII --> ToNumber : 2912
Iter : 2913 --> ToRoman : MMCMXIII --> ToNumber : 2913
Iter : 2914 --> ToRoman : MMCMXIV --> ToNumber : 2914
Iter : 2915 --> ToRoman : MMCMXV --> ToNumber : 2915
Iter : 2916 --> ToRoman : MMCMXVI --> ToNumber : 2916
Iter : 2917 --> ToRoman : MMCMXVII --> ToNumber : 2917
Iter : 2918 --> ToRoman : MMCMXVIII --> ToNumber : 2918
Iter : 2919 --> ToRoman : MMCMXIX --> ToNumber : 2919
Iter : 2920 --> ToRoman : MMCMXX --> ToNumber : 2920
Iter : 2921 --> ToRoman : MMCMXXI --> ToNumber : 2921
Iter : 2922 --> ToRoman : MMCMXXII --> ToNumber : 2922
Iter : 2923 --> ToRoman : MMCMXXIII --> ToNumber : 2923
Iter : 2924 --> ToRoman : MMCMXXIV --> ToNumber : 2924
Iter : 2925 --> ToRoman : MMCMXXV --> ToNumber : 2925
Iter : 2926 --> ToRoman : MMCMXXVI --> ToNumber : 2926
Iter : 2927 --> ToRoman : MMCMXXVII --> ToNumber : 2927
Iter : 2928 --> ToRoman : MMCMXXVIII --> ToNumber : 2928
Iter : 2929 --> ToRoman : MMCMXXIX --> ToNumber : 2929
Iter : 2930 --> ToRoman : MMCMXXX --> ToNumber : 2930
Iter : 2931 --> ToRoman : MMCMXXXI --> ToNumber : 2931
Iter : 2932 --> ToRoman : MMCMXXXII --> ToNumber : 2932
Iter : 2933 --> ToRoman : MMCMXXXIII --> ToNumber : 2933
Iter : 2934 --> ToRoman : MMCMXXXIV --> ToNumber : 2934
Iter : 2935 --> ToRoman : MMCMXXXV --> ToNumber : 2935
Iter : 2936 --> ToRoman : MMCMXXXVI --> ToNumber : 2936
Iter : 2937 --> ToRoman : MMCMXXXVII --> ToNumber : 2937
Iter : 2938 --> ToRoman : MMCMXXXVIII --> ToNumber : 2938
Iter : 2939 --> ToRoman : MMCMXXXIX --> ToNumber : 2939
Iter : 2940 --> ToRoman : MMCMXL --> ToNumber : 2940
Iter : 2941 --> ToRoman : MMCMXLI --> ToNumber : 2941
Iter : 2942 --> ToRoman : MMCMXLII --> ToNumber : 2942
Iter : 2943 --> ToRoman : MMCMXLIII --> ToNumber : 2943
Iter : 2944 --> ToRoman : MMCMXLIV --> ToNumber : 2944
Iter : 2945 --> ToRoman : MMCMXLV --> ToNumber : 2945
Iter : 2946 --> ToRoman : MMCMXLVI --> ToNumber : 2946
Iter : 2947 --> ToRoman : MMCMXLVII --> ToNumber : 2947
Iter : 2948 --> ToRoman : MMCMXLVIII --> ToNumber : 2948
Iter : 2949 --> ToRoman : MMCMXLIX --> ToNumber : 2949
Iter : 2950 --> ToRoman : MMCML --> ToNumber : 2950
Iter : 2951 --> ToRoman : MMCMLI --> ToNumber : 2951
Iter : 2952 --> ToRoman : MMCMLII --> ToNumber : 2952
Iter : 2953 --> ToRoman : MMCMLIII --> ToNumber : 2953
Iter : 2954 --> ToRoman : MMCMLIV --> ToNumber : 2954
Iter : 2955 --> ToRoman : MMCMLV --> ToNumber : 2955
Iter : 2956 --> ToRoman : MMCMLVI --> ToNumber : 2956
Iter : 2957 --> ToRoman : MMCMLVII --> ToNumber : 2957
Iter : 2958 --> ToRoman : MMCMLVIII --> ToNumber : 2958
Iter : 2959 --> ToRoman : MMCMLIX --> ToNumber : 2959
Iter : 2960 --> ToRoman : MMCMLX --> ToNumber : 2960
Iter : 2961 --> ToRoman : MMCMLXI --> ToNumber : 2961
Iter : 2962 --> ToRoman : MMCMLXII --> ToNumber : 2962
Iter : 2963 --> ToRoman : MMCMLXIII --> ToNumber : 2963
Iter : 2964 --> ToRoman : MMCMLXIV --> ToNumber : 2964
Iter : 2965 --> ToRoman : MMCMLXV --> ToNumber : 2965
Iter : 2966 --> ToRoman : MMCMLXVI --> ToNumber : 2966
Iter : 2967 --> ToRoman : MMCMLXVII --> ToNumber : 2967
Iter : 2968 --> ToRoman : MMCMLXVIII --> ToNumber : 2968
Iter : 2969 --> ToRoman : MMCMLXIX --> ToNumber : 2969
Iter : 2970 --> ToRoman : MMCMLXX --> ToNumber : 2970
Iter : 2971 --> ToRoman : MMCMLXXI --> ToNumber : 2971
Iter : 2972 --> ToRoman : MMCMLXXII --> ToNumber : 2972
Iter : 2973 --> ToRoman : MMCMLXXIII --> ToNumber : 2973
Iter : 2974 --> ToRoman : MMCMLXXIV --> ToNumber : 2974
Iter : 2975 --> ToRoman : MMCMLXXV --> ToNumber : 2975
Iter : 2976 --> ToRoman : MMCMLXXVI --> ToNumber : 2976
Iter : 2977 --> ToRoman : MMCMLXXVII --> ToNumber : 2977
Iter : 2978 --> ToRoman : MMCMLXXVIII --> ToNumber : 2978
Iter : 2979 --> ToRoman : MMCMLXXIX --> ToNumber : 2979
Iter : 2980 --> ToRoman : MMCMLXXX --> ToNumber : 2980
Iter : 2981 --> ToRoman : MMCMLXXXI --> ToNumber : 2981
Iter : 2982 --> ToRoman : MMCMLXXXII --> ToNumber : 2982
Iter : 2983 --> ToRoman : MMCMLXXXIII --> ToNumber : 2983
Iter : 2984 --> ToRoman : MMCMLXXXIV --> ToNumber : 2984
Iter : 2985 --> ToRoman : MMCMLXXXV --> ToNumber : 2985
Iter : 2986 --> ToRoman : MMCMLXXXVI --> ToNumber : 2986
Iter : 2987 --> ToRoman : MMCMLXXXVII --> ToNumber : 2987
Iter : 2988 --> ToRoman : MMCMLXXXVIII --> ToNumber : 2988
Iter : 2989 --> ToRoman : MMCMLXXXIX --> ToNumber : 2989
Iter : 2990 --> ToRoman : MMCMXC --> ToNumber : 2990
Iter : 2991 --> ToRoman : MMCMXCI --> ToNumber : 2991
Iter : 2992 --> ToRoman : MMCMXCII --> ToNumber : 2992
Iter : 2993 --> ToRoman : MMCMXCIII --> ToNumber : 2993
Iter : 2994 --> ToRoman : MMCMXCIV --> ToNumber : 2994
Iter : 2995 --> ToRoman : MMCMXCV --> ToNumber : 2995
Iter : 2996 --> ToRoman : MMCMXCVI --> ToNumber : 2996
Iter : 2997 --> ToRoman : MMCMXCVII --> ToNumber : 2997
Iter : 2998 --> ToRoman : MMCMXCVIII --> ToNumber : 2998
Iter : 2999 --> ToRoman : MMCMXCIX --> ToNumber : 2999
Iter : 3000 --> ToRoman : MMM --> ToNumber : 3000
Iter : 3001 --> ToRoman : MMMI --> ToNumber : 3001
Iter : 3002 --> ToRoman : MMMII --> ToNumber : 3002
Iter : 3003 --> ToRoman : MMMIII --> ToNumber : 3003
Iter : 3004 --> ToRoman : MMMIV --> ToNumber : 3004
Iter : 3005 --> ToRoman : MMMV --> ToNumber : 3005
Iter : 3006 --> ToRoman : MMMVI --> ToNumber : 3006
Iter : 3007 --> ToRoman : MMMVII --> ToNumber : 3007
Iter : 3008 --> ToRoman : MMMVIII --> ToNumber : 3008
Iter : 3009 --> ToRoman : MMMIX --> ToNumber : 3009
Iter : 3010 --> ToRoman : MMMX --> ToNumber : 3010
Iter : 3011 --> ToRoman : MMMXI --> ToNumber : 3011
Iter : 3012 --> ToRoman : MMMXII --> ToNumber : 3012
Iter : 3013 --> ToRoman : MMMXIII --> ToNumber : 3013
Iter : 3014 --> ToRoman : MMMXIV --> ToNumber : 3014
Iter : 3015 --> ToRoman : MMMXV --> ToNumber : 3015
Iter : 3016 --> ToRoman : MMMXVI --> ToNumber : 3016
Iter : 3017 --> ToRoman : MMMXVII --> ToNumber : 3017
Iter : 3018 --> ToRoman : MMMXVIII --> ToNumber : 3018
Iter : 3019 --> ToRoman : MMMXIX --> ToNumber : 3019
Iter : 3020 --> ToRoman : MMMXX --> ToNumber : 3020
Iter : 3021 --> ToRoman : MMMXXI --> ToNumber : 3021
Iter : 3022 --> ToRoman : MMMXXII --> ToNumber : 3022
Iter : 3023 --> ToRoman : MMMXXIII --> ToNumber : 3023
Iter : 3024 --> ToRoman : MMMXXIV --> ToNumber : 3024
Iter : 3025 --> ToRoman : MMMXXV --> ToNumber : 3025
Iter : 3026 --> ToRoman : MMMXXVI --> ToNumber : 3026
Iter : 3027 --> ToRoman : MMMXXVII --> ToNumber : 3027
Iter : 3028 --> ToRoman : MMMXXVIII --> ToNumber : 3028
Iter : 3029 --> ToRoman : MMMXXIX --> ToNumber : 3029
Iter : 3030 --> ToRoman : MMMXXX --> ToNumber : 3030
Iter : 3031 --> ToRoman : MMMXXXI --> ToNumber : 3031
Iter : 3032 --> ToRoman : MMMXXXII --> ToNumber : 3032
Iter : 3033 --> ToRoman : MMMXXXIII --> ToNumber : 3033
Iter : 3034 --> ToRoman : MMMXXXIV --> ToNumber : 3034
Iter : 3035 --> ToRoman : MMMXXXV --> ToNumber : 3035
Iter : 3036 --> ToRoman : MMMXXXVI --> ToNumber : 3036
Iter : 3037 --> ToRoman : MMMXXXVII --> ToNumber : 3037
Iter : 3038 --> ToRoman : MMMXXXVIII --> ToNumber : 3038
Iter : 3039 --> ToRoman : MMMXXXIX --> ToNumber : 3039
Iter : 3040 --> ToRoman : MMMXL --> ToNumber : 3040
Iter : 3041 --> ToRoman : MMMXLI --> ToNumber : 3041
Iter : 3042 --> ToRoman : MMMXLII --> ToNumber : 3042
Iter : 3043 --> ToRoman : MMMXLIII --> ToNumber : 3043
Iter : 3044 --> ToRoman : MMMXLIV --> ToNumber : 3044
Iter : 3045 --> ToRoman : MMMXLV --> ToNumber : 3045
Iter : 3046 --> ToRoman : MMMXLVI --> ToNumber : 3046
Iter : 3047 --> ToRoman : MMMXLVII --> ToNumber : 3047
Iter : 3048 --> ToRoman : MMMXLVIII --> ToNumber : 3048
Iter : 3049 --> ToRoman : MMMXLIX --> ToNumber : 3049
Iter : 3050 --> ToRoman : MMML --> ToNumber : 3050
Iter : 3051 --> ToRoman : MMMLI --> ToNumber : 3051
Iter : 3052 --> ToRoman : MMMLII --> ToNumber : 3052
Iter : 3053 --> ToRoman : MMMLIII --> ToNumber : 3053
Iter : 3054 --> ToRoman : MMMLIV --> ToNumber : 3054
Iter : 3055 --> ToRoman : MMMLV --> ToNumber : 3055
Iter : 3056 --> ToRoman : MMMLVI --> ToNumber : 3056
Iter : 3057 --> ToRoman : MMMLVII --> ToNumber : 3057
Iter : 3058 --> ToRoman : MMMLVIII --> ToNumber : 3058
Iter : 3059 --> ToRoman : MMMLIX --> ToNumber : 3059
Iter : 3060 --> ToRoman : MMMLX --> ToNumber : 3060
Iter : 3061 --> ToRoman : MMMLXI --> ToNumber : 3061
Iter : 3062 --> ToRoman : MMMLXII --> ToNumber : 3062
Iter : 3063 --> ToRoman : MMMLXIII --> ToNumber : 3063
Iter : 3064 --> ToRoman : MMMLXIV --> ToNumber : 3064
Iter : 3065 --> ToRoman : MMMLXV --> ToNumber : 3065
Iter : 3066 --> ToRoman : MMMLXVI --> ToNumber : 3066
Iter : 3067 --> ToRoman : MMMLXVII --> ToNumber : 3067
Iter : 3068 --> ToRoman : MMMLXVIII --> ToNumber : 3068
Iter : 3069 --> ToRoman : MMMLXIX --> ToNumber : 3069
Iter : 3070 --> ToRoman : MMMLXX --> ToNumber : 3070
Iter : 3071 --> ToRoman : MMMLXXI --> ToNumber : 3071
Iter : 3072 --> ToRoman : MMMLXXII --> ToNumber : 3072
Iter : 3073 --> ToRoman : MMMLXXIII --> ToNumber : 3073
Iter : 3074 --> ToRoman : MMMLXXIV --> ToNumber : 3074
Iter : 3075 --> ToRoman : MMMLXXV --> ToNumber : 3075
Iter : 3076 --> ToRoman : MMMLXXVI --> ToNumber : 3076
Iter : 3077 --> ToRoman : MMMLXXVII --> ToNumber : 3077
Iter : 3078 --> ToRoman : MMMLXXVIII --> ToNumber : 3078
Iter : 3079 --> ToRoman : MMMLXXIX --> ToNumber : 3079
Iter : 3080 --> ToRoman : MMMLXXX --> ToNumber : 3080
Iter : 3081 --> ToRoman : MMMLXXXI --> ToNumber : 3081
Iter : 3082 --> ToRoman : MMMLXXXII --> ToNumber : 3082
Iter : 3083 --> ToRoman : MMMLXXXIII --> ToNumber : 3083
Iter : 3084 --> ToRoman : MMMLXXXIV --> ToNumber : 3084
Iter : 3085 --> ToRoman : MMMLXXXV --> ToNumber : 3085
Iter : 3086 --> ToRoman : MMMLXXXVI --> ToNumber : 3086
Iter : 3087 --> ToRoman : MMMLXXXVII --> ToNumber : 3087
Iter : 3088 --> ToRoman : MMMLXXXVIII --> ToNumber : 3088
Iter : 3089 --> ToRoman : MMMLXXXIX --> ToNumber : 3089
Iter : 3090 --> ToRoman : MMMXC --> ToNumber : 3090
Iter : 3091 --> ToRoman : MMMXCI --> ToNumber : 3091
Iter : 3092 --> ToRoman : MMMXCII --> ToNumber : 3092
Iter : 3093 --> ToRoman : MMMXCIII --> ToNumber : 3093
Iter : 3094 --> ToRoman : MMMXCIV --> ToNumber : 3094
Iter : 3095 --> ToRoman : MMMXCV --> ToNumber : 3095
Iter : 3096 --> ToRoman : MMMXCVI --> ToNumber : 3096
Iter : 3097 --> ToRoman : MMMXCVII --> ToNumber : 3097
Iter : 3098 --> ToRoman : MMMXCVIII --> ToNumber : 3098
Iter : 3099 --> ToRoman : MMMXCIX --> ToNumber : 3099
Iter : 3100 --> ToRoman : MMMC --> ToNumber : 3100
Iter : 3101 --> ToRoman : MMMCI --> ToNumber : 3101
Iter : 3102 --> ToRoman : MMMCII --> ToNumber : 3102
Iter : 3103 --> ToRoman : MMMCIII --> ToNumber : 3103
Iter : 3104 --> ToRoman : MMMCIV --> ToNumber : 3104
Iter : 3105 --> ToRoman : MMMCV --> ToNumber : 3105
Iter : 3106 --> ToRoman : MMMCVI --> ToNumber : 3106
Iter : 3107 --> ToRoman : MMMCVII --> ToNumber : 3107
Iter : 3108 --> ToRoman : MMMCVIII --> ToNumber : 3108
Iter : 3109 --> ToRoman : MMMCIX --> ToNumber : 3109
Iter : 3110 --> ToRoman : MMMCX --> ToNumber : 3110
Iter : 3111 --> ToRoman : MMMCXI --> ToNumber : 3111
Iter : 3112 --> ToRoman : MMMCXII --> ToNumber : 3112
Iter : 3113 --> ToRoman : MMMCXIII --> ToNumber : 3113
Iter : 3114 --> ToRoman : MMMCXIV --> ToNumber : 3114
Iter : 3115 --> ToRoman : MMMCXV --> ToNumber : 3115
Iter : 3116 --> ToRoman : MMMCXVI --> ToNumber : 3116
Iter : 3117 --> ToRoman : MMMCXVII --> ToNumber : 3117
Iter : 3118 --> ToRoman : MMMCXVIII --> ToNumber : 3118
Iter : 3119 --> ToRoman : MMMCXIX --> ToNumber : 3119
Iter : 3120 --> ToRoman : MMMCXX --> ToNumber : 3120
Iter : 3121 --> ToRoman : MMMCXXI --> ToNumber : 3121
Iter : 3122 --> ToRoman : MMMCXXII --> ToNumber : 3122
Iter : 3123 --> ToRoman : MMMCXXIII --> ToNumber : 3123
Iter : 3124 --> ToRoman : MMMCXXIV --> ToNumber : 3124
Iter : 3125 --> ToRoman : MMMCXXV --> ToNumber : 3125
Iter : 3126 --> ToRoman : MMMCXXVI --> ToNumber : 3126
Iter : 3127 --> ToRoman : MMMCXXVII --> ToNumber : 3127
Iter : 3128 --> ToRoman : MMMCXXVIII --> ToNumber : 3128
Iter : 3129 --> ToRoman : MMMCXXIX --> ToNumber : 3129
Iter : 3130 --> ToRoman : MMMCXXX --> ToNumber : 3130
Iter : 3131 --> ToRoman : MMMCXXXI --> ToNumber : 3131
Iter : 3132 --> ToRoman : MMMCXXXII --> ToNumber : 3132
Iter : 3133 --> ToRoman : MMMCXXXIII --> ToNumber : 3133
Iter : 3134 --> ToRoman : MMMCXXXIV --> ToNumber : 3134
Iter : 3135 --> ToRoman : MMMCXXXV --> ToNumber : 3135
Iter : 3136 --> ToRoman : MMMCXXXVI --> ToNumber : 3136
Iter : 3137 --> ToRoman : MMMCXXXVII --> ToNumber : 3137
Iter : 3138 --> ToRoman : MMMCXXXVIII --> ToNumber : 3138
Iter : 3139 --> ToRoman : MMMCXXXIX --> ToNumber : 3139
Iter : 3140 --> ToRoman : MMMCXL --> ToNumber : 3140
Iter : 3141 --> ToRoman : MMMCXLI --> ToNumber : 3141
Iter : 3142 --> ToRoman : MMMCXLII --> ToNumber : 3142
Iter : 3143 --> ToRoman : MMMCXLIII --> ToNumber : 3143
Iter : 3144 --> ToRoman : MMMCXLIV --> ToNumber : 3144
Iter : 3145 --> ToRoman : MMMCXLV --> ToNumber : 3145
Iter : 3146 --> ToRoman : MMMCXLVI --> ToNumber : 3146
Iter : 3147 --> ToRoman : MMMCXLVII --> ToNumber : 3147
Iter : 3148 --> ToRoman : MMMCXLVIII --> ToNumber : 3148
Iter : 3149 --> ToRoman : MMMCXLIX --> ToNumber : 3149
Iter : 3150 --> ToRoman : MMMCL --> ToNumber : 3150
Iter : 3151 --> ToRoman : MMMCLI --> ToNumber : 3151
Iter : 3152 --> ToRoman : MMMCLII --> ToNumber : 3152
Iter : 3153 --> ToRoman : MMMCLIII --> ToNumber : 3153
Iter : 3154 --> ToRoman : MMMCLIV --> ToNumber : 3154
Iter : 3155 --> ToRoman : MMMCLV --> ToNumber : 3155
Iter : 3156 --> ToRoman : MMMCLVI --> ToNumber : 3156
Iter : 3157 --> ToRoman : MMMCLVII --> ToNumber : 3157
Iter : 3158 --> ToRoman : MMMCLVIII --> ToNumber : 3158
Iter : 3159 --> ToRoman : MMMCLIX --> ToNumber : 3159
Iter : 3160 --> ToRoman : MMMCLX --> ToNumber : 3160
Iter : 3161 --> ToRoman : MMMCLXI --> ToNumber : 3161
Iter : 3162 --> ToRoman : MMMCLXII --> ToNumber : 3162
Iter : 3163 --> ToRoman : MMMCLXIII --> ToNumber : 3163
Iter : 3164 --> ToRoman : MMMCLXIV --> ToNumber : 3164
Iter : 3165 --> ToRoman : MMMCLXV --> ToNumber : 3165
Iter : 3166 --> ToRoman : MMMCLXVI --> ToNumber : 3166
Iter : 3167 --> ToRoman : MMMCLXVII --> ToNumber : 3167
Iter : 3168 --> ToRoman : MMMCLXVIII --> ToNumber : 3168
Iter : 3169 --> ToRoman : MMMCLXIX --> ToNumber : 3169
Iter : 3170 --> ToRoman : MMMCLXX --> ToNumber : 3170
Iter : 3171 --> ToRoman : MMMCLXXI --> ToNumber : 3171
Iter : 3172 --> ToRoman : MMMCLXXII --> ToNumber : 3172
Iter : 3173 --> ToRoman : MMMCLXXIII --> ToNumber : 3173
Iter : 3174 --> ToRoman : MMMCLXXIV --> ToNumber : 3174
Iter : 3175 --> ToRoman : MMMCLXXV --> ToNumber : 3175
Iter : 3176 --> ToRoman : MMMCLXXVI --> ToNumber : 3176
Iter : 3177 --> ToRoman : MMMCLXXVII --> ToNumber : 3177
Iter : 3178 --> ToRoman : MMMCLXXVIII --> ToNumber : 3178
Iter : 3179 --> ToRoman : MMMCLXXIX --> ToNumber : 3179
Iter : 3180 --> ToRoman : MMMCLXXX --> ToNumber : 3180
Iter : 3181 --> ToRoman : MMMCLXXXI --> ToNumber : 3181
Iter : 3182 --> ToRoman : MMMCLXXXII --> ToNumber : 3182
Iter : 3183 --> ToRoman : MMMCLXXXIII --> ToNumber : 3183
Iter : 3184 --> ToRoman : MMMCLXXXIV --> ToNumber : 3184
Iter : 3185 --> ToRoman : MMMCLXXXV --> ToNumber : 3185
Iter : 3186 --> ToRoman : MMMCLXXXVI --> ToNumber : 3186
Iter : 3187 --> ToRoman : MMMCLXXXVII --> ToNumber : 3187
Iter : 3188 --> ToRoman : MMMCLXXXVIII --> ToNumber : 3188
Iter : 3189 --> ToRoman : MMMCLXXXIX --> ToNumber : 3189
Iter : 3190 --> ToRoman : MMMCXC --> ToNumber : 3190
Iter : 3191 --> ToRoman : MMMCXCI --> ToNumber : 3191
Iter : 3192 --> ToRoman : MMMCXCII --> ToNumber : 3192
Iter : 3193 --> ToRoman : MMMCXCIII --> ToNumber : 3193
Iter : 3194 --> ToRoman : MMMCXCIV --> ToNumber : 3194
Iter : 3195 --> ToRoman : MMMCXCV --> ToNumber : 3195
Iter : 3196 --> ToRoman : MMMCXCVI --> ToNumber : 3196
Iter : 3197 --> ToRoman : MMMCXCVII --> ToNumber : 3197
Iter : 3198 --> ToRoman : MMMCXCVIII --> ToNumber : 3198
Iter : 3199 --> ToRoman : MMMCXCIX --> ToNumber : 3199
Iter : 3200 --> ToRoman : MMMCC --> ToNumber : 3200
Iter : 3201 --> ToRoman : MMMCCI --> ToNumber : 3201
Iter : 3202 --> ToRoman : MMMCCII --> ToNumber : 3202
Iter : 3203 --> ToRoman : MMMCCIII --> ToNumber : 3203
Iter : 3204 --> ToRoman : MMMCCIV --> ToNumber : 3204
Iter : 3205 --> ToRoman : MMMCCV --> ToNumber : 3205
Iter : 3206 --> ToRoman : MMMCCVI --> ToNumber : 3206
Iter : 3207 --> ToRoman : MMMCCVII --> ToNumber : 3207
Iter : 3208 --> ToRoman : MMMCCVIII --> ToNumber : 3208
Iter : 3209 --> ToRoman : MMMCCIX --> ToNumber : 3209
Iter : 3210 --> ToRoman : MMMCCX --> ToNumber : 3210
Iter : 3211 --> ToRoman : MMMCCXI --> ToNumber : 3211
Iter : 3212 --> ToRoman : MMMCCXII --> ToNumber : 3212
Iter : 3213 --> ToRoman : MMMCCXIII --> ToNumber : 3213
Iter : 3214 --> ToRoman : MMMCCXIV --> ToNumber : 3214
Iter : 3215 --> ToRoman : MMMCCXV --> ToNumber : 3215
Iter : 3216 --> ToRoman : MMMCCXVI --> ToNumber : 3216
Iter : 3217 --> ToRoman : MMMCCXVII --> ToNumber : 3217
Iter : 3218 --> ToRoman : MMMCCXVIII --> ToNumber : 3218
Iter : 3219 --> ToRoman : MMMCCXIX --> ToNumber : 3219
Iter : 3220 --> ToRoman : MMMCCXX --> ToNumber : 3220
Iter : 3221 --> ToRoman : MMMCCXXI --> ToNumber : 3221
Iter : 3222 --> ToRoman : MMMCCXXII --> ToNumber : 3222
Iter : 3223 --> ToRoman : MMMCCXXIII --> ToNumber : 3223
Iter : 3224 --> ToRoman : MMMCCXXIV --> ToNumber : 3224
Iter : 3225 --> ToRoman : MMMCCXXV --> ToNumber : 3225
Iter : 3226 --> ToRoman : MMMCCXXVI --> ToNumber : 3226
Iter : 3227 --> ToRoman : MMMCCXXVII --> ToNumber : 3227
Iter : 3228 --> ToRoman : MMMCCXXVIII --> ToNumber : 3228
Iter : 3229 --> ToRoman : MMMCCXXIX --> ToNumber : 3229
Iter : 3230 --> ToRoman : MMMCCXXX --> ToNumber : 3230
Iter : 3231 --> ToRoman : MMMCCXXXI --> ToNumber : 3231
Iter : 3232 --> ToRoman : MMMCCXXXII --> ToNumber : 3232
Iter : 3233 --> ToRoman : MMMCCXXXIII --> ToNumber : 3233
Iter : 3234 --> ToRoman : MMMCCXXXIV --> ToNumber : 3234
Iter : 3235 --> ToRoman : MMMCCXXXV --> ToNumber : 3235
Iter : 3236 --> ToRoman : MMMCCXXXVI --> ToNumber : 3236
Iter : 3237 --> ToRoman : MMMCCXXXVII --> ToNumber : 3237
Iter : 3238 --> ToRoman : MMMCCXXXVIII --> ToNumber : 3238
Iter : 3239 --> ToRoman : MMMCCXXXIX --> ToNumber : 3239
Iter : 3240 --> ToRoman : MMMCCXL --> ToNumber : 3240
Iter : 3241 --> ToRoman : MMMCCXLI --> ToNumber : 3241
Iter : 3242 --> ToRoman : MMMCCXLII --> ToNumber : 3242
Iter : 3243 --> ToRoman : MMMCCXLIII --> ToNumber : 3243
Iter : 3244 --> ToRoman : MMMCCXLIV --> ToNumber : 3244
Iter : 3245 --> ToRoman : MMMCCXLV --> ToNumber : 3245
Iter : 3246 --> ToRoman : MMMCCXLVI --> ToNumber : 3246
Iter : 3247 --> ToRoman : MMMCCXLVII --> ToNumber : 3247
Iter : 3248 --> ToRoman : MMMCCXLVIII --> ToNumber : 3248
Iter : 3249 --> ToRoman : MMMCCXLIX --> ToNumber : 3249
Iter : 3250 --> ToRoman : MMMCCL --> ToNumber : 3250
Iter : 3251 --> ToRoman : MMMCCLI --> ToNumber : 3251
Iter : 3252 --> ToRoman : MMMCCLII --> ToNumber : 3252
Iter : 3253 --> ToRoman : MMMCCLIII --> ToNumber : 3253
Iter : 3254 --> ToRoman : MMMCCLIV --> ToNumber : 3254
Iter : 3255 --> ToRoman : MMMCCLV --> ToNumber : 3255
Iter : 3256 --> ToRoman : MMMCCLVI --> ToNumber : 3256
Iter : 3257 --> ToRoman : MMMCCLVII --> ToNumber : 3257
Iter : 3258 --> ToRoman : MMMCCLVIII --> ToNumber : 3258
Iter : 3259 --> ToRoman : MMMCCLIX --> ToNumber : 3259
Iter : 3260 --> ToRoman : MMMCCLX --> ToNumber : 3260
Iter : 3261 --> ToRoman : MMMCCLXI --> ToNumber : 3261
Iter : 3262 --> ToRoman : MMMCCLXII --> ToNumber : 3262
Iter : 3263 --> ToRoman : MMMCCLXIII --> ToNumber : 3263
Iter : 3264 --> ToRoman : MMMCCLXIV --> ToNumber : 3264
Iter : 3265 --> ToRoman : MMMCCLXV --> ToNumber : 3265
Iter : 3266 --> ToRoman : MMMCCLXVI --> ToNumber : 3266
Iter : 3267 --> ToRoman : MMMCCLXVII --> ToNumber : 3267
Iter : 3268 --> ToRoman : MMMCCLXVIII --> ToNumber : 3268
Iter : 3269 --> ToRoman : MMMCCLXIX --> ToNumber : 3269
Iter : 3270 --> ToRoman : MMMCCLXX --> ToNumber : 3270
Iter : 3271 --> ToRoman : MMMCCLXXI --> ToNumber : 3271
Iter : 3272 --> ToRoman : MMMCCLXXII --> ToNumber : 3272
Iter : 3273 --> ToRoman : MMMCCLXXIII --> ToNumber : 3273
Iter : 3274 --> ToRoman : MMMCCLXXIV --> ToNumber : 3274
Iter : 3275 --> ToRoman : MMMCCLXXV --> ToNumber : 3275
Iter : 3276 --> ToRoman : MMMCCLXXVI --> ToNumber : 3276
Iter : 3277 --> ToRoman : MMMCCLXXVII --> ToNumber : 3277
Iter : 3278 --> ToRoman : MMMCCLXXVIII --> ToNumber : 3278
Iter : 3279 --> ToRoman : MMMCCLXXIX --> ToNumber : 3279
Iter : 3280 --> ToRoman : MMMCCLXXX --> ToNumber : 3280
Iter : 3281 --> ToRoman : MMMCCLXXXI --> ToNumber : 3281
Iter : 3282 --> ToRoman : MMMCCLXXXII --> ToNumber : 3282
Iter : 3283 --> ToRoman : MMMCCLXXXIII --> ToNumber : 3283
Iter : 3284 --> ToRoman : MMMCCLXXXIV --> ToNumber : 3284
Iter : 3285 --> ToRoman : MMMCCLXXXV --> ToNumber : 3285
Iter : 3286 --> ToRoman : MMMCCLXXXVI --> ToNumber : 3286
Iter : 3287 --> ToRoman : MMMCCLXXXVII --> ToNumber : 3287
Iter : 3288 --> ToRoman : MMMCCLXXXVIII --> ToNumber : 3288
Iter : 3289 --> ToRoman : MMMCCLXXXIX --> ToNumber : 3289
Iter : 3290 --> ToRoman : MMMCCXC --> ToNumber : 3290
Iter : 3291 --> ToRoman : MMMCCXCI --> ToNumber : 3291
Iter : 3292 --> ToRoman : MMMCCXCII --> ToNumber : 3292
Iter : 3293 --> ToRoman : MMMCCXCIII --> ToNumber : 3293
Iter : 3294 --> ToRoman : MMMCCXCIV --> ToNumber : 3294
Iter : 3295 --> ToRoman : MMMCCXCV --> ToNumber : 3295
Iter : 3296 --> ToRoman : MMMCCXCVI --> ToNumber : 3296
Iter : 3297 --> ToRoman : MMMCCXCVII --> ToNumber : 3297
Iter : 3298 --> ToRoman : MMMCCXCVIII --> ToNumber : 3298
Iter : 3299 --> ToRoman : MMMCCXCIX --> ToNumber : 3299
Iter : 3300 --> ToRoman : MMMCCC --> ToNumber : 3300
Iter : 3301 --> ToRoman : MMMCCCI --> ToNumber : 3301
Iter : 3302 --> ToRoman : MMMCCCII --> ToNumber : 3302
Iter : 3303 --> ToRoman : MMMCCCIII --> ToNumber : 3303
Iter : 3304 --> ToRoman : MMMCCCIV --> ToNumber : 3304
Iter : 3305 --> ToRoman : MMMCCCV --> ToNumber : 3305
Iter : 3306 --> ToRoman : MMMCCCVI --> ToNumber : 3306
Iter : 3307 --> ToRoman : MMMCCCVII --> ToNumber : 3307
Iter : 3308 --> ToRoman : MMMCCCVIII --> ToNumber : 3308
Iter : 3309 --> ToRoman : MMMCCCIX --> ToNumber : 3309
Iter : 3310 --> ToRoman : MMMCCCX --> ToNumber : 3310
Iter : 3311 --> ToRoman : MMMCCCXI --> ToNumber : 3311
Iter : 3312 --> ToRoman : MMMCCCXII --> ToNumber : 3312
Iter : 3313 --> ToRoman : MMMCCCXIII --> ToNumber : 3313
Iter : 3314 --> ToRoman : MMMCCCXIV --> ToNumber : 3314
Iter : 3315 --> ToRoman : MMMCCCXV --> ToNumber : 3315
Iter : 3316 --> ToRoman : MMMCCCXVI --> ToNumber : 3316
Iter : 3317 --> ToRoman : MMMCCCXVII --> ToNumber : 3317
Iter : 3318 --> ToRoman : MMMCCCXVIII --> ToNumber : 3318
Iter : 3319 --> ToRoman : MMMCCCXIX --> ToNumber : 3319
Iter : 3320 --> ToRoman : MMMCCCXX --> ToNumber : 3320
Iter : 3321 --> ToRoman : MMMCCCXXI --> ToNumber : 3321
Iter : 3322 --> ToRoman : MMMCCCXXII --> ToNumber : 3322
Iter : 3323 --> ToRoman : MMMCCCXXIII --> ToNumber : 3323
Iter : 3324 --> ToRoman : MMMCCCXXIV --> ToNumber : 3324
Iter : 3325 --> ToRoman : MMMCCCXXV --> ToNumber : 3325
Iter : 3326 --> ToRoman : MMMCCCXXVI --> ToNumber : 3326
Iter : 3327 --> ToRoman : MMMCCCXXVII --> ToNumber : 3327
Iter : 3328 --> ToRoman : MMMCCCXXVIII --> ToNumber : 3328
Iter : 3329 --> ToRoman : MMMCCCXXIX --> ToNumber : 3329
Iter : 3330 --> ToRoman : MMMCCCXXX --> ToNumber : 3330
Iter : 3331 --> ToRoman : MMMCCCXXXI --> ToNumber : 3331
Iter : 3332 --> ToRoman : MMMCCCXXXII --> ToNumber : 3332
Iter : 3333 --> ToRoman : MMMCCCXXXIII --> ToNumber : 3333
Iter : 3334 --> ToRoman : MMMCCCXXXIV --> ToNumber : 3334
Iter : 3335 --> ToRoman : MMMCCCXXXV --> ToNumber : 3335
Iter : 3336 --> ToRoman : MMMCCCXXXVI --> ToNumber : 3336
Iter : 3337 --> ToRoman : MMMCCCXXXVII --> ToNumber : 3337
Iter : 3338 --> ToRoman : MMMCCCXXXVIII --> ToNumber : 3338
Iter : 3339 --> ToRoman : MMMCCCXXXIX --> ToNumber : 3339
Iter : 3340 --> ToRoman : MMMCCCXL --> ToNumber : 3340
Iter : 3341 --> ToRoman : MMMCCCXLI --> ToNumber : 3341
Iter : 3342 --> ToRoman : MMMCCCXLII --> ToNumber : 3342
Iter : 3343 --> ToRoman : MMMCCCXLIII --> ToNumber : 3343
Iter : 3344 --> ToRoman : MMMCCCXLIV --> ToNumber : 3344
Iter : 3345 --> ToRoman : MMMCCCXLV --> ToNumber : 3345
Iter : 3346 --> ToRoman : MMMCCCXLVI --> ToNumber : 3346
Iter : 3347 --> ToRoman : MMMCCCXLVII --> ToNumber : 3347
Iter : 3348 --> ToRoman : MMMCCCXLVIII --> ToNumber : 3348
Iter : 3349 --> ToRoman : MMMCCCXLIX --> ToNumber : 3349
Iter : 3350 --> ToRoman : MMMCCCL --> ToNumber : 3350
Iter : 3351 --> ToRoman : MMMCCCLI --> ToNumber : 3351
Iter : 3352 --> ToRoman : MMMCCCLII --> ToNumber : 3352
Iter : 3353 --> ToRoman : MMMCCCLIII --> ToNumber : 3353
Iter : 3354 --> ToRoman : MMMCCCLIV --> ToNumber : 3354
Iter : 3355 --> ToRoman : MMMCCCLV --> ToNumber : 3355
Iter : 3356 --> ToRoman : MMMCCCLVI --> ToNumber : 3356
Iter : 3357 --> ToRoman : MMMCCCLVII --> ToNumber : 3357
Iter : 3358 --> ToRoman : MMMCCCLVIII --> ToNumber : 3358
Iter : 3359 --> ToRoman : MMMCCCLIX --> ToNumber : 3359
Iter : 3360 --> ToRoman : MMMCCCLX --> ToNumber : 3360
Iter : 3361 --> ToRoman : MMMCCCLXI --> ToNumber : 3361
Iter : 3362 --> ToRoman : MMMCCCLXII --> ToNumber : 3362
Iter : 3363 --> ToRoman : MMMCCCLXIII --> ToNumber : 3363
Iter : 3364 --> ToRoman : MMMCCCLXIV --> ToNumber : 3364
Iter : 3365 --> ToRoman : MMMCCCLXV --> ToNumber : 3365
Iter : 3366 --> ToRoman : MMMCCCLXVI --> ToNumber : 3366
Iter : 3367 --> ToRoman : MMMCCCLXVII --> ToNumber : 3367
Iter : 3368 --> ToRoman : MMMCCCLXVIII --> ToNumber : 3368
Iter : 3369 --> ToRoman : MMMCCCLXIX --> ToNumber : 3369
Iter : 3370 --> ToRoman : MMMCCCLXX --> ToNumber : 3370
Iter : 3371 --> ToRoman : MMMCCCLXXI --> ToNumber : 3371
Iter : 3372 --> ToRoman : MMMCCCLXXII --> ToNumber : 3372
Iter : 3373 --> ToRoman : MMMCCCLXXIII --> ToNumber : 3373
Iter : 3374 --> ToRoman : MMMCCCLXXIV --> ToNumber : 3374
Iter : 3375 --> ToRoman : MMMCCCLXXV --> ToNumber : 3375
Iter : 3376 --> ToRoman : MMMCCCLXXVI --> ToNumber : 3376
Iter : 3377 --> ToRoman : MMMCCCLXXVII --> ToNumber : 3377
Iter : 3378 --> ToRoman : MMMCCCLXXVIII --> ToNumber : 3378
Iter : 3379 --> ToRoman : MMMCCCLXXIX --> ToNumber : 3379
Iter : 3380 --> ToRoman : MMMCCCLXXX --> ToNumber : 3380
Iter : 3381 --> ToRoman : MMMCCCLXXXI --> ToNumber : 3381
Iter : 3382 --> ToRoman : MMMCCCLXXXII --> ToNumber : 3382
Iter : 3383 --> ToRoman : MMMCCCLXXXIII --> ToNumber : 3383
Iter : 3384 --> ToRoman : MMMCCCLXXXIV --> ToNumber : 3384
Iter : 3385 --> ToRoman : MMMCCCLXXXV --> ToNumber : 3385
Iter : 3386 --> ToRoman : MMMCCCLXXXVI --> ToNumber : 3386
Iter : 3387 --> ToRoman : MMMCCCLXXXVII --> ToNumber : 3387
Iter : 3388 --> ToRoman : MMMCCCLXXXVIII --> ToNumber : 3388
Iter : 3389 --> ToRoman : MMMCCCLXXXIX --> ToNumber : 3389
Iter : 3390 --> ToRoman : MMMCCCXC --> ToNumber : 3390
Iter : 3391 --> ToRoman : MMMCCCXCI --> ToNumber : 3391
Iter : 3392 --> ToRoman : MMMCCCXCII --> ToNumber : 3392
Iter : 3393 --> ToRoman : MMMCCCXCIII --> ToNumber : 3393
Iter : 3394 --> ToRoman : MMMCCCXCIV --> ToNumber : 3394
Iter : 3395 --> ToRoman : MMMCCCXCV --> ToNumber : 3395
Iter : 3396 --> ToRoman : MMMCCCXCVI --> ToNumber : 3396
Iter : 3397 --> ToRoman : MMMCCCXCVII --> ToNumber : 3397
Iter : 3398 --> ToRoman : MMMCCCXCVIII --> ToNumber : 3398
Iter : 3399 --> ToRoman : MMMCCCXCIX --> ToNumber : 3399
Iter : 3400 --> ToRoman : MMMCD --> ToNumber : 3400
Iter : 3401 --> ToRoman : MMMCDI --> ToNumber : 3401
Iter : 3402 --> ToRoman : MMMCDII --> ToNumber : 3402
Iter : 3403 --> ToRoman : MMMCDIII --> ToNumber : 3403
Iter : 3404 --> ToRoman : MMMCDIV --> ToNumber : 3404
Iter : 3405 --> ToRoman : MMMCDV --> ToNumber : 3405
Iter : 3406 --> ToRoman : MMMCDVI --> ToNumber : 3406
Iter : 3407 --> ToRoman : MMMCDVII --> ToNumber : 3407
Iter : 3408 --> ToRoman : MMMCDVIII --> ToNumber : 3408
Iter : 3409 --> ToRoman : MMMCDIX --> ToNumber : 3409
Iter : 3410 --> ToRoman : MMMCDX --> ToNumber : 3410
Iter : 3411 --> ToRoman : MMMCDXI --> ToNumber : 3411
Iter : 3412 --> ToRoman : MMMCDXII --> ToNumber : 3412
Iter : 3413 --> ToRoman : MMMCDXIII --> ToNumber : 3413
Iter : 3414 --> ToRoman : MMMCDXIV --> ToNumber : 3414
Iter : 3415 --> ToRoman : MMMCDXV --> ToNumber : 3415
Iter : 3416 --> ToRoman : MMMCDXVI --> ToNumber : 3416
Iter : 3417 --> ToRoman : MMMCDXVII --> ToNumber : 3417
Iter : 3418 --> ToRoman : MMMCDXVIII --> ToNumber : 3418
Iter : 3419 --> ToRoman : MMMCDXIX --> ToNumber : 3419
Iter : 3420 --> ToRoman : MMMCDXX --> ToNumber : 3420
Iter : 3421 --> ToRoman : MMMCDXXI --> ToNumber : 3421
Iter : 3422 --> ToRoman : MMMCDXXII --> ToNumber : 3422
Iter : 3423 --> ToRoman : MMMCDXXIII --> ToNumber : 3423
Iter : 3424 --> ToRoman : MMMCDXXIV --> ToNumber : 3424
Iter : 3425 --> ToRoman : MMMCDXXV --> ToNumber : 3425
Iter : 3426 --> ToRoman : MMMCDXXVI --> ToNumber : 3426
Iter : 3427 --> ToRoman : MMMCDXXVII --> ToNumber : 3427
Iter : 3428 --> ToRoman : MMMCDXXVIII --> ToNumber : 3428
Iter : 3429 --> ToRoman : MMMCDXXIX --> ToNumber : 3429
Iter : 3430 --> ToRoman : MMMCDXXX --> ToNumber : 3430
Iter : 3431 --> ToRoman : MMMCDXXXI --> ToNumber : 3431
Iter : 3432 --> ToRoman : MMMCDXXXII --> ToNumber : 3432
Iter : 3433 --> ToRoman : MMMCDXXXIII --> ToNumber : 3433
Iter : 3434 --> ToRoman : MMMCDXXXIV --> ToNumber : 3434
Iter : 3435 --> ToRoman : MMMCDXXXV --> ToNumber : 3435
Iter : 3436 --> ToRoman : MMMCDXXXVI --> ToNumber : 3436
Iter : 3437 --> ToRoman : MMMCDXXXVII --> ToNumber : 3437
Iter : 3438 --> ToRoman : MMMCDXXXVIII --> ToNumber : 3438
Iter : 3439 --> ToRoman : MMMCDXXXIX --> ToNumber : 3439
Iter : 3440 --> ToRoman : MMMCDXL --> ToNumber : 3440
Iter : 3441 --> ToRoman : MMMCDXLI --> ToNumber : 3441
Iter : 3442 --> ToRoman : MMMCDXLII --> ToNumber : 3442
Iter : 3443 --> ToRoman : MMMCDXLIII --> ToNumber : 3443
Iter : 3444 --> ToRoman : MMMCDXLIV --> ToNumber : 3444
Iter : 3445 --> ToRoman : MMMCDXLV --> ToNumber : 3445
Iter : 3446 --> ToRoman : MMMCDXLVI --> ToNumber : 3446
Iter : 3447 --> ToRoman : MMMCDXLVII --> ToNumber : 3447
Iter : 3448 --> ToRoman : MMMCDXLVIII --> ToNumber : 3448
Iter : 3449 --> ToRoman : MMMCDXLIX --> ToNumber : 3449
Iter : 3450 --> ToRoman : MMMCDL --> ToNumber : 3450
Iter : 3451 --> ToRoman : MMMCDLI --> ToNumber : 3451
Iter : 3452 --> ToRoman : MMMCDLII --> ToNumber : 3452
Iter : 3453 --> ToRoman : MMMCDLIII --> ToNumber : 3453
Iter : 3454 --> ToRoman : MMMCDLIV --> ToNumber : 3454
Iter : 3455 --> ToRoman : MMMCDLV --> ToNumber : 3455
Iter : 3456 --> ToRoman : MMMCDLVI --> ToNumber : 3456
Iter : 3457 --> ToRoman : MMMCDLVII --> ToNumber : 3457
Iter : 3458 --> ToRoman : MMMCDLVIII --> ToNumber : 3458
Iter : 3459 --> ToRoman : MMMCDLIX --> ToNumber : 3459
Iter : 3460 --> ToRoman : MMMCDLX --> ToNumber : 3460
Iter : 3461 --> ToRoman : MMMCDLXI --> ToNumber : 3461
Iter : 3462 --> ToRoman : MMMCDLXII --> ToNumber : 3462
Iter : 3463 --> ToRoman : MMMCDLXIII --> ToNumber : 3463
Iter : 3464 --> ToRoman : MMMCDLXIV --> ToNumber : 3464
Iter : 3465 --> ToRoman : MMMCDLXV --> ToNumber : 3465
Iter : 3466 --> ToRoman : MMMCDLXVI --> ToNumber : 3466
Iter : 3467 --> ToRoman : MMMCDLXVII --> ToNumber : 3467
Iter : 3468 --> ToRoman : MMMCDLXVIII --> ToNumber : 3468
Iter : 3469 --> ToRoman : MMMCDLXIX --> ToNumber : 3469
Iter : 3470 --> ToRoman : MMMCDLXX --> ToNumber : 3470
Iter : 3471 --> ToRoman : MMMCDLXXI --> ToNumber : 3471
Iter : 3472 --> ToRoman : MMMCDLXXII --> ToNumber : 3472
Iter : 3473 --> ToRoman : MMMCDLXXIII --> ToNumber : 3473
Iter : 3474 --> ToRoman : MMMCDLXXIV --> ToNumber : 3474
Iter : 3475 --> ToRoman : MMMCDLXXV --> ToNumber : 3475
Iter : 3476 --> ToRoman : MMMCDLXXVI --> ToNumber : 3476
Iter : 3477 --> ToRoman : MMMCDLXXVII --> ToNumber : 3477
Iter : 3478 --> ToRoman : MMMCDLXXVIII --> ToNumber : 3478
Iter : 3479 --> ToRoman : MMMCDLXXIX --> ToNumber : 3479
Iter : 3480 --> ToRoman : MMMCDLXXX --> ToNumber : 3480
Iter : 3481 --> ToRoman : MMMCDLXXXI --> ToNumber : 3481
Iter : 3482 --> ToRoman : MMMCDLXXXII --> ToNumber : 3482
Iter : 3483 --> ToRoman : MMMCDLXXXIII --> ToNumber : 3483
Iter : 3484 --> ToRoman : MMMCDLXXXIV --> ToNumber : 3484
Iter : 3485 --> ToRoman : MMMCDLXXXV --> ToNumber : 3485
Iter : 3486 --> ToRoman : MMMCDLXXXVI --> ToNumber : 3486
Iter : 3487 --> ToRoman : MMMCDLXXXVII --> ToNumber : 3487
Iter : 3488 --> ToRoman : MMMCDLXXXVIII --> ToNumber : 3488
Iter : 3489 --> ToRoman : MMMCDLXXXIX --> ToNumber : 3489
Iter : 3490 --> ToRoman : MMMCDXC --> ToNumber : 3490
Iter : 3491 --> ToRoman : MMMCDXCI --> ToNumber : 3491
Iter : 3492 --> ToRoman : MMMCDXCII --> ToNumber : 3492
Iter : 3493 --> ToRoman : MMMCDXCIII --> ToNumber : 3493
Iter : 3494 --> ToRoman : MMMCDXCIV --> ToNumber : 3494
Iter : 3495 --> ToRoman : MMMCDXCV --> ToNumber : 3495
Iter : 3496 --> ToRoman : MMMCDXCVI --> ToNumber : 3496
Iter : 3497 --> ToRoman : MMMCDXCVII --> ToNumber : 3497
Iter : 3498 --> ToRoman : MMMCDXCVIII --> ToNumber : 3498
Iter : 3499 --> ToRoman : MMMCDXCIX --> ToNumber : 3499
Iter : 3500 --> ToRoman : MMMD --> ToNumber : 3500
Iter : 3501 --> ToRoman : MMMDI --> ToNumber : 3501
Iter : 3502 --> ToRoman : MMMDII --> ToNumber : 3502
Iter : 3503 --> ToRoman : MMMDIII --> ToNumber : 3503
Iter : 3504 --> ToRoman : MMMDIV --> ToNumber : 3504
Iter : 3505 --> ToRoman : MMMDV --> ToNumber : 3505
Iter : 3506 --> ToRoman : MMMDVI --> ToNumber : 3506
Iter : 3507 --> ToRoman : MMMDVII --> ToNumber : 3507
Iter : 3508 --> ToRoman : MMMDVIII --> ToNumber : 3508
Iter : 3509 --> ToRoman : MMMDIX --> ToNumber : 3509
Iter : 3510 --> ToRoman : MMMDX --> ToNumber : 3510
Iter : 3511 --> ToRoman : MMMDXI --> ToNumber : 3511
Iter : 3512 --> ToRoman : MMMDXII --> ToNumber : 3512
Iter : 3513 --> ToRoman : MMMDXIII --> ToNumber : 3513
Iter : 3514 --> ToRoman : MMMDXIV --> ToNumber : 3514
Iter : 3515 --> ToRoman : MMMDXV --> ToNumber : 3515
Iter : 3516 --> ToRoman : MMMDXVI --> ToNumber : 3516
Iter : 3517 --> ToRoman : MMMDXVII --> ToNumber : 3517
Iter : 3518 --> ToRoman : MMMDXVIII --> ToNumber : 3518
Iter : 3519 --> ToRoman : MMMDXIX --> ToNumber : 3519
Iter : 3520 --> ToRoman : MMMDXX --> ToNumber : 3520
Iter : 3521 --> ToRoman : MMMDXXI --> ToNumber : 3521
Iter : 3522 --> ToRoman : MMMDXXII --> ToNumber : 3522
Iter : 3523 --> ToRoman : MMMDXXIII --> ToNumber : 3523
Iter : 3524 --> ToRoman : MMMDXXIV --> ToNumber : 3524
Iter : 3525 --> ToRoman : MMMDXXV --> ToNumber : 3525
Iter : 3526 --> ToRoman : MMMDXXVI --> ToNumber : 3526
Iter : 3527 --> ToRoman : MMMDXXVII --> ToNumber : 3527
Iter : 3528 --> ToRoman : MMMDXXVIII --> ToNumber : 3528
Iter : 3529 --> ToRoman : MMMDXXIX --> ToNumber : 3529
Iter : 3530 --> ToRoman : MMMDXXX --> ToNumber : 3530
Iter : 3531 --> ToRoman : MMMDXXXI --> ToNumber : 3531
Iter : 3532 --> ToRoman : MMMDXXXII --> ToNumber : 3532
Iter : 3533 --> ToRoman : MMMDXXXIII --> ToNumber : 3533
Iter : 3534 --> ToRoman : MMMDXXXIV --> ToNumber : 3534
Iter : 3535 --> ToRoman : MMMDXXXV --> ToNumber : 3535
Iter : 3536 --> ToRoman : MMMDXXXVI --> ToNumber : 3536
Iter : 3537 --> ToRoman : MMMDXXXVII --> ToNumber : 3537
Iter : 3538 --> ToRoman : MMMDXXXVIII --> ToNumber : 3538
Iter : 3539 --> ToRoman : MMMDXXXIX --> ToNumber : 3539
Iter : 3540 --> ToRoman : MMMDXL --> ToNumber : 3540
Iter : 3541 --> ToRoman : MMMDXLI --> ToNumber : 3541
Iter : 3542 --> ToRoman : MMMDXLII --> ToNumber : 3542
Iter : 3543 --> ToRoman : MMMDXLIII --> ToNumber : 3543
Iter : 3544 --> ToRoman : MMMDXLIV --> ToNumber : 3544
Iter : 3545 --> ToRoman : MMMDXLV --> ToNumber : 3545
Iter : 3546 --> ToRoman : MMMDXLVI --> ToNumber : 3546
Iter : 3547 --> ToRoman : MMMDXLVII --> ToNumber : 3547
Iter : 3548 --> ToRoman : MMMDXLVIII --> ToNumber : 3548
Iter : 3549 --> ToRoman : MMMDXLIX --> ToNumber : 3549
Iter : 3550 --> ToRoman : MMMDL --> ToNumber : 3550
Iter : 3551 --> ToRoman : MMMDLI --> ToNumber : 3551
Iter : 3552 --> ToRoman : MMMDLII --> ToNumber : 3552
Iter : 3553 --> ToRoman : MMMDLIII --> ToNumber : 3553
Iter : 3554 --> ToRoman : MMMDLIV --> ToNumber : 3554
Iter : 3555 --> ToRoman : MMMDLV --> ToNumber : 3555
Iter : 3556 --> ToRoman : MMMDLVI --> ToNumber : 3556
Iter : 3557 --> ToRoman : MMMDLVII --> ToNumber : 3557
Iter : 3558 --> ToRoman : MMMDLVIII --> ToNumber : 3558
Iter : 3559 --> ToRoman : MMMDLIX --> ToNumber : 3559
Iter : 3560 --> ToRoman : MMMDLX --> ToNumber : 3560
Iter : 3561 --> ToRoman : MMMDLXI --> ToNumber : 3561
Iter : 3562 --> ToRoman : MMMDLXII --> ToNumber : 3562
Iter : 3563 --> ToRoman : MMMDLXIII --> ToNumber : 3563
Iter : 3564 --> ToRoman : MMMDLXIV --> ToNumber : 3564
Iter : 3565 --> ToRoman : MMMDLXV --> ToNumber : 3565
Iter : 3566 --> ToRoman : MMMDLXVI --> ToNumber : 3566
Iter : 3567 --> ToRoman : MMMDLXVII --> ToNumber : 3567
Iter : 3568 --> ToRoman : MMMDLXVIII --> ToNumber : 3568
Iter : 3569 --> ToRoman : MMMDLXIX --> ToNumber : 3569
Iter : 3570 --> ToRoman : MMMDLXX --> ToNumber : 3570
Iter : 3571 --> ToRoman : MMMDLXXI --> ToNumber : 3571
Iter : 3572 --> ToRoman : MMMDLXXII --> ToNumber : 3572
Iter : 3573 --> ToRoman : MMMDLXXIII --> ToNumber : 3573
Iter : 3574 --> ToRoman : MMMDLXXIV --> ToNumber : 3574
Iter : 3575 --> ToRoman : MMMDLXXV --> ToNumber : 3575
Iter : 3576 --> ToRoman : MMMDLXXVI --> ToNumber : 3576
Iter : 3577 --> ToRoman : MMMDLXXVII --> ToNumber : 3577
Iter : 3578 --> ToRoman : MMMDLXXVIII --> ToNumber : 3578
Iter : 3579 --> ToRoman : MMMDLXXIX --> ToNumber : 3579
Iter : 3580 --> ToRoman : MMMDLXXX --> ToNumber : 3580
Iter : 3581 --> ToRoman : MMMDLXXXI --> ToNumber : 3581
Iter : 3582 --> ToRoman : MMMDLXXXII --> ToNumber : 3582
Iter : 3583 --> ToRoman : MMMDLXXXIII --> ToNumber : 3583
Iter : 3584 --> ToRoman : MMMDLXXXIV --> ToNumber : 3584
Iter : 3585 --> ToRoman : MMMDLXXXV --> ToNumber : 3585
Iter : 3586 --> ToRoman : MMMDLXXXVI --> ToNumber : 3586
Iter : 3587 --> ToRoman : MMMDLXXXVII --> ToNumber : 3587
Iter : 3588 --> ToRoman : MMMDLXXXVIII --> ToNumber : 3588
Iter : 3589 --> ToRoman : MMMDLXXXIX --> ToNumber : 3589
Iter : 3590 --> ToRoman : MMMDXC --> ToNumber : 3590
Iter : 3591 --> ToRoman : MMMDXCI --> ToNumber : 3591
Iter : 3592 --> ToRoman : MMMDXCII --> ToNumber : 3592
Iter : 3593 --> ToRoman : MMMDXCIII --> ToNumber : 3593
Iter : 3594 --> ToRoman : MMMDXCIV --> ToNumber : 3594
Iter : 3595 --> ToRoman : MMMDXCV --> ToNumber : 3595
Iter : 3596 --> ToRoman : MMMDXCVI --> ToNumber : 3596
Iter : 3597 --> ToRoman : MMMDXCVII --> ToNumber : 3597
Iter : 3598 --> ToRoman : MMMDXCVIII --> ToNumber : 3598
Iter : 3599 --> ToRoman : MMMDXCIX --> ToNumber : 3599
Iter : 3600 --> ToRoman : MMMDC --> ToNumber : 3600
Iter : 3601 --> ToRoman : MMMDCI --> ToNumber : 3601
Iter : 3602 --> ToRoman : MMMDCII --> ToNumber : 3602
Iter : 3603 --> ToRoman : MMMDCIII --> ToNumber : 3603
Iter : 3604 --> ToRoman : MMMDCIV --> ToNumber : 3604
Iter : 3605 --> ToRoman : MMMDCV --> ToNumber : 3605
Iter : 3606 --> ToRoman : MMMDCVI --> ToNumber : 3606
Iter : 3607 --> ToRoman : MMMDCVII --> ToNumber : 3607
Iter : 3608 --> ToRoman : MMMDCVIII --> ToNumber : 3608
Iter : 3609 --> ToRoman : MMMDCIX --> ToNumber : 3609
Iter : 3610 --> ToRoman : MMMDCX --> ToNumber : 3610
Iter : 3611 --> ToRoman : MMMDCXI --> ToNumber : 3611
Iter : 3612 --> ToRoman : MMMDCXII --> ToNumber : 3612
Iter : 3613 --> ToRoman : MMMDCXIII --> ToNumber : 3613
Iter : 3614 --> ToRoman : MMMDCXIV --> ToNumber : 3614
Iter : 3615 --> ToRoman : MMMDCXV --> ToNumber : 3615
Iter : 3616 --> ToRoman : MMMDCXVI --> ToNumber : 3616
Iter : 3617 --> ToRoman : MMMDCXVII --> ToNumber : 3617
Iter : 3618 --> ToRoman : MMMDCXVIII --> ToNumber : 3618
Iter : 3619 --> ToRoman : MMMDCXIX --> ToNumber : 3619
Iter : 3620 --> ToRoman : MMMDCXX --> ToNumber : 3620
Iter : 3621 --> ToRoman : MMMDCXXI --> ToNumber : 3621
Iter : 3622 --> ToRoman : MMMDCXXII --> ToNumber : 3622
Iter : 3623 --> ToRoman : MMMDCXXIII --> ToNumber : 3623
Iter : 3624 --> ToRoman : MMMDCXXIV --> ToNumber : 3624
Iter : 3625 --> ToRoman : MMMDCXXV --> ToNumber : 3625
Iter : 3626 --> ToRoman : MMMDCXXVI --> ToNumber : 3626
Iter : 3627 --> ToRoman : MMMDCXXVII --> ToNumber : 3627
Iter : 3628 --> ToRoman : MMMDCXXVIII --> ToNumber : 3628
Iter : 3629 --> ToRoman : MMMDCXXIX --> ToNumber : 3629
Iter : 3630 --> ToRoman : MMMDCXXX --> ToNumber : 3630
Iter : 3631 --> ToRoman : MMMDCXXXI --> ToNumber : 3631
Iter : 3632 --> ToRoman : MMMDCXXXII --> ToNumber : 3632
Iter : 3633 --> ToRoman : MMMDCXXXIII --> ToNumber : 3633
Iter : 3634 --> ToRoman : MMMDCXXXIV --> ToNumber : 3634
Iter : 3635 --> ToRoman : MMMDCXXXV --> ToNumber : 3635
Iter : 3636 --> ToRoman : MMMDCXXXVI --> ToNumber : 3636
Iter : 3637 --> ToRoman : MMMDCXXXVII --> ToNumber : 3637
Iter : 3638 --> ToRoman : MMMDCXXXVIII --> ToNumber : 3638
Iter : 3639 --> ToRoman : MMMDCXXXIX --> ToNumber : 3639
Iter : 3640 --> ToRoman : MMMDCXL --> ToNumber : 3640
Iter : 3641 --> ToRoman : MMMDCXLI --> ToNumber : 3641
Iter : 3642 --> ToRoman : MMMDCXLII --> ToNumber : 3642
Iter : 3643 --> ToRoman : MMMDCXLIII --> ToNumber : 3643
Iter : 3644 --> ToRoman : MMMDCXLIV --> ToNumber : 3644
Iter : 3645 --> ToRoman : MMMDCXLV --> ToNumber : 3645
Iter : 3646 --> ToRoman : MMMDCXLVI --> ToNumber : 3646
Iter : 3647 --> ToRoman : MMMDCXLVII --> ToNumber : 3647
Iter : 3648 --> ToRoman : MMMDCXLVIII --> ToNumber : 3648
Iter : 3649 --> ToRoman : MMMDCXLIX --> ToNumber : 3649
Iter : 3650 --> ToRoman : MMMDCL --> ToNumber : 3650
Iter : 3651 --> ToRoman : MMMDCLI --> ToNumber : 3651
Iter : 3652 --> ToRoman : MMMDCLII --> ToNumber : 3652
Iter : 3653 --> ToRoman : MMMDCLIII --> ToNumber : 3653
Iter : 3654 --> ToRoman : MMMDCLIV --> ToNumber : 3654
Iter : 3655 --> ToRoman : MMMDCLV --> ToNumber : 3655
Iter : 3656 --> ToRoman : MMMDCLVI --> ToNumber : 3656
Iter : 3657 --> ToRoman : MMMDCLVII --> ToNumber : 3657
Iter : 3658 --> ToRoman : MMMDCLVIII --> ToNumber : 3658
Iter : 3659 --> ToRoman : MMMDCLIX --> ToNumber : 3659
Iter : 3660 --> ToRoman : MMMDCLX --> ToNumber : 3660
Iter : 3661 --> ToRoman : MMMDCLXI --> ToNumber : 3661
Iter : 3662 --> ToRoman : MMMDCLXII --> ToNumber : 3662
Iter : 3663 --> ToRoman : MMMDCLXIII --> ToNumber : 3663
Iter : 3664 --> ToRoman : MMMDCLXIV --> ToNumber : 3664
Iter : 3665 --> ToRoman : MMMDCLXV --> ToNumber : 3665
Iter : 3666 --> ToRoman : MMMDCLXVI --> ToNumber : 3666
Iter : 3667 --> ToRoman : MMMDCLXVII --> ToNumber : 3667
Iter : 3668 --> ToRoman : MMMDCLXVIII --> ToNumber : 3668
Iter : 3669 --> ToRoman : MMMDCLXIX --> ToNumber : 3669
Iter : 3670 --> ToRoman : MMMDCLXX --> ToNumber : 3670
Iter : 3671 --> ToRoman : MMMDCLXXI --> ToNumber : 3671
Iter : 3672 --> ToRoman : MMMDCLXXII --> ToNumber : 3672
Iter : 3673 --> ToRoman : MMMDCLXXIII --> ToNumber : 3673
Iter : 3674 --> ToRoman : MMMDCLXXIV --> ToNumber : 3674
Iter : 3675 --> ToRoman : MMMDCLXXV --> ToNumber : 3675
Iter : 3676 --> ToRoman : MMMDCLXXVI --> ToNumber : 3676
Iter : 3677 --> ToRoman : MMMDCLXXVII --> ToNumber : 3677
Iter : 3678 --> ToRoman : MMMDCLXXVIII --> ToNumber : 3678
Iter : 3679 --> ToRoman : MMMDCLXXIX --> ToNumber : 3679
Iter : 3680 --> ToRoman : MMMDCLXXX --> ToNumber : 3680
Iter : 3681 --> ToRoman : MMMDCLXXXI --> ToNumber : 3681
Iter : 3682 --> ToRoman : MMMDCLXXXII --> ToNumber : 3682
Iter : 3683 --> ToRoman : MMMDCLXXXIII --> ToNumber : 3683
Iter : 3684 --> ToRoman : MMMDCLXXXIV --> ToNumber : 3684
Iter : 3685 --> ToRoman : MMMDCLXXXV --> ToNumber : 3685
Iter : 3686 --> ToRoman : MMMDCLXXXVI --> ToNumber : 3686
Iter : 3687 --> ToRoman : MMMDCLXXXVII --> ToNumber : 3687
Iter : 3688 --> ToRoman : MMMDCLXXXVIII --> ToNumber : 3688
Iter : 3689 --> ToRoman : MMMDCLXXXIX --> ToNumber : 3689
Iter : 3690 --> ToRoman : MMMDCXC --> ToNumber : 3690
Iter : 3691 --> ToRoman : MMMDCXCI --> ToNumber : 3691
Iter : 3692 --> ToRoman : MMMDCXCII --> ToNumber : 3692
Iter : 3693 --> ToRoman : MMMDCXCIII --> ToNumber : 3693
Iter : 3694 --> ToRoman : MMMDCXCIV --> ToNumber : 3694
Iter : 3695 --> ToRoman : MMMDCXCV --> ToNumber : 3695
Iter : 3696 --> ToRoman : MMMDCXCVI --> ToNumber : 3696
Iter : 3697 --> ToRoman : MMMDCXCVII --> ToNumber : 3697
Iter : 3698 --> ToRoman : MMMDCXCVIII --> ToNumber : 3698
Iter : 3699 --> ToRoman : MMMDCXCIX --> ToNumber : 3699
Iter : 3700 --> ToRoman : MMMDCC --> ToNumber : 3700
Iter : 3701 --> ToRoman : MMMDCCI --> ToNumber : 3701
Iter : 3702 --> ToRoman : MMMDCCII --> ToNumber : 3702
Iter : 3703 --> ToRoman : MMMDCCIII --> ToNumber : 3703
Iter : 3704 --> ToRoman : MMMDCCIV --> ToNumber : 3704
Iter : 3705 --> ToRoman : MMMDCCV --> ToNumber : 3705
Iter : 3706 --> ToRoman : MMMDCCVI --> ToNumber : 3706
Iter : 3707 --> ToRoman : MMMDCCVII --> ToNumber : 3707
Iter : 3708 --> ToRoman : MMMDCCVIII --> ToNumber : 3708
Iter : 3709 --> ToRoman : MMMDCCIX --> ToNumber : 3709
Iter : 3710 --> ToRoman : MMMDCCX --> ToNumber : 3710
Iter : 3711 --> ToRoman : MMMDCCXI --> ToNumber : 3711
Iter : 3712 --> ToRoman : MMMDCCXII --> ToNumber : 3712
Iter : 3713 --> ToRoman : MMMDCCXIII --> ToNumber : 3713
Iter : 3714 --> ToRoman : MMMDCCXIV --> ToNumber : 3714
Iter : 3715 --> ToRoman : MMMDCCXV --> ToNumber : 3715
Iter : 3716 --> ToRoman : MMMDCCXVI --> ToNumber : 3716
Iter : 3717 --> ToRoman : MMMDCCXVII --> ToNumber : 3717
Iter : 3718 --> ToRoman : MMMDCCXVIII --> ToNumber : 3718
Iter : 3719 --> ToRoman : MMMDCCXIX --> ToNumber : 3719
Iter : 3720 --> ToRoman : MMMDCCXX --> ToNumber : 3720
Iter : 3721 --> ToRoman : MMMDCCXXI --> ToNumber : 3721
Iter : 3722 --> ToRoman : MMMDCCXXII --> ToNumber : 3722
Iter : 3723 --> ToRoman : MMMDCCXXIII --> ToNumber : 3723
Iter : 3724 --> ToRoman : MMMDCCXXIV --> ToNumber : 3724
Iter : 3725 --> ToRoman : MMMDCCXXV --> ToNumber : 3725
Iter : 3726 --> ToRoman : MMMDCCXXVI --> ToNumber : 3726
Iter : 3727 --> ToRoman : MMMDCCXXVII --> ToNumber : 3727
Iter : 3728 --> ToRoman : MMMDCCXXVIII --> ToNumber : 3728
Iter : 3729 --> ToRoman : MMMDCCXXIX --> ToNumber : 3729
Iter : 3730 --> ToRoman : MMMDCCXXX --> ToNumber : 3730
Iter : 3731 --> ToRoman : MMMDCCXXXI --> ToNumber : 3731
Iter : 3732 --> ToRoman : MMMDCCXXXII --> ToNumber : 3732
Iter : 3733 --> ToRoman : MMMDCCXXXIII --> ToNumber : 3733
Iter : 3734 --> ToRoman : MMMDCCXXXIV --> ToNumber : 3734
Iter : 3735 --> ToRoman : MMMDCCXXXV --> ToNumber : 3735
Iter : 3736 --> ToRoman : MMMDCCXXXVI --> ToNumber : 3736
Iter : 3737 --> ToRoman : MMMDCCXXXVII --> ToNumber : 3737
Iter : 3738 --> ToRoman : MMMDCCXXXVIII --> ToNumber : 3738
Iter : 3739 --> ToRoman : MMMDCCXXXIX --> ToNumber : 3739
Iter : 3740 --> ToRoman : MMMDCCXL --> ToNumber : 3740
Iter : 3741 --> ToRoman : MMMDCCXLI --> ToNumber : 3741
Iter : 3742 --> ToRoman : MMMDCCXLII --> ToNumber : 3742
Iter : 3743 --> ToRoman : MMMDCCXLIII --> ToNumber : 3743
Iter : 3744 --> ToRoman : MMMDCCXLIV --> ToNumber : 3744
Iter : 3745 --> ToRoman : MMMDCCXLV --> ToNumber : 3745
Iter : 3746 --> ToRoman : MMMDCCXLVI --> ToNumber : 3746
Iter : 3747 --> ToRoman : MMMDCCXLVII --> ToNumber : 3747
Iter : 3748 --> ToRoman : MMMDCCXLVIII --> ToNumber : 3748
Iter : 3749 --> ToRoman : MMMDCCXLIX --> ToNumber : 3749
Iter : 3750 --> ToRoman : MMMDCCL --> ToNumber : 3750
Iter : 3751 --> ToRoman : MMMDCCLI --> ToNumber : 3751
Iter : 3752 --> ToRoman : MMMDCCLII --> ToNumber : 3752
Iter : 3753 --> ToRoman : MMMDCCLIII --> ToNumber : 3753
Iter : 3754 --> ToRoman : MMMDCCLIV --> ToNumber : 3754
Iter : 3755 --> ToRoman : MMMDCCLV --> ToNumber : 3755
Iter : 3756 --> ToRoman : MMMDCCLVI --> ToNumber : 3756
Iter : 3757 --> ToRoman : MMMDCCLVII --> ToNumber : 3757
Iter : 3758 --> ToRoman : MMMDCCLVIII --> ToNumber : 3758
Iter : 3759 --> ToRoman : MMMDCCLIX --> ToNumber : 3759
Iter : 3760 --> ToRoman : MMMDCCLX --> ToNumber : 3760
Iter : 3761 --> ToRoman : MMMDCCLXI --> ToNumber : 3761
Iter : 3762 --> ToRoman : MMMDCCLXII --> ToNumber : 3762
Iter : 3763 --> ToRoman : MMMDCCLXIII --> ToNumber : 3763
Iter : 3764 --> ToRoman : MMMDCCLXIV --> ToNumber : 3764
Iter : 3765 --> ToRoman : MMMDCCLXV --> ToNumber : 3765
Iter : 3766 --> ToRoman : MMMDCCLXVI --> ToNumber : 3766
Iter : 3767 --> ToRoman : MMMDCCLXVII --> ToNumber : 3767
Iter : 3768 --> ToRoman : MMMDCCLXVIII --> ToNumber : 3768
Iter : 3769 --> ToRoman : MMMDCCLXIX --> ToNumber : 3769
Iter : 3770 --> ToRoman : MMMDCCLXX --> ToNumber : 3770
Iter : 3771 --> ToRoman : MMMDCCLXXI --> ToNumber : 3771
Iter : 3772 --> ToRoman : MMMDCCLXXII --> ToNumber : 3772
Iter : 3773 --> ToRoman : MMMDCCLXXIII --> ToNumber : 3773
Iter : 3774 --> ToRoman : MMMDCCLXXIV --> ToNumber : 3774
Iter : 3775 --> ToRoman : MMMDCCLXXV --> ToNumber : 3775
Iter : 3776 --> ToRoman : MMMDCCLXXVI --> ToNumber : 3776
Iter : 3777 --> ToRoman : MMMDCCLXXVII --> ToNumber : 3777
Iter : 3778 --> ToRoman : MMMDCCLXXVIII --> ToNumber : 3778
Iter : 3779 --> ToRoman : MMMDCCLXXIX --> ToNumber : 3779
Iter : 3780 --> ToRoman : MMMDCCLXXX --> ToNumber : 3780
Iter : 3781 --> ToRoman : MMMDCCLXXXI --> ToNumber : 3781
Iter : 3782 --> ToRoman : MMMDCCLXXXII --> ToNumber : 3782
Iter : 3783 --> ToRoman : MMMDCCLXXXIII --> ToNumber : 3783
Iter : 3784 --> ToRoman : MMMDCCLXXXIV --> ToNumber : 3784
Iter : 3785 --> ToRoman : MMMDCCLXXXV --> ToNumber : 3785
Iter : 3786 --> ToRoman : MMMDCCLXXXVI --> ToNumber : 3786
Iter : 3787 --> ToRoman : MMMDCCLXXXVII --> ToNumber : 3787
Iter : 3788 --> ToRoman : MMMDCCLXXXVIII --> ToNumber : 3788
Iter : 3789 --> ToRoman : MMMDCCLXXXIX --> ToNumber : 3789
Iter : 3790 --> ToRoman : MMMDCCXC --> ToNumber : 3790
Iter : 3791 --> ToRoman : MMMDCCXCI --> ToNumber : 3791
Iter : 3792 --> ToRoman : MMMDCCXCII --> ToNumber : 3792
Iter : 3793 --> ToRoman : MMMDCCXCIII --> ToNumber : 3793
Iter : 3794 --> ToRoman : MMMDCCXCIV --> ToNumber : 3794
Iter : 3795 --> ToRoman : MMMDCCXCV --> ToNumber : 3795
Iter : 3796 --> ToRoman : MMMDCCXCVI --> ToNumber : 3796
Iter : 3797 --> ToRoman : MMMDCCXCVII --> ToNumber : 3797
Iter : 3798 --> ToRoman : MMMDCCXCVIII --> ToNumber : 3798
Iter : 3799 --> ToRoman : MMMDCCXCIX --> ToNumber : 3799
Iter : 3800 --> ToRoman : MMMDCCC --> ToNumber : 3800
Iter : 3801 --> ToRoman : MMMDCCCI --> ToNumber : 3801
Iter : 3802 --> ToRoman : MMMDCCCII --> ToNumber : 3802
Iter : 3803 --> ToRoman : MMMDCCCIII --> ToNumber : 3803
Iter : 3804 --> ToRoman : MMMDCCCIV --> ToNumber : 3804
Iter : 3805 --> ToRoman : MMMDCCCV --> ToNumber : 3805
Iter : 3806 --> ToRoman : MMMDCCCVI --> ToNumber : 3806
Iter : 3807 --> ToRoman : MMMDCCCVII --> ToNumber : 3807
Iter : 3808 --> ToRoman : MMMDCCCVIII --> ToNumber : 3808
Iter : 3809 --> ToRoman : MMMDCCCIX --> ToNumber : 3809
Iter : 3810 --> ToRoman : MMMDCCCX --> ToNumber : 3810
Iter : 3811 --> ToRoman : MMMDCCCXI --> ToNumber : 3811
Iter : 3812 --> ToRoman : MMMDCCCXII --> ToNumber : 3812
Iter : 3813 --> ToRoman : MMMDCCCXIII --> ToNumber : 3813
Iter : 3814 --> ToRoman : MMMDCCCXIV --> ToNumber : 3814
Iter : 3815 --> ToRoman : MMMDCCCXV --> ToNumber : 3815
Iter : 3816 --> ToRoman : MMMDCCCXVI --> ToNumber : 3816
Iter : 3817 --> ToRoman : MMMDCCCXVII --> ToNumber : 3817
Iter : 3818 --> ToRoman : MMMDCCCXVIII --> ToNumber : 3818
Iter : 3819 --> ToRoman : MMMDCCCXIX --> ToNumber : 3819
Iter : 3820 --> ToRoman : MMMDCCCXX --> ToNumber : 3820
Iter : 3821 --> ToRoman : MMMDCCCXXI --> ToNumber : 3821
Iter : 3822 --> ToRoman : MMMDCCCXXII --> ToNumber : 3822
Iter : 3823 --> ToRoman : MMMDCCCXXIII --> ToNumber : 3823
Iter : 3824 --> ToRoman : MMMDCCCXXIV --> ToNumber : 3824
Iter : 3825 --> ToRoman : MMMDCCCXXV --> ToNumber : 3825
Iter : 3826 --> ToRoman : MMMDCCCXXVI --> ToNumber : 3826
Iter : 3827 --> ToRoman : MMMDCCCXXVII --> ToNumber : 3827
Iter : 3828 --> ToRoman : MMMDCCCXXVIII --> ToNumber : 3828
Iter : 3829 --> ToRoman : MMMDCCCXXIX --> ToNumber : 3829
Iter : 3830 --> ToRoman : MMMDCCCXXX --> ToNumber : 3830
Iter : 3831 --> ToRoman : MMMDCCCXXXI --> ToNumber : 3831
Iter : 3832 --> ToRoman : MMMDCCCXXXII --> ToNumber : 3832
Iter : 3833 --> ToRoman : MMMDCCCXXXIII --> ToNumber : 3833
Iter : 3834 --> ToRoman : MMMDCCCXXXIV --> ToNumber : 3834
Iter : 3835 --> ToRoman : MMMDCCCXXXV --> ToNumber : 3835
Iter : 3836 --> ToRoman : MMMDCCCXXXVI --> ToNumber : 3836
Iter : 3837 --> ToRoman : MMMDCCCXXXVII --> ToNumber : 3837
Iter : 3838 --> ToRoman : MMMDCCCXXXVIII --> ToNumber : 3838
Iter : 3839 --> ToRoman : MMMDCCCXXXIX --> ToNumber : 3839
Iter : 3840 --> ToRoman : MMMDCCCXL --> ToNumber : 3840
Iter : 3841 --> ToRoman : MMMDCCCXLI --> ToNumber : 3841
Iter : 3842 --> ToRoman : MMMDCCCXLII --> ToNumber : 3842
Iter : 3843 --> ToRoman : MMMDCCCXLIII --> ToNumber : 3843
Iter : 3844 --> ToRoman : MMMDCCCXLIV --> ToNumber : 3844
Iter : 3845 --> ToRoman : MMMDCCCXLV --> ToNumber : 3845
Iter : 3846 --> ToRoman : MMMDCCCXLVI --> ToNumber : 3846
Iter : 3847 --> ToRoman : MMMDCCCXLVII --> ToNumber : 3847
Iter : 3848 --> ToRoman : MMMDCCCXLVIII --> ToNumber : 3848
Iter : 3849 --> ToRoman : MMMDCCCXLIX --> ToNumber : 3849
Iter : 3850 --> ToRoman : MMMDCCCL --> ToNumber : 3850
Iter : 3851 --> ToRoman : MMMDCCCLI --> ToNumber : 3851
Iter : 3852 --> ToRoman : MMMDCCCLII --> ToNumber : 3852
Iter : 3853 --> ToRoman : MMMDCCCLIII --> ToNumber : 3853
Iter : 3854 --> ToRoman : MMMDCCCLIV --> ToNumber : 3854
Iter : 3855 --> ToRoman : MMMDCCCLV --> ToNumber : 3855
Iter : 3856 --> ToRoman : MMMDCCCLVI --> ToNumber : 3856
Iter : 3857 --> ToRoman : MMMDCCCLVII --> ToNumber : 3857
Iter : 3858 --> ToRoman : MMMDCCCLVIII --> ToNumber : 3858
Iter : 3859 --> ToRoman : MMMDCCCLIX --> ToNumber : 3859
Iter : 3860 --> ToRoman : MMMDCCCLX --> ToNumber : 3860
Iter : 3861 --> ToRoman : MMMDCCCLXI --> ToNumber : 3861
Iter : 3862 --> ToRoman : MMMDCCCLXII --> ToNumber : 3862
Iter : 3863 --> ToRoman : MMMDCCCLXIII --> ToNumber : 3863
Iter : 3864 --> ToRoman : MMMDCCCLXIV --> ToNumber : 3864
Iter : 3865 --> ToRoman : MMMDCCCLXV --> ToNumber : 3865
Iter : 3866 --> ToRoman : MMMDCCCLXVI --> ToNumber : 3866
Iter : 3867 --> ToRoman : MMMDCCCLXVII --> ToNumber : 3867
Iter : 3868 --> ToRoman : MMMDCCCLXVIII --> ToNumber : 3868
Iter : 3869 --> ToRoman : MMMDCCCLXIX --> ToNumber : 3869
Iter : 3870 --> ToRoman : MMMDCCCLXX --> ToNumber : 3870
Iter : 3871 --> ToRoman : MMMDCCCLXXI --> ToNumber : 3871
Iter : 3872 --> ToRoman : MMMDCCCLXXII --> ToNumber : 3872
Iter : 3873 --> ToRoman : MMMDCCCLXXIII --> ToNumber : 3873
Iter : 3874 --> ToRoman : MMMDCCCLXXIV --> ToNumber : 3874
Iter : 3875 --> ToRoman : MMMDCCCLXXV --> ToNumber : 3875
Iter : 3876 --> ToRoman : MMMDCCCLXXVI --> ToNumber : 3876
Iter : 3877 --> ToRoman : MMMDCCCLXXVII --> ToNumber : 3877
Iter : 3878 --> ToRoman : MMMDCCCLXXVIII --> ToNumber : 3878
Iter : 3879 --> ToRoman : MMMDCCCLXXIX --> ToNumber : 3879
Iter : 3880 --> ToRoman : MMMDCCCLXXX --> ToNumber : 3880
Iter : 3881 --> ToRoman : MMMDCCCLXXXI --> ToNumber : 3881
Iter : 3882 --> ToRoman : MMMDCCCLXXXII --> ToNumber : 3882
Iter : 3883 --> ToRoman : MMMDCCCLXXXIII --> ToNumber : 3883
Iter : 3884 --> ToRoman : MMMDCCCLXXXIV --> ToNumber : 3884
Iter : 3885 --> ToRoman : MMMDCCCLXXXV --> ToNumber : 3885
Iter : 3886 --> ToRoman : MMMDCCCLXXXVI --> ToNumber : 3886
Iter : 3887 --> ToRoman : MMMDCCCLXXXVII --> ToNumber : 3887
Iter : 3888 --> ToRoman : MMMDCCCLXXXVIII --> ToNumber : 3888
Iter : 3889 --> ToRoman : MMMDCCCLXXXIX --> ToNumber : 3889
Iter : 3890 --> ToRoman : MMMDCCCXC --> ToNumber : 3890
Iter : 3891 --> ToRoman : MMMDCCCXCI --> ToNumber : 3891
Iter : 3892 --> ToRoman : MMMDCCCXCII --> ToNumber : 3892
Iter : 3893 --> ToRoman : MMMDCCCXCIII --> ToNumber : 3893
Iter : 3894 --> ToRoman : MMMDCCCXCIV --> ToNumber : 3894
Iter : 3895 --> ToRoman : MMMDCCCXCV --> ToNumber : 3895
Iter : 3896 --> ToRoman : MMMDCCCXCVI --> ToNumber : 3896
Iter : 3897 --> ToRoman : MMMDCCCXCVII --> ToNumber : 3897
Iter : 3898 --> ToRoman : MMMDCCCXCVIII --> ToNumber : 3898
Iter : 3899 --> ToRoman : MMMDCCCXCIX --> ToNumber : 3899
Iter : 3900 --> ToRoman : MMMCM --> ToNumber : 3900
Iter : 3901 --> ToRoman : MMMCMI --> ToNumber : 3901
Iter : 3902 --> ToRoman : MMMCMII --> ToNumber : 3902
Iter : 3903 --> ToRoman : MMMCMIII --> ToNumber : 3903
Iter : 3904 --> ToRoman : MMMCMIV --> ToNumber : 3904
Iter : 3905 --> ToRoman : MMMCMV --> ToNumber : 3905
Iter : 3906 --> ToRoman : MMMCMVI --> ToNumber : 3906
Iter : 3907 --> ToRoman : MMMCMVII --> ToNumber : 3907
Iter : 3908 --> ToRoman : MMMCMVIII --> ToNumber : 3908
Iter : 3909 --> ToRoman : MMMCMIX --> ToNumber : 3909
Iter : 3910 --> ToRoman : MMMCMX --> ToNumber : 3910
Iter : 3911 --> ToRoman : MMMCMXI --> ToNumber : 3911
Iter : 3912 --> ToRoman : MMMCMXII --> ToNumber : 3912
Iter : 3913 --> ToRoman : MMMCMXIII --> ToNumber : 3913
Iter : 3914 --> ToRoman : MMMCMXIV --> ToNumber : 3914
Iter : 3915 --> ToRoman : MMMCMXV --> ToNumber : 3915
Iter : 3916 --> ToRoman : MMMCMXVI --> ToNumber : 3916
Iter : 3917 --> ToRoman : MMMCMXVII --> ToNumber : 3917
Iter : 3918 --> ToRoman : MMMCMXVIII --> ToNumber : 3918
Iter : 3919 --> ToRoman : MMMCMXIX --> ToNumber : 3919
Iter : 3920 --> ToRoman : MMMCMXX --> ToNumber : 3920
Iter : 3921 --> ToRoman : MMMCMXXI --> ToNumber : 3921
Iter : 3922 --> ToRoman : MMMCMXXII --> ToNumber : 3922
Iter : 3923 --> ToRoman : MMMCMXXIII --> ToNumber : 3923
Iter : 3924 --> ToRoman : MMMCMXXIV --> ToNumber : 3924
Iter : 3925 --> ToRoman : MMMCMXXV --> ToNumber : 3925
Iter : 3926 --> ToRoman : MMMCMXXVI --> ToNumber : 3926
Iter : 3927 --> ToRoman : MMMCMXXVII --> ToNumber : 3927
Iter : 3928 --> ToRoman : MMMCMXXVIII --> ToNumber : 3928
Iter : 3929 --> ToRoman : MMMCMXXIX --> ToNumber : 3929
Iter : 3930 --> ToRoman : MMMCMXXX --> ToNumber : 3930
Iter : 3931 --> ToRoman : MMMCMXXXI --> ToNumber : 3931
Iter : 3932 --> ToRoman : MMMCMXXXII --> ToNumber : 3932
Iter : 3933 --> ToRoman : MMMCMXXXIII --> ToNumber : 3933
Iter : 3934 --> ToRoman : MMMCMXXXIV --> ToNumber : 3934
Iter : 3935 --> ToRoman : MMMCMXXXV --> ToNumber : 3935
Iter : 3936 --> ToRoman : MMMCMXXXVI --> ToNumber : 3936
Iter : 3937 --> ToRoman : MMMCMXXXVII --> ToNumber : 3937
Iter : 3938 --> ToRoman : MMMCMXXXVIII --> ToNumber : 3938
Iter : 3939 --> ToRoman : MMMCMXXXIX --> ToNumber : 3939
Iter : 3940 --> ToRoman : MMMCMXL --> ToNumber : 3940
Iter : 3941 --> ToRoman : MMMCMXLI --> ToNumber : 3941
Iter : 3942 --> ToRoman : MMMCMXLII --> ToNumber : 3942
Iter : 3943 --> ToRoman : MMMCMXLIII --> ToNumber : 3943
Iter : 3944 --> ToRoman : MMMCMXLIV --> ToNumber : 3944
Iter : 3945 --> ToRoman : MMMCMXLV --> ToNumber : 3945
Iter : 3946 --> ToRoman : MMMCMXLVI --> ToNumber : 3946
Iter : 3947 --> ToRoman : MMMCMXLVII --> ToNumber : 3947
Iter : 3948 --> ToRoman : MMMCMXLVIII --> ToNumber : 3948
Iter : 3949 --> ToRoman : MMMCMXLIX --> ToNumber : 3949
Iter : 3950 --> ToRoman : MMMCML --> ToNumber : 3950
Iter : 3951 --> ToRoman : MMMCMLI --> ToNumber : 3951
Iter : 3952 --> ToRoman : MMMCMLII --> ToNumber : 3952
Iter : 3953 --> ToRoman : MMMCMLIII --> ToNumber : 3953
Iter : 3954 --> ToRoman : MMMCMLIV --> ToNumber : 3954
Iter : 3955 --> ToRoman : MMMCMLV --> ToNumber : 3955
Iter : 3956 --> ToRoman : MMMCMLVI --> ToNumber : 3956
Iter : 3957 --> ToRoman : MMMCMLVII --> ToNumber : 3957
Iter : 3958 --> ToRoman : MMMCMLVIII --> ToNumber : 3958
Iter : 3959 --> ToRoman : MMMCMLIX --> ToNumber : 3959
Iter : 3960 --> ToRoman : MMMCMLX --> ToNumber : 3960
Iter : 3961 --> ToRoman : MMMCMLXI --> ToNumber : 3961
Iter : 3962 --> ToRoman : MMMCMLXII --> ToNumber : 3962
Iter : 3963 --> ToRoman : MMMCMLXIII --> ToNumber : 3963
Iter : 3964 --> ToRoman : MMMCMLXIV --> ToNumber : 3964
Iter : 3965 --> ToRoman : MMMCMLXV --> ToNumber : 3965
Iter : 3966 --> ToRoman : MMMCMLXVI --> ToNumber : 3966
Iter : 3967 --> ToRoman : MMMCMLXVII --> ToNumber : 3967
Iter : 3968 --> ToRoman : MMMCMLXVIII --> ToNumber : 3968
Iter : 3969 --> ToRoman : MMMCMLXIX --> ToNumber : 3969
Iter : 3970 --> ToRoman : MMMCMLXX --> ToNumber : 3970
Iter : 3971 --> ToRoman : MMMCMLXXI --> ToNumber : 3971
Iter : 3972 --> ToRoman : MMMCMLXXII --> ToNumber : 3972
Iter : 3973 --> ToRoman : MMMCMLXXIII --> ToNumber : 3973
Iter : 3974 --> ToRoman : MMMCMLXXIV --> ToNumber : 3974
Iter : 3975 --> ToRoman : MMMCMLXXV --> ToNumber : 3975
Iter : 3976 --> ToRoman : MMMCMLXXVI --> ToNumber : 3976
Iter : 3977 --> ToRoman : MMMCMLXXVII --> ToNumber : 3977
Iter : 3978 --> ToRoman : MMMCMLXXVIII --> ToNumber : 3978
Iter : 3979 --> ToRoman : MMMCMLXXIX --> ToNumber : 3979
Iter : 3980 --> ToRoman : MMMCMLXXX --> ToNumber : 3980
Iter : 3981 --> ToRoman : MMMCMLXXXI --> ToNumber : 3981
Iter : 3982 --> ToRoman : MMMCMLXXXII --> ToNumber : 3982
Iter : 3983 --> ToRoman : MMMCMLXXXIII --> ToNumber : 3983
Iter : 3984 --> ToRoman : MMMCMLXXXIV --> ToNumber : 3984
Iter : 3985 --> ToRoman : MMMCMLXXXV --> ToNumber : 3985
Iter : 3986 --> ToRoman : MMMCMLXXXVI --> ToNumber : 3986
Iter : 3987 --> ToRoman : MMMCMLXXXVII --> ToNumber : 3987
Iter : 3988 --> ToRoman : MMMCMLXXXVIII --> ToNumber : 3988
Iter : 3989 --> ToRoman : MMMCMLXXXIX --> ToNumber : 3989
Iter : 3990 --> ToRoman : MMMCMXC --> ToNumber : 3990
Iter : 3991 --> ToRoman : MMMCMXCI --> ToNumber : 3991
Iter : 3992 --> ToRoman : MMMCMXCII --> ToNumber : 3992
Iter : 3993 --> ToRoman : MMMCMXCIII --> ToNumber : 3993
Iter : 3994 --> ToRoman : MMMCMXCIV --> ToNumber : 3994
Iter : 3995 --> ToRoman : MMMCMXCV --> ToNumber : 3995
Iter : 3996 --> ToRoman : MMMCMXCVI --> ToNumber : 3996
Iter : 3997 --> ToRoman : MMMCMXCVII --> ToNumber : 3997
Iter : 3998 --> ToRoman : MMMCMXCVIII --> ToNumber : 3998
Iter : 3999 --> ToRoman : MMMCMXCIX --> ToNumber : 3999
]]></system-out>
  <system-err><![CDATA[]]></system-err>
</testsuite>
